{"/Users/nacho/Decentraland/agent-server/src/agent.ts": {"path":"/Users/nacho/Decentraland/agent-server/src/agent.ts","statementMap":{"0":{"start":{"line":17,"column":18},"end":{"line":17,"column":57}},"1":{"start":{"line":18,"column":19},"end":{"line":18,"column":40}},"2":{"start":{"line":20,"column":18},"end":{"line":20,"column":34}},"3":{"start":{"line":42,"column":28},"end":{"line":42,"column":45}},"4":{"start":{"line":43,"column":30},"end":{"line":43,"column":68}},"5":{"start":{"line":44,"column":30},"end":{"line":44,"column":98}},"6":{"start":{"line":45,"column":38},"end":{"line":45,"column":51}},"7":{"start":{"line":53,"column":38},"end":{"line":53,"column":42}},"8":{"start":{"line":55,"column":52},"end":{"line":55,"column":56}},"9":{"start":{"line":56,"column":38},"end":{"line":56,"column":42}},"10":{"start":{"line":58,"column":17},"end":{"line":60,"column":34}},"11":{"start":{"line":63,"column":2},"end":{"line":65,"column":3}},"12":{"start":{"line":64,"column":4},"end":{"line":64,"column":50}},"13":{"start":{"line":66,"column":2},"end":{"line":68,"column":3}},"14":{"start":{"line":67,"column":4},"end":{"line":67,"column":59}},"15":{"start":{"line":69,"column":2},"end":{"line":71,"column":3}},"16":{"start":{"line":70,"column":4},"end":{"line":70,"column":46}},"17":{"start":{"line":72,"column":2},"end":{"line":74,"column":3}},"18":{"start":{"line":73,"column":4},"end":{"line":73,"column":57}},"19":{"start":{"line":75,"column":2},"end":{"line":77,"column":3}},"20":{"start":{"line":76,"column":4},"end":{"line":76,"column":57}},"21":{"start":{"line":79,"column":2},"end":{"line":79,"column":48}},"22":{"start":{"line":80,"column":2},"end":{"line":80,"column":40}},"23":{"start":{"line":82,"column":17},"end":{"line":82,"column":102}},"24":{"start":{"line":82,"column":90},"end":{"line":82,"column":94}},"25":{"start":{"line":84,"column":2},"end":{"line":100,"column":3}},"26":{"start":{"line":85,"column":4},"end":{"line":85,"column":56}},"27":{"start":{"line":86,"column":4},"end":{"line":86,"column":45}},"28":{"start":{"line":87,"column":4},"end":{"line":87,"column":30}},"29":{"start":{"line":88,"column":9},"end":{"line":100,"column":3}},"30":{"start":{"line":89,"column":4},"end":{"line":89,"column":53}},"31":{"start":{"line":90,"column":9},"end":{"line":100,"column":3}},"32":{"start":{"line":91,"column":4},"end":{"line":91,"column":83}},"33":{"start":{"line":92,"column":17},"end":{"line":94,"column":6}},"34":{"start":{"line":95,"column":4},"end":{"line":95,"column":43}},"35":{"start":{"line":97,"column":4},"end":{"line":99,"column":6}},"36":{"start":{"line":102,"column":2},"end":{"line":102,"column":45}},"37":{"start":{"line":106,"column":2},"end":{"line":106,"column":55}},"38":{"start":{"line":106,"column":48},"end":{"line":106,"column":55}},"39":{"start":{"line":108,"column":15},"end":{"line":108,"column":46}},"40":{"start":{"line":109,"column":2},"end":{"line":109,"column":40}},"41":{"start":{"line":109,"column":33},"end":{"line":109,"column":40}},"42":{"start":{"line":111,"column":2},"end":{"line":111,"column":26}},"43":{"start":{"line":112,"column":2},"end":{"line":114,"column":5}},"44":{"start":{"line":113,"column":4},"end":{"line":113,"column":64}},"45":{"start":{"line":115,"column":2},"end":{"line":115,"column":62}},"46":{"start":{"line":119,"column":2},"end":{"line":121,"column":3}},"47":{"start":{"line":120,"column":4},"end":{"line":120,"column":70}},"48":{"start":{"line":123,"column":72},"end":{"line":123,"column":79}},"49":{"start":{"line":124,"column":27},"end":{"line":124,"column":51}},"50":{"start":{"line":125,"column":25},"end":{"line":125,"column":50}},"51":{"start":{"line":127,"column":23},"end":{"line":130,"column":10}},"52":{"start":{"line":132,"column":24},"end":{"line":132,"column":54}},"53":{"start":{"line":133,"column":16},"end":{"line":133,"column":65}},"54":{"start":{"line":134,"column":2},"end":{"line":136,"column":3}},"55":{"start":{"line":135,"column":4},"end":{"line":135,"column":71}},"56":{"start":{"line":138,"column":14},"end":{"line":138,"column":27}},"57":{"start":{"line":139,"column":25},"end":{"line":146,"column":4}},"58":{"start":{"line":147,"column":2},"end":{"line":147,"column":32}},"59":{"start":{"line":149,"column":22},"end":{"line":158,"column":4}},"60":{"start":{"line":160,"column":2},"end":{"line":190,"column":3}},"61":{"start":{"line":161,"column":19},"end":{"line":161,"column":81}},"62":{"start":{"line":163,"column":4},"end":{"line":165,"column":5}},"63":{"start":{"line":164,"column":6},"end":{"line":164,"column":45}},"64":{"start":{"line":167,"column":4},"end":{"line":167,"column":45}},"65":{"start":{"line":168,"column":4},"end":{"line":168,"column":57}},"66":{"start":{"line":169,"column":4},"end":{"line":169,"column":52}},"67":{"start":{"line":170,"column":4},"end":{"line":170,"column":33}},"68":{"start":{"line":172,"column":25},"end":{"line":172,"column":48}},"69":{"start":{"line":173,"column":4},"end":{"line":173,"column":62}},"70":{"start":{"line":174,"column":4},"end":{"line":180,"column":5}},"71":{"start":{"line":175,"column":22},"end":{"line":175,"column":90}},"72":{"start":{"line":176,"column":20},"end":{"line":178,"column":12}},"73":{"start":{"line":179,"column":6},"end":{"line":179,"column":75}},"74":{"start":{"line":182,"column":29},"end":{"line":182,"column":59}},"75":{"start":{"line":183,"column":4},"end":{"line":183,"column":72}},"76":{"start":{"line":185,"column":17},"end":{"line":185,"column":53}},"77":{"start":{"line":186,"column":4},"end":{"line":186,"column":55}},"78":{"start":{"line":187,"column":4},"end":{"line":187,"column":34}},"79":{"start":{"line":189,"column":4},"end":{"line":189,"column":22}},"80":{"start":{"line":194,"column":2},"end":{"line":201,"column":5}},"81":{"start":{"line":195,"column":4},"end":{"line":200,"column":5}},"82":{"start":{"line":199,"column":6},"end":{"line":199,"column":61}},"83":{"start":{"line":205,"column":13},"end":{"line":205,"column":14}},"84":{"start":{"line":206,"column":15},"end":{"line":206,"column":16}},"85":{"start":{"line":208,"column":2},"end":{"line":213,"column":3}},"86":{"start":{"line":209,"column":4},"end":{"line":212,"column":5}},"87":{"start":{"line":210,"column":6},"end":{"line":210,"column":41}},"88":{"start":{"line":211,"column":6},"end":{"line":211,"column":43}},"89":{"start":{"line":215,"column":2},"end":{"line":215,"column":26}}},"fnMap":{"0":{"name":"initAgent","decl":{"start":{"line":62,"column":22},"end":{"line":62,"column":31}},"loc":{"start":{"line":62,"column":51},"end":{"line":103,"column":1}}},"1":{"name":"(anonymous_1)","decl":{"start":{"line":82,"column":84},"end":{"line":82,"column":87}},"loc":{"start":{"line":82,"column":90},"end":{"line":82,"column":94}}},"2":{"name":"syncAuth","decl":{"start":{"line":105,"column":22},"end":{"line":105,"column":30}},"loc":{"start":{"line":105,"column":30},"end":{"line":116,"column":1}}},"3":{"name":"(anonymous_3)","decl":{"start":{"line":112,"column":50},"end":{"line":112,"column":51}},"loc":{"start":{"line":112,"column":67},"end":{"line":114,"column":3}}},"4":{"name":"runAgent","decl":{"start":{"line":118,"column":22},"end":{"line":118,"column":30}},"loc":{"start":{"line":118,"column":50},"end":{"line":191,"column":1}}},"5":{"name":"subscribeToTextDeltas","decl":{"start":{"line":193,"column":9},"end":{"line":193,"column":30}},"loc":{"start":{"line":193,"column":65},"end":{"line":202,"column":1}}},"6":{"name":"(anonymous_6)","decl":{"start":{"line":194,"column":20},"end":{"line":194,"column":21}},"loc":{"start":{"line":194,"column":35},"end":{"line":201,"column":3}}},"7":{"name":"computeUsage","decl":{"start":{"line":204,"column":9},"end":{"line":204,"column":21}},"loc":{"start":{"line":204,"column":37},"end":{"line":216,"column":1}}}},"branchMap":{"0":{"loc":{"start":{"line":58,"column":17},"end":{"line":60,"column":34}},"type":"cond-expr","locations":[{"start":{"line":59,"column":4},"end":{"line":59,"column":22}},{"start":{"line":60,"column":4},"end":{"line":60,"column":34}}]},"1":{"loc":{"start":{"line":58,"column":17},"end":{"line":58,"column":77}},"type":"binary-expr","locations":[{"start":{"line":58,"column":17},"end":{"line":58,"column":54}},{"start":{"line":58,"column":58},"end":{"line":58,"column":77}}]},"2":{"loc":{"start":{"line":63,"column":2},"end":{"line":65,"column":3}},"type":"if","locations":[{"start":{"line":63,"column":2},"end":{"line":65,"column":3}}]},"3":{"loc":{"start":{"line":66,"column":2},"end":{"line":68,"column":3}},"type":"if","locations":[{"start":{"line":66,"column":2},"end":{"line":68,"column":3}}]},"4":{"loc":{"start":{"line":69,"column":2},"end":{"line":71,"column":3}},"type":"if","locations":[{"start":{"line":69,"column":2},"end":{"line":71,"column":3}}]},"5":{"loc":{"start":{"line":72,"column":2},"end":{"line":74,"column":3}},"type":"if","locations":[{"start":{"line":72,"column":2},"end":{"line":74,"column":3}}]},"6":{"loc":{"start":{"line":75,"column":2},"end":{"line":77,"column":3}},"type":"if","locations":[{"start":{"line":75,"column":2},"end":{"line":77,"column":3}}]},"7":{"loc":{"start":{"line":79,"column":12},"end":{"line":79,"column":47}},"type":"binary-expr","locations":[{"start":{"line":79,"column":12},"end":{"line":79,"column":24}},{"start":{"line":79,"column":28},"end":{"line":79,"column":47}}]},"8":{"loc":{"start":{"line":80,"column":19},"end":{"line":80,"column":39}},"type":"binary-expr","locations":[{"start":{"line":80,"column":19},"end":{"line":80,"column":31}},{"start":{"line":80,"column":35},"end":{"line":80,"column":39}}]},"9":{"loc":{"start":{"line":82,"column":17},"end":{"line":82,"column":102}},"type":"cond-expr","locations":[{"start":{"line":82,"column":34},"end":{"line":82,"column":95}},{"start":{"line":82,"column":98},"end":{"line":82,"column":102}}]},"10":{"loc":{"start":{"line":84,"column":2},"end":{"line":100,"column":3}},"type":"if","locations":[{"start":{"line":84,"column":2},"end":{"line":100,"column":3}},{"start":{"line":88,"column":9},"end":{"line":100,"column":3}}]},"11":{"loc":{"start":{"line":88,"column":9},"end":{"line":100,"column":3}},"type":"if","locations":[{"start":{"line":88,"column":9},"end":{"line":100,"column":3}},{"start":{"line":90,"column":9},"end":{"line":100,"column":3}}]},"12":{"loc":{"start":{"line":90,"column":9},"end":{"line":100,"column":3}},"type":"if","locations":[{"start":{"line":90,"column":9},"end":{"line":100,"column":3}},{"start":{"line":96,"column":9},"end":{"line":100,"column":3}}]},"13":{"loc":{"start":{"line":106,"column":2},"end":{"line":106,"column":55}},"type":"if","locations":[{"start":{"line":106,"column":2},"end":{"line":106,"column":55}}]},"14":{"loc":{"start":{"line":106,"column":6},"end":{"line":106,"column":46}},"type":"binary-expr","locations":[{"start":{"line":106,"column":6},"end":{"line":106,"column":21}},{"start":{"line":106,"column":25},"end":{"line":106,"column":46}}]},"15":{"loc":{"start":{"line":109,"column":2},"end":{"line":109,"column":40}},"type":"if","locations":[{"start":{"line":109,"column":2},"end":{"line":109,"column":40}}]},"16":{"loc":{"start":{"line":119,"column":2},"end":{"line":121,"column":3}},"type":"if","locations":[{"start":{"line":119,"column":2},"end":{"line":121,"column":3}}]},"17":{"loc":{"start":{"line":124,"column":27},"end":{"line":124,"column":51}},"type":"binary-expr","locations":[{"start":{"line":124,"column":27},"end":{"line":124,"column":40}},{"start":{"line":124,"column":44},"end":{"line":124,"column":51}}]},"18":{"loc":{"start":{"line":134,"column":2},"end":{"line":136,"column":3}},"type":"if","locations":[{"start":{"line":134,"column":2},"end":{"line":136,"column":3}}]},"19":{"loc":{"start":{"line":163,"column":4},"end":{"line":165,"column":5}},"type":"if","locations":[{"start":{"line":163,"column":4},"end":{"line":165,"column":5}}]},"20":{"loc":{"start":{"line":175,"column":22},"end":{"line":175,"column":90}},"type":"cond-expr","locations":[{"start":{"line":175,"column":41},"end":{"line":175,"column":82}},{"start":{"line":175,"column":85},"end":{"line":175,"column":90}}]},"21":{"loc":{"start":{"line":176,"column":20},"end":{"line":178,"column":12}},"type":"cond-expr","locations":[{"start":{"line":177,"column":10},"end":{"line":177,"column":95}},{"start":{"line":178,"column":10},"end":{"line":178,"column":12}}]},"22":{"loc":{"start":{"line":177,"column":59},"end":{"line":177,"column":93}},"type":"binary-expr","locations":[{"start":{"line":177,"column":59},"end":{"line":177,"column":83}},{"start":{"line":177,"column":87},"end":{"line":177,"column":93}}]},"23":{"loc":{"start":{"line":185,"column":17},"end":{"line":185,"column":53}},"type":"binary-expr","locations":[{"start":{"line":185,"column":17},"end":{"line":185,"column":47}},{"start":{"line":185,"column":51},"end":{"line":185,"column":53}}]},"24":{"loc":{"start":{"line":195,"column":4},"end":{"line":200,"column":5}},"type":"if","locations":[{"start":{"line":195,"column":4},"end":{"line":200,"column":5}}]},"25":{"loc":{"start":{"line":196,"column":6},"end":{"line":197,"column":56}},"type":"binary-expr","locations":[{"start":{"line":196,"column":6},"end":{"line":196,"column":37}},{"start":{"line":197,"column":6},"end":{"line":197,"column":56}}]},"26":{"loc":{"start":{"line":209,"column":4},"end":{"line":212,"column":5}},"type":"if","locations":[{"start":{"line":209,"column":4},"end":{"line":212,"column":5}}]},"27":{"loc":{"start":{"line":209,"column":8},"end":{"line":209,"column":45}},"type":"binary-expr","locations":[{"start":{"line":209,"column":8},"end":{"line":209,"column":32}},{"start":{"line":209,"column":36},"end":{"line":209,"column":45}}]},"28":{"loc":{"start":{"line":210,"column":14},"end":{"line":210,"column":40}},"type":"binary-expr","locations":[{"start":{"line":210,"column":14},"end":{"line":210,"column":35}},{"start":{"line":210,"column":39},"end":{"line":210,"column":40}}]},"29":{"loc":{"start":{"line":211,"column":16},"end":{"line":211,"column":42}},"type":"binary-expr","locations":[{"start":{"line":211,"column":16},"end":{"line":211,"column":37}},{"start":{"line":211,"column":41},"end":{"line":211,"column":42}}]}},"s":{"0":2,"1":2,"2":2,"3":2,"4":2,"5":2,"6":2,"7":2,"8":2,"9":2,"10":2,"11":0,"12":0,"13":0,"14":0,"15":0,"16":0,"17":0,"18":0,"19":0,"20":0,"21":0,"22":0,"23":0,"24":0,"25":0,"26":0,"27":0,"28":0,"29":0,"30":0,"31":0,"32":0,"33":0,"34":0,"35":0,"36":0,"37":0,"38":0,"39":0,"40":0,"41":0,"42":0,"43":0,"44":0,"45":0,"46":0,"47":0,"48":0,"49":0,"50":0,"51":0,"52":0,"53":0,"54":0,"55":0,"56":0,"57":0,"58":0,"59":0,"60":0,"61":0,"62":0,"63":0,"64":0,"65":0,"66":0,"67":0,"68":0,"69":0,"70":0,"71":0,"72":0,"73":0,"74":0,"75":0,"76":0,"77":0,"78":0,"79":0,"80":0,"81":0,"82":0,"83":0,"84":0,"85":0,"86":0,"87":0,"88":0,"89":0},"f":{"0":0,"1":0,"2":0,"3":0,"4":0,"5":0,"6":0,"7":0},"b":{"0":[0,2],"1":[2,0],"2":[0],"3":[0],"4":[0],"5":[0],"6":[0],"7":[0,0],"8":[0,0],"9":[0,0],"10":[0,0],"11":[0,0],"12":[0,0],"13":[0],"14":[0,0],"15":[0],"16":[0],"17":[0,0],"18":[0],"19":[0],"20":[0,0],"21":[0,0],"22":[0,0],"23":[0,0],"24":[0],"25":[0,0],"26":[0],"27":[0,0],"28":[0,0],"29":[0,0]}}
,"/Users/nacho/Decentraland/agent-server/src/cli.ts": {"path":"/Users/nacho/Decentraland/agent-server/src/cli.ts","statementMap":{"0":{"start":{"line":6,"column":15},"end":{"line":6,"column":49}},"1":{"start":{"line":7,"column":23},"end":{"line":7,"column":77}},"2":{"start":{"line":7,"column":59},"end":{"line":7,"column":76}},"3":{"start":{"line":10,"column":17},"end":{"line":10,"column":35}},"4":{"start":{"line":11,"column":2},"end":{"line":11,"column":68}},"5":{"start":{"line":11,"column":39},"end":{"line":11,"column":66}},"6":{"start":{"line":12,"column":2},"end":{"line":12,"column":16}},"7":{"start":{"line":16,"column":19},"end":{"line":16,"column":87}},"8":{"start":{"line":17,"column":2},"end":{"line":17,"column":45}},"9":{"start":{"line":21,"column":2},"end":{"line":25,"column":5}},"10":{"start":{"line":27,"column":2},"end":{"line":74,"column":3}},"11":{"start":{"line":29,"column":26},"end":{"line":29,"column":50}},"12":{"start":{"line":30,"column":4},"end":{"line":30,"column":81}},"13":{"start":{"line":30,"column":16},"end":{"line":30,"column":81}},"14":{"start":{"line":32,"column":4},"end":{"line":38,"column":5}},"15":{"start":{"line":33,"column":6},"end":{"line":33,"column":116}},"16":{"start":{"line":34,"column":6},"end":{"line":34,"column":20}},"17":{"start":{"line":36,"column":6},"end":{"line":36,"column":72}},"18":{"start":{"line":37,"column":6},"end":{"line":37,"column":22}},"19":{"start":{"line":41,"column":4},"end":{"line":41,"column":33}},"20":{"start":{"line":42,"column":4},"end":{"line":42,"column":81}},"21":{"start":{"line":42,"column":16},"end":{"line":42,"column":81}},"22":{"start":{"line":43,"column":4},"end":{"line":43,"column":77}},"23":{"start":{"line":45,"column":15},"end":{"line":45,"column":80}},"24":{"start":{"line":46,"column":28},"end":{"line":46,"column":30}},"25":{"start":{"line":48,"column":4},"end":{"line":56,"column":7}},"26":{"start":{"line":49,"column":6},"end":{"line":55,"column":7}},"27":{"start":{"line":50,"column":30},"end":{"line":50,"column":46}},"28":{"start":{"line":51,"column":8},"end":{"line":51,"column":25}},"29":{"start":{"line":52,"column":8},"end":{"line":52,"column":35}},"30":{"start":{"line":54,"column":8},"end":{"line":54,"column":25}},"31":{"start":{"line":58,"column":4},"end":{"line":58,"column":42}},"32":{"start":{"line":58,"column":25},"end":{"line":58,"column":40}},"33":{"start":{"line":60,"column":24},"end":{"line":73,"column":5}},"34":{"start":{"line":61,"column":6},"end":{"line":61,"column":17}},"35":{"start":{"line":62,"column":6},"end":{"line":62,"column":47}},"36":{"start":{"line":64,"column":6},"end":{"line":69,"column":7}},"37":{"start":{"line":65,"column":8},"end":{"line":65,"column":118}},"38":{"start":{"line":66,"column":8},"end":{"line":66,"column":42}},"39":{"start":{"line":68,"column":8},"end":{"line":68,"column":74}},"40":{"start":{"line":71,"column":6},"end":{"line":71,"column":72}},"41":{"start":{"line":72,"column":6},"end":{"line":72,"column":18}},"42":{"start":{"line":77,"column":0},"end":{"line":80,"column":3}},"43":{"start":{"line":78,"column":2},"end":{"line":78,"column":68}},"44":{"start":{"line":79,"column":2},"end":{"line":79,"column":18}}},"fnMap":{"0":{"name":"(anonymous_0)","decl":{"start":{"line":7,"column":52},"end":{"line":7,"column":53}},"loc":{"start":{"line":7,"column":59},"end":{"line":7,"column":76}}},"1":{"name":"streamingEvents","decl":{"start":{"line":9,"column":9},"end":{"line":9,"column":24}},"loc":{"start":{"line":9,"column":24},"end":{"line":13,"column":1}}},"2":{"name":"(anonymous_2)","decl":{"start":{"line":11,"column":20},"end":{"line":11,"column":21}},"loc":{"start":{"line":11,"column":39},"end":{"line":11,"column":66}}},"3":{"name":"detectReviewModel","decl":{"start":{"line":15,"column":9},"end":{"line":15,"column":26}},"loc":{"start":{"line":15,"column":42},"end":{"line":18,"column":1}}},"4":{"name":"main","decl":{"start":{"line":20,"column":15},"end":{"line":20,"column":19}},"loc":{"start":{"line":20,"column":19},"end":{"line":75,"column":1}}},"5":{"name":"(anonymous_5)","decl":{"start":{"line":48,"column":18},"end":{"line":48,"column":19}},"loc":{"start":{"line":48,"column":27},"end":{"line":56,"column":5}}},"6":{"name":"(anonymous_6)","decl":{"start":{"line":58,"column":19},"end":{"line":58,"column":22}},"loc":{"start":{"line":58,"column":25},"end":{"line":58,"column":40}}},"7":{"name":"(anonymous_7)","decl":{"start":{"line":60,"column":24},"end":{"line":60,"column":29}},"loc":{"start":{"line":60,"column":56},"end":{"line":73,"column":5}}},"8":{"name":"(anonymous_8)","decl":{"start":{"line":77,"column":13},"end":{"line":77,"column":14}},"loc":{"start":{"line":77,"column":21},"end":{"line":80,"column":1}}}},"branchMap":{"0":{"loc":{"start":{"line":16,"column":19},"end":{"line":16,"column":87}},"type":"binary-expr","locations":[{"start":{"line":16,"column":19},"end":{"line":16,"column":47}},{"start":{"line":16,"column":51},"end":{"line":16,"column":87}}]},"1":{"loc":{"start":{"line":17,"column":9},"end":{"line":17,"column":44}},"type":"cond-expr","locations":[{"start":{"line":17,"column":20},"end":{"line":17,"column":32}},{"start":{"line":17,"column":35},"end":{"line":17,"column":44}}]},"2":{"loc":{"start":{"line":27,"column":2},"end":{"line":74,"column":3}},"type":"if","locations":[{"start":{"line":27,"column":2},"end":{"line":74,"column":3}},{"start":{"line":39,"column":9},"end":{"line":74,"column":3}}]},"3":{"loc":{"start":{"line":30,"column":4},"end":{"line":30,"column":81}},"type":"if","locations":[{"start":{"line":30,"column":4},"end":{"line":30,"column":81}}]},"4":{"loc":{"start":{"line":36,"column":30},"end":{"line":36,"column":70}},"type":"cond-expr","locations":[{"start":{"line":36,"column":53},"end":{"line":36,"column":64}},{"start":{"line":36,"column":67},"end":{"line":36,"column":70}}]},"5":{"loc":{"start":{"line":42,"column":4},"end":{"line":42,"column":81}},"type":"if","locations":[{"start":{"line":42,"column":4},"end":{"line":42,"column":81}}]},"6":{"loc":{"start":{"line":49,"column":6},"end":{"line":55,"column":7}},"type":"if","locations":[{"start":{"line":49,"column":6},"end":{"line":55,"column":7}},{"start":{"line":53,"column":13},"end":{"line":55,"column":7}}]},"7":{"loc":{"start":{"line":49,"column":10},"end":{"line":49,"column":41}},"type":"binary-expr","locations":[{"start":{"line":49,"column":10},"end":{"line":49,"column":21}},{"start":{"line":49,"column":25},"end":{"line":49,"column":41}}]},"8":{"loc":{"start":{"line":68,"column":32},"end":{"line":68,"column":72}},"type":"cond-expr","locations":[{"start":{"line":68,"column":55},"end":{"line":68,"column":66}},{"start":{"line":68,"column":69},"end":{"line":68,"column":72}}]},"9":{"loc":{"start":{"line":78,"column":26},"end":{"line":78,"column":66}},"type":"cond-expr","locations":[{"start":{"line":78,"column":49},"end":{"line":78,"column":60}},{"start":{"line":78,"column":63},"end":{"line":78,"column":66}}]}},"s":{"0":0,"1":0,"2":0,"3":0,"4":0,"5":0,"6":0,"7":0,"8":0,"9":0,"10":0,"11":0,"12":0,"13":0,"14":0,"15":0,"16":0,"17":0,"18":0,"19":0,"20":0,"21":0,"22":0,"23":0,"24":0,"25":0,"26":0,"27":0,"28":0,"29":0,"30":0,"31":0,"32":0,"33":0,"34":0,"35":0,"36":0,"37":0,"38":0,"39":0,"40":0,"41":0,"42":0,"43":0,"44":0},"f":{"0":0,"1":0,"2":0,"3":0,"4":0,"5":0,"6":0,"7":0,"8":0},"b":{"0":[0,0],"1":[0,0],"2":[0,0],"3":[0],"4":[0,0],"5":[0],"6":[0,0],"7":[0,0],"8":[0,0],"9":[0,0]}}
,"/Users/nacho/Decentraland/agent-server/src/components.ts": {"path":"/Users/nacho/Decentraland/agent-server/src/components.ts","statementMap":{"0":{"start":{"line":15,"column":17},"end":{"line":15,"column":86}},"1":{"start":{"line":16,"column":18},"end":{"line":16,"column":78}},"2":{"start":{"line":17,"column":15},"end":{"line":17,"column":52}},"3":{"start":{"line":19,"column":17},"end":{"line":19,"column":81}},"4":{"start":{"line":21,"column":23},"end":{"line":21,"column":75}},"5":{"start":{"line":22,"column":18},"end":{"line":22,"column":40}},"6":{"start":{"line":24,"column":20},"end":{"line":24,"column":56}},"7":{"start":{"line":25,"column":16},"end":{"line":25,"column":87}},"8":{"start":{"line":27,"column":2},"end":{"line":27,"column":null}},"9":{"start":{"line":29,"column":2},"end":{"line":37,"column":null}}},"fnMap":{"0":{"name":"initComponents","decl":{"start":{"line":14,"column":22},"end":{"line":14,"column":36}},"loc":{"start":{"line":14,"column":36},"end":{"line":38,"column":1}}}},"branchMap":{"0":{"loc":{"start":{"line":25,"column":16},"end":{"line":25,"column":87}},"type":"cond-expr","locations":[{"start":{"line":25,"column":28},"end":{"line":25,"column":75}},{"start":{"line":25,"column":78},"end":{"line":25,"column":87}}]},"1":{"loc":{"start":{"line":36,"column":8},"end":{"line":36,"column":30}},"type":"cond-expr","locations":[{"start":{"line":36,"column":16},"end":{"line":36,"column":25}},{"start":{"line":36,"column":28},"end":{"line":36,"column":30}}]}},"s":{"0":1,"1":1,"2":1,"3":1,"4":1,"5":1,"6":1,"7":1,"8":1,"9":1},"f":{"0":1},"b":{"0":[0,1],"1":[0,1]}}
,"/Users/nacho/Decentraland/agent-server/src/concurrency.ts": {"path":"/Users/nacho/Decentraland/agent-server/src/concurrency.ts","statementMap":{"0":{"start":{"line":2,"column":19},"end":{"line":2,"column":64}},"1":{"start":{"line":5,"column":18},"end":{"line":5,"column":41}},"2":{"start":{"line":6,"column":21},"end":{"line":6,"column":49}},"3":{"start":{"line":9,"column":17},"end":{"line":9,"column":60}},"4":{"start":{"line":9,"column":45},"end":{"line":9,"column":58}},"5":{"start":{"line":10,"column":20},"end":{"line":10,"column":80}},"6":{"start":{"line":10,"column":34},"end":{"line":10,"column":78}},"7":{"start":{"line":10,"column":40},"end":{"line":10,"column":53}},"8":{"start":{"line":10,"column":66},"end":{"line":10,"column":76}},"9":{"start":{"line":12,"column":4},"end":{"line":17,"column":5}},"10":{"start":{"line":13,"column":6},"end":{"line":13,"column":34}},"11":{"start":{"line":14,"column":6},"end":{"line":14,"column":39}},"12":{"start":{"line":16,"column":6},"end":{"line":16,"column":26}},"13":{"start":{"line":19,"column":4},"end":{"line":19,"column":30}},"14":{"start":{"line":23,"column":4},"end":{"line":23,"column":18}},"15":{"start":{"line":24,"column":18},"end":{"line":24,"column":42}},"16":{"start":{"line":25,"column":4},"end":{"line":27,"column":5}},"17":{"start":{"line":26,"column":6},"end":{"line":26,"column":29}},"18":{"start":{"line":28,"column":4},"end":{"line":28,"column":31}},"19":{"start":{"line":37,"column":26},"end":{"line":37,"column":43}},"20":{"start":{"line":38,"column":20},"end":{"line":38,"column":21}},"21":{"start":{"line":39,"column":41},"end":{"line":39,"column":43}},"22":{"start":{"line":43,"column":4},"end":{"line":43,"column":39}},"23":{"start":{"line":47,"column":4},"end":{"line":49,"column":5}},"24":{"start":{"line":48,"column":6},"end":{"line":48,"column":27}},"25":{"start":{"line":51,"column":19},"end":{"line":51,"column":53}},"26":{"start":{"line":52,"column":4},"end":{"line":52,"column":37}},"27":{"start":{"line":53,"column":17},"end":{"line":53,"column":45}},"28":{"start":{"line":55,"column":4},"end":{"line":55,"column":48}},"29":{"start":{"line":59,"column":4},"end":{"line":61,"column":5}},"30":{"start":{"line":60,"column":6},"end":{"line":60,"column":73}},"31":{"start":{"line":60,"column":43},"end":{"line":60,"column":71}},"32":{"start":{"line":63,"column":4},"end":{"line":63,"column":19}},"33":{"start":{"line":64,"column":4},"end":{"line":70,"column":5}},"34":{"start":{"line":65,"column":6},"end":{"line":65,"column":19}},"35":{"start":{"line":67,"column":6},"end":{"line":67,"column":21}},"36":{"start":{"line":68,"column":6},"end":{"line":68,"column":42}},"37":{"start":{"line":69,"column":6},"end":{"line":69,"column":33}}},"fnMap":{"0":{"name":"(anonymous_0)","decl":{"start":{"line":4,"column":2},"end":{"line":4,"column":8}},"loc":{"start":{"line":4,"column":50},"end":{"line":20,"column":3}}},"1":{"name":"(anonymous_1)","decl":{"start":{"line":9,"column":35},"end":{"line":9,"column":36}},"loc":{"start":{"line":9,"column":45},"end":{"line":9,"column":58}}},"2":{"name":"(anonymous_2)","decl":{"start":{"line":10,"column":20},"end":{"line":10,"column":25}},"loc":{"start":{"line":10,"column":31},"end":{"line":10,"column":80}}},"3":{"name":"(anonymous_3)","decl":{"start":{"line":22,"column":10},"end":{"line":22,"column":15}},"loc":{"start":{"line":22,"column":64},"end":{"line":29,"column":3}}},"4":{"name":"(anonymous_4)","decl":{"start":{"line":42,"column":2},"end":{"line":42,"column":14}},"loc":{"start":{"line":42,"column":31},"end":{"line":44,"column":3}}},"5":{"name":"(anonymous_5)","decl":{"start":{"line":46,"column":2},"end":{"line":46,"column":8}},"loc":{"start":{"line":46,"column":52},"end":{"line":56,"column":3}}},"6":{"name":"(anonymous_6)","decl":{"start":{"line":58,"column":10},"end":{"line":58,"column":15}},"loc":{"start":{"line":58,"column":67},"end":{"line":71,"column":3}}},"7":{"name":"(anonymous_7)","decl":{"start":{"line":60,"column":30},"end":{"line":60,"column":31}},"loc":{"start":{"line":60,"column":43},"end":{"line":60,"column":71}}}},"branchMap":{"0":{"loc":{"start":{"line":6,"column":21},"end":{"line":6,"column":49}},"type":"cond-expr","locations":[{"start":{"line":6,"column":29},"end":{"line":6,"column":45}},{"start":{"line":6,"column":48},"end":{"line":6,"column":49}}]},"1":{"loc":{"start":{"line":12,"column":4},"end":{"line":17,"column":5}},"type":"if","locations":[{"start":{"line":12,"column":4},"end":{"line":17,"column":5}},{"start":{"line":15,"column":11},"end":{"line":17,"column":5}}]},"2":{"loc":{"start":{"line":42,"column":14},"end":{"line":42,"column":31}},"type":"default-arg","locations":[{"start":{"line":42,"column":30},"end":{"line":42,"column":31}}]},"3":{"loc":{"start":{"line":47,"column":4},"end":{"line":49,"column":5}},"type":"if","locations":[{"start":{"line":47,"column":4},"end":{"line":49,"column":5}}]},"4":{"loc":{"start":{"line":59,"column":4},"end":{"line":61,"column":5}},"type":"if","locations":[{"start":{"line":59,"column":4},"end":{"line":61,"column":5}}]}},"s":{"0":0,"1":0,"2":0,"3":0,"4":0,"5":0,"6":0,"7":0,"8":0,"9":0,"10":0,"11":0,"12":0,"13":0,"14":0,"15":0,"16":0,"17":0,"18":0,"19":7,"20":7,"21":7,"22":7,"23":13,"24":1,"25":12,"26":12,"27":12,"28":12,"29":12,"30":3,"31":3,"32":12,"33":12,"34":12,"35":11,"36":11,"37":11},"f":{"0":0,"1":0,"2":0,"3":0,"4":7,"5":13,"6":12,"7":3},"b":{"0":[0,0],"1":[0,0],"2":[5],"3":[1],"4":[3]}}
,"/Users/nacho/Decentraland/agent-server/src/index.ts": {"path":"/Users/nacho/Decentraland/agent-server/src/index.ts","statementMap":{"0":{"start":{"line":5,"column":0},"end":{"line":5,"column":null}}},"fnMap":{},"branchMap":{},"s":{"0":0},"f":{},"b":{}}
,"/Users/nacho/Decentraland/agent-server/src/memory.ts": {"path":"/Users/nacho/Decentraland/agent-server/src/memory.ts","statementMap":{"0":{"start":{"line":3,"column":27},"end":{"line":3,"column":53}},"1":{"start":{"line":4,"column":20},"end":{"line":4,"column":33}},"2":{"start":{"line":6,"column":32},"end":{"line":6,"column":37}},"3":{"start":{"line":7,"column":31},"end":{"line":7,"column":37}},"4":{"start":{"line":8,"column":31},"end":{"line":8,"column":37}},"5":{"start":{"line":18,"column":41},"end":{"line":18,"column":45}},"6":{"start":{"line":19,"column":20},"end":{"line":19,"column":25}},"7":{"start":{"line":21,"column":32},"end":{"line":21,"column":36}},"8":{"start":{"line":24,"column":2},"end":{"line":26,"column":3}},"9":{"start":{"line":25,"column":4},"end":{"line":25,"column":null}},"10":{"start":{"line":27,"column":2},"end":{"line":27,"column":null}},"11":{"start":{"line":31,"column":2},"end":{"line":37,"column":3}},"12":{"start":{"line":32,"column":16},"end":{"line":32,"column":96}},"13":{"start":{"line":33,"column":4},"end":{"line":33,"column":null}},"14":{"start":{"line":35,"column":4},"end":{"line":35,"column":null}},"15":{"start":{"line":35,"column":75},"end":{"line":35,"column":null}},"16":{"start":{"line":36,"column":4},"end":{"line":36,"column":null}},"17":{"start":{"line":41,"column":2},"end":{"line":43,"column":null}},"18":{"start":{"line":47,"column":2},"end":{"line":47,"column":null}},"19":{"start":{"line":51,"column":2},"end":{"line":51,"column":null}},"20":{"start":{"line":56,"column":2},"end":{"line":56,"column":null}},"21":{"start":{"line":56,"column":42},"end":{"line":56,"column":null}},"22":{"start":{"line":57,"column":2},"end":{"line":57,"column":null}},"23":{"start":{"line":62,"column":2},"end":{"line":74,"column":null}},"24":{"start":{"line":79,"column":2},"end":{"line":79,"column":null}},"25":{"start":{"line":79,"column":21},"end":{"line":79,"column":null}},"26":{"start":{"line":80,"column":18},"end":{"line":80,"column":65}},"27":{"start":{"line":81,"column":2},"end":{"line":81,"column":null}},"28":{"start":{"line":82,"column":2},"end":{"line":82,"column":null}},"29":{"start":{"line":83,"column":2},"end":{"line":83,"column":null}},"30":{"start":{"line":88,"column":2},"end":{"line":88,"column":null}},"31":{"start":{"line":89,"column":2},"end":{"line":89,"column":null}},"32":{"start":{"line":90,"column":2},"end":{"line":90,"column":null}},"33":{"start":{"line":99,"column":14},"end":{"line":99,"column":75}},"34":{"start":{"line":100,"column":2},"end":{"line":100,"column":null}},"35":{"start":{"line":108,"column":17},"end":{"line":108,"column":135}},"36":{"start":{"line":109,"column":19},"end":{"line":109,"column":137}},"37":{"start":{"line":111,"column":2},"end":{"line":147,"column":null}},"38":{"start":{"line":157,"column":23},"end":{"line":159,"column":94}},"39":{"start":{"line":161,"column":2},"end":{"line":181,"column":null}}},"fnMap":{"0":{"name":"getClient","decl":{"start":{"line":23,"column":9},"end":{"line":23,"column":18}},"loc":{"start":{"line":23,"column":33},"end":{"line":28,"column":1}}},"1":{"name":"s3Get","decl":{"start":{"line":30,"column":15},"end":{"line":30,"column":20}},"loc":{"start":{"line":30,"column":64},"end":{"line":38,"column":1}}},"2":{"name":"s3Put","decl":{"start":{"line":40,"column":15},"end":{"line":40,"column":20}},"loc":{"start":{"line":40,"column":99},"end":{"line":44,"column":1}}},"3":{"name":"isPublicChannel","decl":{"start":{"line":46,"column":16},"end":{"line":46,"column":31}},"loc":{"start":{"line":46,"column":49},"end":{"line":48,"column":1}}},"4":{"name":"isNoLearning","decl":{"start":{"line":50,"column":16},"end":{"line":50,"column":28}},"loc":{"start":{"line":50,"column":41},"end":{"line":52,"column":1}}},"5":{"name":"truncateForInjection","decl":{"start":{"line":55,"column":16},"end":{"line":55,"column":36}},"loc":{"start":{"line":55,"column":52},"end":{"line":58,"column":1}}},"6":{"name":"buildCompressionPrompt","decl":{"start":{"line":61,"column":16},"end":{"line":61,"column":38}},"loc":{"start":{"line":61,"column":54},"end":{"line":75,"column":1}}},"7":{"name":"getGlobalContext","decl":{"start":{"line":78,"column":22},"end":{"line":78,"column":38}},"loc":{"start":{"line":78,"column":69},"end":{"line":84,"column":1}}},"8":{"name":"saveGlobalContext","decl":{"start":{"line":87,"column":22},"end":{"line":87,"column":39}},"loc":{"start":{"line":87,"column":87},"end":{"line":91,"column":1}}},"9":{"name":"saveConversationSummary","decl":{"start":{"line":94,"column":22},"end":{"line":94,"column":45}},"loc":{"start":{"line":97,"column":30},"end":{"line":101,"column":1}}},"10":{"name":"buildSummaryPrompt","decl":{"start":{"line":107,"column":16},"end":{"line":107,"column":34}},"loc":{"start":{"line":107,"column":79},"end":{"line":148,"column":1}}},"11":{"name":"buildMemoryUpdatePrompt","decl":{"start":{"line":153,"column":16},"end":{"line":153,"column":39}},"loc":{"start":{"line":155,"column":30},"end":{"line":182,"column":1}}}},"branchMap":{"0":{"loc":{"start":{"line":24,"column":2},"end":{"line":26,"column":3}},"type":"if","locations":[{"start":{"line":24,"column":2},"end":{"line":26,"column":3}}]},"1":{"loc":{"start":{"line":33,"column":11},"end":{"line":33,"column":70}},"type":"cond-expr","locations":[{"start":{"line":33,"column":22},"end":{"line":33,"column":63}},{"start":{"line":33,"column":66},"end":{"line":33,"column":70}}]},"2":{"loc":{"start":{"line":35,"column":4},"end":{"line":35,"column":null}},"type":"if","locations":[{"start":{"line":35,"column":4},"end":{"line":35,"column":null}}]},"3":{"loc":{"start":{"line":35,"column":8},"end":{"line":35,"column":73}},"type":"binary-expr","locations":[{"start":{"line":35,"column":8},"end":{"line":35,"column":32}},{"start":{"line":35,"column":36},"end":{"line":35,"column":73}}]},"4":{"loc":{"start":{"line":56,"column":2},"end":{"line":56,"column":null}},"type":"if","locations":[{"start":{"line":56,"column":2},"end":{"line":56,"column":null}}]},"5":{"loc":{"start":{"line":79,"column":2},"end":{"line":79,"column":null}},"type":"if","locations":[{"start":{"line":79,"column":2},"end":{"line":79,"column":null}}]},"6":{"loc":{"start":{"line":108,"column":17},"end":{"line":108,"column":135}},"type":"cond-expr","locations":[{"start":{"line":108,"column":58},"end":{"line":108,"column":119}},{"start":{"line":108,"column":122},"end":{"line":108,"column":135}}]},"7":{"loc":{"start":{"line":109,"column":19},"end":{"line":109,"column":137}},"type":"cond-expr","locations":[{"start":{"line":109,"column":60},"end":{"line":109,"column":121}},{"start":{"line":109,"column":124},"end":{"line":109,"column":137}}]},"8":{"loc":{"start":{"line":157,"column":23},"end":{"line":159,"column":94}},"type":"cond-expr","locations":[{"start":{"line":158,"column":6},"end":{"line":158,"column":78}},{"start":{"line":159,"column":6},"end":{"line":159,"column":94}}]}},"s":{"0":2,"1":2,"2":2,"3":2,"4":2,"5":2,"6":2,"7":2,"8":0,"9":0,"10":0,"11":0,"12":0,"13":0,"14":0,"15":0,"16":0,"17":0,"18":3,"19":5,"20":3,"21":2,"22":1,"23":2,"24":0,"25":0,"26":0,"27":0,"28":0,"29":0,"30":0,"31":0,"32":0,"33":0,"34":0,"35":4,"36":4,"37":4,"38":0,"39":0},"f":{"0":0,"1":0,"2":0,"3":3,"4":5,"5":3,"6":2,"7":0,"8":0,"9":0,"10":4,"11":0},"b":{"0":[0],"1":[0,0],"2":[0],"3":[0,0],"4":[2],"5":[0],"6":[1,3],"7":[1,3],"8":[0,0]}}
,"/Users/nacho/Decentraland/agent-server/src/metrics.ts": {"path":"/Users/nacho/Decentraland/agent-server/src/metrics.ts","statementMap":{"0":{"start":{"line":6,"column":34},"end":{"line":14,"column":null}},"1":{"start":{"line":17,"column":0},"end":{"line":17,"column":null}}},"fnMap":{},"branchMap":{},"s":{"0":1,"1":1},"f":{},"b":{}}
,"/Users/nacho/Decentraland/agent-server/src/prompt.ts": {"path":"/Users/nacho/Decentraland/agent-server/src/prompt.ts","statementMap":{"0":{"start":{"line":2,"column":23},"end":{"line":4,"column":8}},"1":{"start":{"line":6,"column":22},"end":{"line":8,"column":8}},"2":{"start":{"line":10,"column":23},"end":{"line":10,"column":331}},"3":{"start":{"line":12,"column":22},"end":{"line":14,"column":8}},"4":{"start":{"line":16,"column":17},"end":{"line":16,"column":212}},"5":{"start":{"line":18,"column":2},"end":{"line":18,"column":132}}},"fnMap":{"0":{"name":"buildPrompt","decl":{"start":{"line":1,"column":16},"end":{"line":1,"column":27}},"loc":{"start":{"line":1,"column":113},"end":{"line":19,"column":1}}}},"branchMap":{"0":{"loc":{"start":{"line":2,"column":23},"end":{"line":4,"column":8}},"type":"cond-expr","locations":[{"start":{"line":3,"column":6},"end":{"line":3,"column":84}},{"start":{"line":4,"column":6},"end":{"line":4,"column":8}}]},"1":{"loc":{"start":{"line":6,"column":22},"end":{"line":8,"column":8}},"type":"cond-expr","locations":[{"start":{"line":7,"column":6},"end":{"line":7,"column":40}},{"start":{"line":8,"column":6},"end":{"line":8,"column":8}}]},"2":{"loc":{"start":{"line":12,"column":22},"end":{"line":14,"column":8}},"type":"cond-expr","locations":[{"start":{"line":13,"column":6},"end":{"line":13,"column":99}},{"start":{"line":14,"column":6},"end":{"line":14,"column":8}}]}},"s":{"0":7,"1":7,"2":7,"3":7,"4":7,"5":7},"f":{"0":7},"b":{"0":[1,6],"1":[1,6],"2":[0,7]}}
,"/Users/nacho/Decentraland/agent-server/src/service.ts": {"path":"/Users/nacho/Decentraland/agent-server/src/service.ts","statementMap":{"0":{"start":{"line":11,"column":42},"end":{"line":11,"column":49}},"1":{"start":{"line":12,"column":34},"end":{"line":12,"column":44}},"2":{"start":{"line":13,"column":17},"end":{"line":13,"column":42}},"3":{"start":{"line":16,"column":22},"end":{"line":33,"column":null}},"4":{"start":{"line":35,"column":39},"end":{"line":35,"column":53}},"5":{"start":{"line":36,"column":17},"end":{"line":36,"column":49}},"6":{"start":{"line":37,"column":2},"end":{"line":37,"column":null}},"7":{"start":{"line":38,"column":2},"end":{"line":38,"column":null}},"8":{"start":{"line":39,"column":2},"end":{"line":39,"column":null}},"9":{"start":{"line":41,"column":2},"end":{"line":41,"column":null}},"10":{"start":{"line":43,"column":2},"end":{"line":43,"column":null}},"11":{"start":{"line":44,"column":2},"end":{"line":53,"column":null}},"12":{"start":{"line":55,"column":2},"end":{"line":55,"column":null}},"13":{"start":{"line":56,"column":2},"end":{"line":56,"column":null}},"14":{"start":{"line":59,"column":2},"end":{"line":59,"column":null}},"15":{"start":{"line":61,"column":2},"end":{"line":61,"column":null}},"16":{"start":{"line":87,"column":2},"end":{"line":89,"column":27}},"17":{"start":{"line":91,"column":27},"end":{"line":91,"column":38}},"18":{"start":{"line":94,"column":2},"end":{"line":94,"column":null}},"19":{"start":{"line":94,"column":35},"end":{"line":94,"column":null}},"20":{"start":{"line":95,"column":2},"end":{"line":99,"column":3}},"21":{"start":{"line":96,"column":4},"end":{"line":96,"column":null}},"22":{"start":{"line":98,"column":4},"end":{"line":98,"column":null}},"23":{"start":{"line":103,"column":15},"end":{"line":103,"column":30}},"24":{"start":{"line":104,"column":16},"end":{"line":104,"column":55}},"25":{"start":{"line":104,"column":43},"end":{"line":104,"column":54}},"26":{"start":{"line":105,"column":2},"end":{"line":105,"column":20}},"27":{"start":{"line":105,"column":14},"end":{"line":105,"column":20}},"28":{"start":{"line":106,"column":2},"end":{"line":106,"column":null}},"29":{"start":{"line":107,"column":2},"end":{"line":107,"column":null}},"30":{"start":{"line":108,"column":2},"end":{"line":108,"column":null}},"31":{"start":{"line":109,"column":2},"end":{"line":109,"column":null}},"32":{"start":{"line":113,"column":20},"end":{"line":113,"column":41}},"33":{"start":{"line":115,"column":2},"end":{"line":176,"column":null}},"34":{"start":{"line":116,"column":17},"end":{"line":116,"column":32}},"35":{"start":{"line":117,"column":4},"end":{"line":117,"column":38}},"36":{"start":{"line":117,"column":32},"end":{"line":117,"column":38}},"37":{"start":{"line":119,"column":16},"end":{"line":119,"column":26}},"38":{"start":{"line":121,"column":4},"end":{"line":175,"column":5}},"39":{"start":{"line":122,"column":6},"end":{"line":122,"column":37}},"40":{"start":{"line":122,"column":29},"end":{"line":122,"column":37}},"41":{"start":{"line":124,"column":6},"end":{"line":174,"column":7}},"42":{"start":{"line":125,"column":21},"end":{"line":125,"column":44}},"43":{"start":{"line":127,"column":22},"end":{"line":127,"column":54}},"44":{"start":{"line":128,"column":21},"end":{"line":128,"column":40}},"45":{"start":{"line":129,"column":8},"end":{"line":129,"column":41}},"46":{"start":{"line":129,"column":33},"end":{"line":129,"column":41}},"47":{"start":{"line":131,"column":8},"end":{"line":131,"column":null}},"48":{"start":{"line":133,"column":25},"end":{"line":133,"column":50}},"49":{"start":{"line":134,"column":27},"end":{"line":167,"column":10}},"50":{"start":{"line":135,"column":10},"end":{"line":166,"column":11}},"51":{"start":{"line":136,"column":29},"end":{"line":139,"column":14}},"52":{"start":{"line":140,"column":12},"end":{"line":140,"column":null}},"53":{"start":{"line":143,"column":12},"end":{"line":159,"column":13}},"54":{"start":{"line":144,"column":14},"end":{"line":158,"column":null}},"55":{"start":{"line":153,"column":35},"end":{"line":153,"column":120}},"56":{"start":{"line":154,"column":33},"end":{"line":154,"column":101}},"57":{"start":{"line":155,"column":20},"end":{"line":155,"column":null}},"58":{"start":{"line":161,"column":12},"end":{"line":161,"column":null}},"59":{"start":{"line":163,"column":24},"end":{"line":163,"column":76}},"60":{"start":{"line":164,"column":12},"end":{"line":164,"column":null}},"61":{"start":{"line":165,"column":12},"end":{"line":165,"column":null}},"62":{"start":{"line":169,"column":8},"end":{"line":171,"column":9}},"63":{"start":{"line":170,"column":10},"end":{"line":170,"column":null}},"64":{"start":{"line":173,"column":8},"end":{"line":173,"column":null}},"65":{"start":{"line":178,"column":2},"end":{"line":178,"column":null}}},"fnMap":{"0":{"name":"main","decl":{"start":{"line":10,"column":22},"end":{"line":10,"column":26}},"loc":{"start":{"line":10,"column":98},"end":{"line":62,"column":1}}},"1":{"name":"readSchedules","decl":{"start":{"line":93,"column":9},"end":{"line":93,"column":22}},"loc":{"start":{"line":93,"column":22},"end":{"line":100,"column":1}}},"2":{"name":"updateScheduleStats","decl":{"start":{"line":102,"column":9},"end":{"line":102,"column":28}},"loc":{"start":{"line":102,"column":55},"end":{"line":110,"column":1}}},"3":{"name":"(anonymous_3)","decl":{"start":{"line":104,"column":36},"end":{"line":104,"column":37}},"loc":{"start":{"line":104,"column":43},"end":{"line":104,"column":54}}},"4":{"name":"startScheduleRunner","decl":{"start":{"line":112,"column":9},"end":{"line":112,"column":28}},"loc":{"start":{"line":112,"column":63},"end":{"line":179,"column":1}}},"5":{"name":"(anonymous_5)","decl":{"start":{"line":115,"column":14},"end":{"line":115,"column":19}},"loc":{"start":{"line":115,"column":25},"end":{"line":176,"column":3}}},"6":{"name":"(anonymous_6)","decl":{"start":{"line":134,"column":54},"end":{"line":134,"column":59}},"loc":{"start":{"line":134,"column":65},"end":{"line":167,"column":9}}},"7":{"name":"(anonymous_7)","decl":{"start":{"line":152,"column":25},"end":{"line":152,"column":28}},"loc":{"start":{"line":152,"column":30},"end":{"line":156,"column":19}}}},"branchMap":{"0":{"loc":{"start":{"line":22,"column":25},"end":{"line":22,"column":79}},"type":"binary-expr","locations":[{"start":{"line":22,"column":26},"end":{"line":22,"column":73}},{"start":{"line":22,"column":78},"end":{"line":22,"column":79}}]},"1":{"loc":{"start":{"line":32,"column":15},"end":{"line":32,"column":103}},"type":"binary-expr","locations":[{"start":{"line":32,"column":16},"end":{"line":32,"column":52}},{"start":{"line":32,"column":58},"end":{"line":32,"column":102}}]},"2":{"loc":{"start":{"line":87,"column":2},"end":{"line":89,"column":27}},"type":"cond-expr","locations":[{"start":{"line":88,"column":6},"end":{"line":88,"column":28}},{"start":{"line":89,"column":6},"end":{"line":89,"column":27}}]},"3":{"loc":{"start":{"line":87,"column":2},"end":{"line":87,"column":62}},"type":"binary-expr","locations":[{"start":{"line":87,"column":2},"end":{"line":87,"column":39}},{"start":{"line":87,"column":43},"end":{"line":87,"column":62}}]},"4":{"loc":{"start":{"line":94,"column":2},"end":{"line":94,"column":null}},"type":"if","locations":[{"start":{"line":94,"column":2},"end":{"line":94,"column":null}}]},"5":{"loc":{"start":{"line":105,"column":2},"end":{"line":105,"column":20}},"type":"if","locations":[{"start":{"line":105,"column":2},"end":{"line":105,"column":20}}]},"6":{"loc":{"start":{"line":106,"column":20},"end":{"line":106,"column":39}},"type":"binary-expr","locations":[{"start":{"line":106,"column":20},"end":{"line":106,"column":34}},{"start":{"line":106,"column":38},"end":{"line":106,"column":39}}]},"7":{"loc":{"start":{"line":117,"column":4},"end":{"line":117,"column":38}},"type":"if","locations":[{"start":{"line":117,"column":4},"end":{"line":117,"column":38}}]},"8":{"loc":{"start":{"line":122,"column":6},"end":{"line":122,"column":37}},"type":"if","locations":[{"start":{"line":122,"column":6},"end":{"line":122,"column":37}}]},"9":{"loc":{"start":{"line":129,"column":8},"end":{"line":129,"column":41}},"type":"if","locations":[{"start":{"line":129,"column":8},"end":{"line":129,"column":41}}]},"10":{"loc":{"start":{"line":129,"column":12},"end":{"line":129,"column":31}},"type":"binary-expr","locations":[{"start":{"line":129,"column":12},"end":{"line":129,"column":17}},{"start":{"line":129,"column":21},"end":{"line":129,"column":31}}]},"11":{"loc":{"start":{"line":143,"column":12},"end":{"line":159,"column":13}},"type":"if","locations":[{"start":{"line":143,"column":12},"end":{"line":159,"column":13}}]},"12":{"loc":{"start":{"line":143,"column":16},"end":{"line":143,"column":67}},"type":"binary-expr","locations":[{"start":{"line":143,"column":16},"end":{"line":143,"column":20}},{"start":{"line":143,"column":24},"end":{"line":143,"column":67}}]},"13":{"loc":{"start":{"line":154,"column":33},"end":{"line":154,"column":101}},"type":"cond-expr","locations":[{"start":{"line":154,"column":54},"end":{"line":154,"column":94}},{"start":{"line":154,"column":97},"end":{"line":154,"column":101}}]},"14":{"loc":{"start":{"line":163,"column":24},"end":{"line":163,"column":76}},"type":"cond-expr","locations":[{"start":{"line":163,"column":47},"end":{"line":163,"column":58}},{"start":{"line":163,"column":61},"end":{"line":163,"column":76}}]},"15":{"loc":{"start":{"line":169,"column":8},"end":{"line":171,"column":9}},"type":"if","locations":[{"start":{"line":169,"column":8},"end":{"line":171,"column":9}}]}},"s":{"0":0,"1":0,"2":0,"3":0,"4":0,"5":0,"6":0,"7":0,"8":0,"9":0,"10":0,"11":0,"12":0,"13":0,"14":0,"15":0,"16":0,"17":0,"18":0,"19":0,"20":0,"21":0,"22":0,"23":0,"24":0,"25":0,"26":0,"27":0,"28":0,"29":0,"30":0,"31":0,"32":0,"33":0,"34":0,"35":0,"36":0,"37":0,"38":0,"39":0,"40":0,"41":0,"42":0,"43":0,"44":0,"45":0,"46":0,"47":0,"48":0,"49":0,"50":0,"51":0,"52":0,"53":0,"54":0,"55":0,"56":0,"57":0,"58":0,"59":0,"60":0,"61":0,"62":0,"63":0,"64":0,"65":0},"f":{"0":0,"1":0,"2":0,"3":0,"4":0,"5":0,"6":0,"7":0},"b":{"0":[0,0],"1":[0,0],"2":[0,0],"3":[0,0],"4":[0],"5":[0],"6":[0,0],"7":[0],"8":[0],"9":[0],"10":[0,0],"11":[0],"12":[0,0],"13":[0,0],"14":[0,0],"15":[0]}}
,"/Users/nacho/Decentraland/agent-server/src/slack.ts": {"path":"/Users/nacho/Decentraland/agent-server/src/slack.ts","statementMap":{"0":{"start":{"line":21,"column":54},"end":{"line":29,"column":null}},"1":{"start":{"line":31,"column":18},"end":{"line":31,"column":43}},"2":{"start":{"line":32,"column":25},"end":{"line":32,"column":50}},"3":{"start":{"line":34,"column":25},"end":{"line":34,"column":53}},"4":{"start":{"line":36,"column":33},"end":{"line":36,"column":37}},"5":{"start":{"line":37,"column":23},"end":{"line":37,"column":82}},"6":{"start":{"line":38,"column":24},"end":{"line":38,"column":48}},"7":{"start":{"line":43,"column":2},"end":{"line":45,"column":27}},"8":{"start":{"line":48,"column":2},"end":{"line":48,"column":42}},"9":{"start":{"line":48,"column":35},"end":{"line":48,"column":42}},"10":{"start":{"line":49,"column":2},"end":{"line":62,"column":3}},"11":{"start":{"line":50,"column":17},"end":{"line":50,"column":66}},"12":{"start":{"line":51,"column":18},"end":{"line":51,"column":23}},"13":{"start":{"line":52,"column":4},"end":{"line":58,"column":5}},"14":{"start":{"line":53,"column":6},"end":{"line":57,"column":7}},"15":{"start":{"line":54,"column":8},"end":{"line":54,"column":30}},"16":{"start":{"line":55,"column":8},"end":{"line":55,"column":23}},"17":{"start":{"line":56,"column":8},"end":{"line":56,"column":82}},"18":{"start":{"line":59,"column":4},"end":{"line":59,"column":87}},"19":{"start":{"line":59,"column":17},"end":{"line":59,"column":87}},"20":{"start":{"line":61,"column":4},"end":{"line":61,"column":69}},"21":{"start":{"line":66,"column":2},"end":{"line":66,"column":null}},"22":{"start":{"line":70,"column":2},"end":{"line":70,"column":null}},"23":{"start":{"line":80,"column":2},"end":{"line":124,"column":3}},"24":{"start":{"line":81,"column":34},"end":{"line":85,"column":6}},"25":{"start":{"line":87,"column":4},"end":{"line":90,"column":5}},"26":{"start":{"line":88,"column":6},"end":{"line":88,"column":null}},"27":{"start":{"line":89,"column":6},"end":{"line":89,"column":12}},"28":{"start":{"line":92,"column":41},"end":{"line":97,"column":null}},"29":{"start":{"line":99,"column":4},"end":{"line":99,"column":null}},"30":{"start":{"line":101,"column":27},"end":{"line":101,"column":86}},"31":{"start":{"line":102,"column":37},"end":{"line":106,"column":6}},"32":{"start":{"line":108,"column":4},"end":{"line":121,"column":5}},"33":{"start":{"line":109,"column":26},"end":{"line":109,"column":40}},"34":{"start":{"line":110,"column":6},"end":{"line":118,"column":7}},"35":{"start":{"line":111,"column":8},"end":{"line":111,"column":null}},"36":{"start":{"line":112,"column":37},"end":{"line":116,"column":10}},"37":{"start":{"line":117,"column":8},"end":{"line":117,"column":null}},"38":{"start":{"line":117,"column":24},"end":{"line":117,"column":null}},"39":{"start":{"line":119,"column":6},"end":{"line":119,"column":null}},"40":{"start":{"line":120,"column":6},"end":{"line":120,"column":null}},"41":{"start":{"line":123,"column":4},"end":{"line":123,"column":null}},"42":{"start":{"line":128,"column":14},"end":{"line":133,"column":4}},"43":{"start":{"line":135,"column":2},"end":{"line":135,"column":34}},"44":{"start":{"line":136,"column":20},"end":{"line":136,"column":66}},"45":{"start":{"line":137,"column":22},"end":{"line":137,"column":39}},"46":{"start":{"line":139,"column":2},"end":{"line":148,"column":5}},"47":{"start":{"line":140,"column":4},"end":{"line":140,"column":16}},"48":{"start":{"line":141,"column":22},"end":{"line":141,"column":42}},"49":{"start":{"line":142,"column":21},"end":{"line":142,"column":44}},"50":{"start":{"line":143,"column":20},"end":{"line":143,"column":50}},"51":{"start":{"line":144,"column":4},"end":{"line":144,"column":25}},"52":{"start":{"line":144,"column":18},"end":{"line":144,"column":25}},"53":{"start":{"line":145,"column":4},"end":{"line":145,"column":38}},"54":{"start":{"line":146,"column":4},"end":{"line":146,"column":140}},"55":{"start":{"line":147,"column":4},"end":{"line":147,"column":114}},"56":{"start":{"line":150,"column":2},"end":{"line":159,"column":5}},"57":{"start":{"line":151,"column":4},"end":{"line":151,"column":16}},"58":{"start":{"line":152,"column":22},"end":{"line":152,"column":42}},"59":{"start":{"line":153,"column":21},"end":{"line":153,"column":44}},"60":{"start":{"line":154,"column":20},"end":{"line":154,"column":50}},"61":{"start":{"line":155,"column":4},"end":{"line":155,"column":25}},"62":{"start":{"line":155,"column":18},"end":{"line":155,"column":25}},"63":{"start":{"line":156,"column":4},"end":{"line":156,"column":38}},"64":{"start":{"line":157,"column":4},"end":{"line":157,"column":101}},"65":{"start":{"line":158,"column":4},"end":{"line":158,"column":111}},"66":{"start":{"line":161,"column":2},"end":{"line":280,"column":5}},"67":{"start":{"line":162,"column":21},"end":{"line":162,"column":48}},"68":{"start":{"line":163,"column":17},"end":{"line":163,"column":63}},"69":{"start":{"line":165,"column":4},"end":{"line":168,"column":5}},"70":{"start":{"line":166,"column":6},"end":{"line":166,"column":77}},"71":{"start":{"line":167,"column":6},"end":{"line":167,"column":13}},"72":{"start":{"line":170,"column":36},"end":{"line":173,"column":6}},"73":{"start":{"line":174,"column":18},"end":{"line":174,"column":35}},"74":{"start":{"line":175,"column":4},"end":{"line":175,"column":114}},"75":{"start":{"line":178,"column":6},"end":{"line":179,"column":126}},"76":{"start":{"line":179,"column":26},"end":{"line":179,"column":122}},"77":{"start":{"line":179,"column":112},"end":{"line":179,"column":122}},"78":{"start":{"line":182,"column":6},"end":{"line":183,"column":122}},"79":{"start":{"line":183,"column":26},"end":{"line":183,"column":118}},"80":{"start":{"line":183,"column":108},"end":{"line":183,"column":118}},"81":{"start":{"line":186,"column":23},"end":{"line":257,"column":6}},"82":{"start":{"line":187,"column":6},"end":{"line":187,"column":44}},"83":{"start":{"line":189,"column":26},"end":{"line":189,"column":76}},"84":{"start":{"line":190,"column":6},"end":{"line":192,"column":7}},"85":{"start":{"line":191,"column":8},"end":{"line":191,"column":91}},"86":{"start":{"line":194,"column":8},"end":{"line":195,"column":146}},"87":{"start":{"line":197,"column":25},"end":{"line":202,"column":14}},"88":{"start":{"line":199,"column":12},"end":{"line":199,"column":74}},"89":{"start":{"line":200,"column":12},"end":{"line":200,"column":24}},"90":{"start":{"line":203,"column":28},"end":{"line":203,"column":80}},"91":{"start":{"line":205,"column":47},"end":{"line":210,"column":8}},"92":{"start":{"line":211,"column":6},"end":{"line":211,"column":23}},"93":{"start":{"line":212,"column":6},"end":{"line":214,"column":7}},"94":{"start":{"line":213,"column":8},"end":{"line":213,"column":45}},"95":{"start":{"line":216,"column":6},"end":{"line":220,"column":7}},"96":{"start":{"line":217,"column":8},"end":{"line":219,"column":10}},"97":{"start":{"line":218,"column":10},"end":{"line":218,"column":80}},"98":{"start":{"line":222,"column":6},"end":{"line":222,"column":46}},"99":{"start":{"line":223,"column":6},"end":{"line":251,"column":7}},"100":{"start":{"line":224,"column":8},"end":{"line":224,"column":40}},"101":{"start":{"line":225,"column":8},"end":{"line":247,"column":9}},"102":{"start":{"line":226,"column":10},"end":{"line":226,"column":51}},"103":{"start":{"line":227,"column":24},"end":{"line":227,"column":51}},"104":{"start":{"line":228,"column":10},"end":{"line":244,"column":20}},"105":{"start":{"line":246,"column":10},"end":{"line":246,"column":79}},"106":{"start":{"line":249,"column":8},"end":{"line":249,"column":31}},"107":{"start":{"line":250,"column":8},"end":{"line":250,"column":89}},"108":{"start":{"line":253,"column":6},"end":{"line":256,"column":7}},"109":{"start":{"line":254,"column":8},"end":{"line":255,"column":83}},"110":{"start":{"line":255,"column":26},"end":{"line":255,"column":81}},"111":{"start":{"line":259,"column":4},"end":{"line":262,"column":5}},"112":{"start":{"line":260,"column":6},"end":{"line":260,"column":109}},"113":{"start":{"line":261,"column":6},"end":{"line":261,"column":13}},"114":{"start":{"line":264,"column":4},"end":{"line":266,"column":5}},"115":{"start":{"line":265,"column":6},"end":{"line":265,"column":122}},"116":{"start":{"line":268,"column":4},"end":{"line":279,"column":7}},"117":{"start":{"line":269,"column":22},"end":{"line":269,"column":83}},"118":{"start":{"line":270,"column":6},"end":{"line":270,"column":49}},"119":{"start":{"line":271,"column":6},"end":{"line":271,"column":46}},"120":{"start":{"line":272,"column":6},"end":{"line":272,"column":23}},"121":{"start":{"line":273,"column":6},"end":{"line":273,"column":83}},"122":{"start":{"line":275,"column":6},"end":{"line":278,"column":7}},"123":{"start":{"line":276,"column":8},"end":{"line":277,"column":79}},"124":{"start":{"line":277,"column":24},"end":{"line":277,"column":77}},"125":{"start":{"line":282,"column":2},"end":{"line":386,"column":5}},"126":{"start":{"line":283,"column":14},"end":{"line":283,"column":26}},"127":{"start":{"line":284,"column":4},"end":{"line":284,"column":40}},"128":{"start":{"line":284,"column":33},"end":{"line":284,"column":40}},"129":{"start":{"line":285,"column":4},"end":{"line":285,"column":26}},"130":{"start":{"line":285,"column":19},"end":{"line":285,"column":26}},"131":{"start":{"line":286,"column":4},"end":{"line":286,"column":43}},"132":{"start":{"line":286,"column":36},"end":{"line":286,"column":43}},"133":{"start":{"line":288,"column":4},"end":{"line":292,"column":5}},"134":{"start":{"line":289,"column":6},"end":{"line":289,"column":73}},"135":{"start":{"line":290,"column":6},"end":{"line":290,"column":79}},"136":{"start":{"line":291,"column":6},"end":{"line":291,"column":13}},"137":{"start":{"line":294,"column":4},"end":{"line":297,"column":5}},"138":{"start":{"line":295,"column":6},"end":{"line":295,"column":68}},"139":{"start":{"line":296,"column":6},"end":{"line":296,"column":13}},"140":{"start":{"line":299,"column":18},"end":{"line":299,"column":42}},"141":{"start":{"line":300,"column":29},"end":{"line":300,"column":48}},"142":{"start":{"line":301,"column":21},"end":{"line":301,"column":58}},"143":{"start":{"line":302,"column":18},"end":{"line":302,"column":35}},"144":{"start":{"line":303,"column":4},"end":{"line":303,"column":74}},"145":{"start":{"line":306,"column":6},"end":{"line":307,"column":126}},"146":{"start":{"line":307,"column":26},"end":{"line":307,"column":122}},"147":{"start":{"line":307,"column":112},"end":{"line":307,"column":122}},"148":{"start":{"line":310,"column":6},"end":{"line":311,"column":122}},"149":{"start":{"line":311,"column":26},"end":{"line":311,"column":118}},"150":{"start":{"line":311,"column":108},"end":{"line":311,"column":118}},"151":{"start":{"line":314,"column":31},"end":{"line":368,"column":6}},"152":{"start":{"line":315,"column":6},"end":{"line":315,"column":44}},"153":{"start":{"line":317,"column":26},"end":{"line":317,"column":72}},"154":{"start":{"line":318,"column":6},"end":{"line":320,"column":7}},"155":{"start":{"line":319,"column":8},"end":{"line":319,"column":87}},"156":{"start":{"line":322,"column":8},"end":{"line":323,"column":108}},"157":{"start":{"line":325,"column":25},"end":{"line":330,"column":14}},"158":{"start":{"line":327,"column":12},"end":{"line":327,"column":81}},"159":{"start":{"line":328,"column":12},"end":{"line":328,"column":24}},"160":{"start":{"line":331,"column":28},"end":{"line":331,"column":80}},"161":{"start":{"line":333,"column":47},"end":{"line":333,"column":153}},"162":{"start":{"line":334,"column":6},"end":{"line":334,"column":23}},"163":{"start":{"line":335,"column":6},"end":{"line":337,"column":7}},"164":{"start":{"line":336,"column":8},"end":{"line":336,"column":41}},"165":{"start":{"line":339,"column":6},"end":{"line":339,"column":46}},"166":{"start":{"line":340,"column":6},"end":{"line":362,"column":7}},"167":{"start":{"line":341,"column":8},"end":{"line":341,"column":40}},"168":{"start":{"line":342,"column":8},"end":{"line":358,"column":9}},"169":{"start":{"line":343,"column":10},"end":{"line":343,"column":51}},"170":{"start":{"line":344,"column":24},"end":{"line":344,"column":51}},"171":{"start":{"line":345,"column":10},"end":{"line":355,"column":20}},"172":{"start":{"line":357,"column":10},"end":{"line":357,"column":79}},"173":{"start":{"line":360,"column":8},"end":{"line":360,"column":31}},"174":{"start":{"line":361,"column":8},"end":{"line":361,"column":89}},"175":{"start":{"line":364,"column":6},"end":{"line":367,"column":7}},"176":{"start":{"line":365,"column":8},"end":{"line":366,"column":83}},"177":{"start":{"line":366,"column":26},"end":{"line":366,"column":81}},"178":{"start":{"line":370,"column":4},"end":{"line":372,"column":5}},"179":{"start":{"line":371,"column":6},"end":{"line":371,"column":131}},"180":{"start":{"line":374,"column":4},"end":{"line":385,"column":7}},"181":{"start":{"line":375,"column":22},"end":{"line":375,"column":83}},"182":{"start":{"line":376,"column":6},"end":{"line":376,"column":52}},"183":{"start":{"line":377,"column":6},"end":{"line":377,"column":125}},"184":{"start":{"line":378,"column":6},"end":{"line":378,"column":101}},"185":{"start":{"line":379,"column":6},"end":{"line":379,"column":83}},"186":{"start":{"line":381,"column":6},"end":{"line":384,"column":7}},"187":{"start":{"line":382,"column":8},"end":{"line":383,"column":85}},"188":{"start":{"line":383,"column":27},"end":{"line":383,"column":83}},"189":{"start":{"line":388,"column":2},"end":{"line":390,"column":5}},"190":{"start":{"line":389,"column":4},"end":{"line":389,"column":48}},"191":{"start":{"line":392,"column":2},"end":{"line":392,"column":20}},"192":{"start":{"line":393,"column":2},"end":{"line":393,"column":38}},"193":{"start":{"line":400,"column":17},"end":{"line":400,"column":35}},"194":{"start":{"line":401,"column":2},"end":{"line":401,"column":28}},"195":{"start":{"line":401,"column":14},"end":{"line":401,"column":28}},"196":{"start":{"line":403,"column":2},"end":{"line":409,"column":3}},"197":{"start":{"line":404,"column":17},"end":{"line":404,"column":30}},"198":{"start":{"line":405,"column":4},"end":{"line":405,"column":29}},"199":{"start":{"line":406,"column":4},"end":{"line":406,"column":16}},"200":{"start":{"line":408,"column":4},"end":{"line":408,"column":15}},"201":{"start":{"line":417,"column":18},"end":{"line":417,"column":46}},"202":{"start":{"line":418,"column":26},"end":{"line":418,"column":40}},"203":{"start":{"line":421,"column":17},"end":{"line":421,"column":38}},"204":{"start":{"line":422,"column":2},"end":{"line":422,"column":88}},"205":{"start":{"line":422,"column":67},"end":{"line":422,"column":88}},"206":{"start":{"line":424,"column":2},"end":{"line":438,"column":3}},"207":{"start":{"line":425,"column":17},"end":{"line":425,"column":58}},"208":{"start":{"line":426,"column":17},"end":{"line":426,"column":33}},"209":{"start":{"line":427,"column":19},"end":{"line":427,"column":97}},"210":{"start":{"line":428,"column":4},"end":{"line":428,"column":60}},"211":{"start":{"line":431,"column":17},"end":{"line":431,"column":56}},"212":{"start":{"line":432,"column":4},"end":{"line":432,"column":42}},"213":{"start":{"line":432,"column":14},"end":{"line":432,"column":42}},"214":{"start":{"line":434,"column":4},"end":{"line":434,"column":18}},"215":{"start":{"line":436,"column":4},"end":{"line":436,"column":86}},"216":{"start":{"line":437,"column":4},"end":{"line":437,"column":16}},"217":{"start":{"line":442,"column":2},"end":{"line":445,"column":5}},"218":{"start":{"line":443,"column":17},"end":{"line":443,"column":58}},"219":{"start":{"line":444,"column":4},"end":{"line":444,"column":61}},"220":{"start":{"line":449,"column":2},"end":{"line":452,"column":5}},"221":{"start":{"line":450,"column":17},"end":{"line":450,"column":72}},"222":{"start":{"line":451,"column":4},"end":{"line":451,"column":43}},"223":{"start":{"line":466,"column":24},"end":{"line":469,"column":4}},"224":{"start":{"line":470,"column":17},"end":{"line":472,"column":31}},"225":{"start":{"line":473,"column":15},"end":{"line":473,"column":50}},"226":{"start":{"line":474,"column":2},"end":{"line":477,"column":5}},"227":{"start":{"line":481,"column":2},"end":{"line":483,"column":52}},"228":{"start":{"line":491,"column":16},"end":{"line":495,"column":4}},"229":{"start":{"line":497,"column":19},"end":{"line":497,"column":39}},"230":{"start":{"line":499,"column":24},"end":{"line":501,"column":4}},"231":{"start":{"line":500,"column":24},"end":{"line":500,"column":30}},"232":{"start":{"line":500,"column":61},"end":{"line":500,"column":72}},"233":{"start":{"line":502,"column":20},"end":{"line":502,"column":45}},"234":{"start":{"line":503,"column":2},"end":{"line":507,"column":4}},"235":{"start":{"line":505,"column":6},"end":{"line":505,"column":61}},"236":{"start":{"line":509,"column":16},"end":{"line":527,"column":null}},"237":{"start":{"line":511,"column":19},"end":{"line":511,"column":59}},"238":{"start":{"line":512,"column":17},"end":{"line":512,"column":76}},"239":{"start":{"line":513,"column":20},"end":{"line":513,"column":56}},"240":{"start":{"line":515,"column":28},"end":{"line":515,"column":49}},"241":{"start":{"line":516,"column":6},"end":{"line":524,"column":7}},"242":{"start":{"line":517,"column":20},"end":{"line":517,"column":73}},"243":{"start":{"line":518,"column":8},"end":{"line":523,"column":9}},"244":{"start":{"line":519,"column":30},"end":{"line":519,"column":79}},"245":{"start":{"line":520,"column":10},"end":{"line":522,"column":11}},"246":{"start":{"line":521,"column":12},"end":{"line":521,"column":91}},"247":{"start":{"line":526,"column":6},"end":{"line":526,"column":21}},"248":{"start":{"line":530,"column":2},"end":{"line":530,"column":26}},"249":{"start":{"line":534,"column":2},"end":{"line":540,"column":3}},"250":{"start":{"line":535,"column":16},"end":{"line":535,"column":86}},"251":{"start":{"line":536,"column":4},"end":{"line":536,"column":27}},"252":{"start":{"line":536,"column":17},"end":{"line":536,"column":27}},"253":{"start":{"line":537,"column":4},"end":{"line":537,"column":22}},"254":{"start":{"line":539,"column":4},"end":{"line":539,"column":14}},"255":{"start":{"line":544,"column":12},"end":{"line":544,"column":42}},"256":{"start":{"line":545,"column":2},"end":{"line":545,"column":52}},"257":{"start":{"line":545,"column":37},"end":{"line":545,"column":52}},"258":{"start":{"line":546,"column":2},"end":{"line":546,"column":117}},"259":{"start":{"line":546,"column":98},"end":{"line":546,"column":117}},"260":{"start":{"line":547,"column":2},"end":{"line":547,"column":101}},"261":{"start":{"line":547,"column":82},"end":{"line":547,"column":101}},"262":{"start":{"line":548,"column":2},"end":{"line":548,"column":44}},"263":{"start":{"line":548,"column":28},"end":{"line":548,"column":44}},"264":{"start":{"line":549,"column":2},"end":{"line":549,"column":94}},"265":{"start":{"line":549,"column":72},"end":{"line":549,"column":94}},"266":{"start":{"line":550,"column":2},"end":{"line":550,"column":37}},"267":{"start":{"line":550,"column":24},"end":{"line":550,"column":37}},"268":{"start":{"line":551,"column":2},"end":{"line":551,"column":114}},"269":{"start":{"line":551,"column":96},"end":{"line":551,"column":114}},"270":{"start":{"line":552,"column":2},"end":{"line":552,"column":44}},"271":{"start":{"line":552,"column":28},"end":{"line":552,"column":44}},"272":{"start":{"line":553,"column":2},"end":{"line":553,"column":187}},"273":{"start":{"line":553,"column":162},"end":{"line":553,"column":187}},"274":{"start":{"line":554,"column":2},"end":{"line":554,"column":48}},"275":{"start":{"line":554,"column":28},"end":{"line":554,"column":48}},"276":{"start":{"line":555,"column":2},"end":{"line":555,"column":112}},"277":{"start":{"line":555,"column":89},"end":{"line":555,"column":112}},"278":{"start":{"line":556,"column":2},"end":{"line":556,"column":135}},"279":{"start":{"line":556,"column":117},"end":{"line":556,"column":135}},"280":{"start":{"line":557,"column":2},"end":{"line":557,"column":19}}},"fnMap":{"0":{"name":"patchScheduleChannels","decl":{"start":{"line":47,"column":9},"end":{"line":47,"column":30}},"loc":{"start":{"line":47,"column":48},"end":{"line":63,"column":1}}},"1":{"name":"isChannelEligibleForMemory","decl":{"start":{"line":65,"column":9},"end":{"line":65,"column":35}},"loc":{"start":{"line":65,"column":69},"end":{"line":67,"column":1}}},"2":{"name":"isMemoryReadable","decl":{"start":{"line":69,"column":9},"end":{"line":69,"column":25}},"loc":{"start":{"line":69,"column":40},"end":{"line":71,"column":1}}},"3":{"name":"triggerMemoryUpdate","decl":{"start":{"line":73,"column":15},"end":{"line":73,"column":34}},"loc":{"start":{"line":78,"column":23},"end":{"line":125,"column":1}}},"4":{"name":"startSlackBot","decl":{"start":{"line":127,"column":22},"end":{"line":127,"column":35}},"loc":{"start":{"line":127,"column":50},"end":{"line":394,"column":1}}},"5":{"name":"(anonymous_5)","decl":{"start":{"line":139,"column":29},"end":{"line":139,"column":34}},"loc":{"start":{"line":139,"column":69},"end":{"line":148,"column":3}}},"6":{"name":"(anonymous_6)","decl":{"start":{"line":150,"column":32},"end":{"line":150,"column":37}},"loc":{"start":{"line":150,"column":72},"end":{"line":159,"column":3}}},"7":{"name":"(anonymous_7)","decl":{"start":{"line":161,"column":27},"end":{"line":161,"column":32}},"loc":{"start":{"line":161,"column":60},"end":{"line":280,"column":3}}},"8":{"name":"react","decl":{"start":{"line":177,"column":13},"end":{"line":177,"column":18}},"loc":{"start":{"line":177,"column":31},"end":{"line":180,"column":5}}},"9":{"name":"(anonymous_9)","decl":{"start":{"line":179,"column":15},"end":{"line":179,"column":16}},"loc":{"start":{"line":179,"column":23},"end":{"line":179,"column":124}}},"10":{"name":"unreact","decl":{"start":{"line":181,"column":13},"end":{"line":181,"column":20}},"loc":{"start":{"line":181,"column":33},"end":{"line":184,"column":5}}},"11":{"name":"(anonymous_11)","decl":{"start":{"line":183,"column":15},"end":{"line":183,"column":16}},"loc":{"start":{"line":183,"column":23},"end":{"line":183,"column":120}}},"12":{"name":"(anonymous_12)","decl":{"start":{"line":186,"column":50},"end":{"line":186,"column":55}},"loc":{"start":{"line":186,"column":61},"end":{"line":257,"column":5}}},"13":{"name":"(anonymous_13)","decl":{"start":{"line":198,"column":76},"end":{"line":198,"column":77}},"loc":{"start":{"line":198,"column":84},"end":{"line":201,"column":11}}},"14":{"name":"(anonymous_14)","decl":{"start":{"line":217,"column":92},"end":{"line":217,"column":93}},"loc":{"start":{"line":218,"column":10},"end":{"line":218,"column":80}}},"15":{"name":"(anonymous_15)","decl":{"start":{"line":255,"column":17},"end":{"line":255,"column":18}},"loc":{"start":{"line":255,"column":26},"end":{"line":255,"column":81}}},"16":{"name":"(anonymous_16)","decl":{"start":{"line":268,"column":26},"end":{"line":268,"column":31}},"loc":{"start":{"line":268,"column":40},"end":{"line":279,"column":5}}},"17":{"name":"(anonymous_17)","decl":{"start":{"line":277,"column":17},"end":{"line":277,"column":18}},"loc":{"start":{"line":277,"column":24},"end":{"line":277,"column":77}}},"18":{"name":"(anonymous_18)","decl":{"start":{"line":282,"column":23},"end":{"line":282,"column":28}},"loc":{"start":{"line":282,"column":56},"end":{"line":386,"column":3}}},"19":{"name":"react","decl":{"start":{"line":305,"column":13},"end":{"line":305,"column":18}},"loc":{"start":{"line":305,"column":31},"end":{"line":308,"column":5}}},"20":{"name":"(anonymous_20)","decl":{"start":{"line":307,"column":15},"end":{"line":307,"column":16}},"loc":{"start":{"line":307,"column":23},"end":{"line":307,"column":124}}},"21":{"name":"unreact","decl":{"start":{"line":309,"column":13},"end":{"line":309,"column":20}},"loc":{"start":{"line":309,"column":33},"end":{"line":312,"column":5}}},"22":{"name":"(anonymous_22)","decl":{"start":{"line":311,"column":15},"end":{"line":311,"column":16}},"loc":{"start":{"line":311,"column":23},"end":{"line":311,"column":120}}},"23":{"name":"(anonymous_23)","decl":{"start":{"line":314,"column":58},"end":{"line":314,"column":63}},"loc":{"start":{"line":314,"column":69},"end":{"line":368,"column":5}}},"24":{"name":"(anonymous_24)","decl":{"start":{"line":326,"column":76},"end":{"line":326,"column":77}},"loc":{"start":{"line":326,"column":84},"end":{"line":329,"column":11}}},"25":{"name":"(anonymous_25)","decl":{"start":{"line":366,"column":17},"end":{"line":366,"column":18}},"loc":{"start":{"line":366,"column":26},"end":{"line":366,"column":81}}},"26":{"name":"(anonymous_26)","decl":{"start":{"line":374,"column":15},"end":{"line":374,"column":20}},"loc":{"start":{"line":374,"column":29},"end":{"line":385,"column":5}}},"27":{"name":"(anonymous_27)","decl":{"start":{"line":377,"column":115},"end":{"line":377,"column":118}},"loc":{"start":{"line":377,"column":120},"end":{"line":377,"column":123}}},"28":{"name":"(anonymous_28)","decl":{"start":{"line":378,"column":91},"end":{"line":378,"column":94}},"loc":{"start":{"line":378,"column":96},"end":{"line":378,"column":99}}},"29":{"name":"(anonymous_29)","decl":{"start":{"line":383,"column":17},"end":{"line":383,"column":18}},"loc":{"start":{"line":383,"column":27},"end":{"line":383,"column":83}}},"30":{"name":"(anonymous_30)","decl":{"start":{"line":388,"column":12},"end":{"line":388,"column":17}},"loc":{"start":{"line":388,"column":28},"end":{"line":390,"column":3}}},"31":{"name":"cachedLookup","decl":{"start":{"line":396,"column":15},"end":{"line":396,"column":27}},"loc":{"start":{"line":398,"column":30},"end":{"line":410,"column":1}}},"32":{"name":"isExternalOrGuest","decl":{"start":{"line":420,"column":15},"end":{"line":420,"column":32}},"loc":{"start":{"line":420,"column":66},"end":{"line":439,"column":1}}},"33":{"name":"resolveUserName","decl":{"start":{"line":441,"column":9},"end":{"line":441,"column":24}},"loc":{"start":{"line":441,"column":58},"end":{"line":446,"column":1}}},"34":{"name":"(anonymous_34)","decl":{"start":{"line":442,"column":30},"end":{"line":442,"column":35}},"loc":{"start":{"line":442,"column":41},"end":{"line":445,"column":3}}},"35":{"name":"resolveChannelName","decl":{"start":{"line":448,"column":9},"end":{"line":448,"column":27}},"loc":{"start":{"line":448,"column":64},"end":{"line":453,"column":1}}},"36":{"name":"(anonymous_36)","decl":{"start":{"line":449,"column":33},"end":{"line":449,"column":38}},"loc":{"start":{"line":449,"column":44},"end":{"line":452,"column":3}}},"37":{"name":"postAuditLog","decl":{"start":{"line":459,"column":15},"end":{"line":459,"column":27}},"loc":{"start":{"line":464,"column":23},"end":{"line":478,"column":1}}},"38":{"name":"markdownToMrkdwn","decl":{"start":{"line":480,"column":16},"end":{"line":480,"column":32}},"loc":{"start":{"line":480,"column":45},"end":{"line":484,"column":1}}},"39":{"name":"fetchThread","decl":{"start":{"line":486,"column":15},"end":{"line":486,"column":26}},"loc":{"start":{"line":489,"column":18},"end":{"line":531,"column":1}}},"40":{"name":"(anonymous_40)","decl":{"start":{"line":500,"column":17},"end":{"line":500,"column":18}},"loc":{"start":{"line":500,"column":24},"end":{"line":500,"column":30}}},"41":{"name":"(anonymous_41)","decl":{"start":{"line":500,"column":39},"end":{"line":500,"column":40}},"loc":{"start":{"line":500,"column":61},"end":{"line":500,"column":72}}},"42":{"name":"(anonymous_42)","decl":{"start":{"line":504,"column":22},"end":{"line":504,"column":27}},"loc":{"start":{"line":504,"column":36},"end":{"line":506,"column":5}}},"43":{"name":"(anonymous_43)","decl":{"start":{"line":510,"column":17},"end":{"line":510,"column":22}},"loc":{"start":{"line":510,"column":29},"end":{"line":527,"column":5}}},"44":{"name":"downloadTextFile","decl":{"start":{"line":533,"column":15},"end":{"line":533,"column":31}},"loc":{"start":{"line":533,"column":43},"end":{"line":541,"column":1}}},"45":{"name":"detectSkill","decl":{"start":{"line":543,"column":16},"end":{"line":543,"column":27}},"loc":{"start":{"line":543,"column":40},"end":{"line":558,"column":1}}}},"branchMap":{"0":{"loc":{"start":{"line":43,"column":2},"end":{"line":45,"column":27}},"type":"cond-expr","locations":[{"start":{"line":44,"column":6},"end":{"line":44,"column":28}},{"start":{"line":45,"column":6},"end":{"line":45,"column":27}}]},"1":{"loc":{"start":{"line":43,"column":2},"end":{"line":43,"column":62}},"type":"binary-expr","locations":[{"start":{"line":43,"column":2},"end":{"line":43,"column":39}},{"start":{"line":43,"column":43},"end":{"line":43,"column":62}}]},"2":{"loc":{"start":{"line":48,"column":2},"end":{"line":48,"column":42}},"type":"if","locations":[{"start":{"line":48,"column":2},"end":{"line":48,"column":42}}]},"3":{"loc":{"start":{"line":52,"column":20},"end":{"line":52,"column":40}},"type":"binary-expr","locations":[{"start":{"line":52,"column":20},"end":{"line":52,"column":34}},{"start":{"line":52,"column":38},"end":{"line":52,"column":40}}]},"4":{"loc":{"start":{"line":53,"column":6},"end":{"line":57,"column":7}},"type":"if","locations":[{"start":{"line":53,"column":6},"end":{"line":57,"column":7}}]},"5":{"loc":{"start":{"line":59,"column":4},"end":{"line":59,"column":87}},"type":"if","locations":[{"start":{"line":59,"column":4},"end":{"line":59,"column":87}}]},"6":{"loc":{"start":{"line":66,"column":9},"end":{"line":66,"column":92}},"type":"binary-expr","locations":[{"start":{"line":66,"column":9},"end":{"line":66,"column":33}},{"start":{"line":66,"column":37},"end":{"line":66,"column":62}},{"start":{"line":66,"column":66},"end":{"line":66,"column":92}}]},"7":{"loc":{"start":{"line":70,"column":9},"end":{"line":70,"column":62}},"type":"binary-expr","locations":[{"start":{"line":70,"column":9},"end":{"line":70,"column":33}},{"start":{"line":70,"column":37},"end":{"line":70,"column":62}}]},"8":{"loc":{"start":{"line":87,"column":4},"end":{"line":90,"column":5}},"type":"if","locations":[{"start":{"line":87,"column":4},"end":{"line":90,"column":5}}]},"9":{"loc":{"start":{"line":87,"column":8},"end":{"line":87,"column":49}},"type":"binary-expr","locations":[{"start":{"line":87,"column":8},"end":{"line":87,"column":20}},{"start":{"line":87,"column":24},"end":{"line":87,"column":49}}]},"10":{"loc":{"start":{"line":108,"column":4},"end":{"line":121,"column":5}},"type":"if","locations":[{"start":{"line":108,"column":4},"end":{"line":121,"column":5}}]},"11":{"loc":{"start":{"line":110,"column":6},"end":{"line":118,"column":7}},"type":"if","locations":[{"start":{"line":110,"column":6},"end":{"line":118,"column":7}}]},"12":{"loc":{"start":{"line":117,"column":8},"end":{"line":117,"column":null}},"type":"if","locations":[{"start":{"line":117,"column":8},"end":{"line":117,"column":null}}]},"13":{"loc":{"start":{"line":144,"column":4},"end":{"line":144,"column":25}},"type":"if","locations":[{"start":{"line":
[...]
"loc":{"start":{"line":216,"column":10},"end":{"line":216,"column":71}},"type":"binary-expr","locations":[{"start":{"line":216,"column":10},"end":{"line":216,"column":59}},{"start":{"line":216,"column":63},"end":{"line":216,"column":71}}]},"34":{"loc":{"start":{"line":223,"column":6},"end":{"line":251,"column":7}},"type":"if","locations":[{"start":{"line":223,"column":6},"end":{"line":251,"column":7}},{"start":{"line":248,"column":13},"end":{"line":251,"column":7}}]},"35":{"loc":{"start":{"line":225,"column":8},"end":{"line":247,"column":9}},"type":"if","locations":[{"start":{"line":225,"column":8},"end":{"line":247,"column":9}},{"start":{"line":245,"column":15},"end":{"line":247,"column":9}}]},"36":{"loc":{"start":{"line":253,"column":6},"end":{"line":256,"column":7}},"type":"if","locations":[{"start":{"line":253,"column":6},"end":{"line":256,"column":7}}]},"37":{"loc":{"start":{"line":259,"column":4},"end":{"line":262,"column":5}},"type":"if","locations":[{"start":{"line":259,"column":4},"end":{"line":262,"column":5}}]},"38":{"loc":{"start":{"line":264,"column":4},"end":{"line":266,"column":5}},"type":"if","locations":[{"start":{"line":264,"column":4},"end":{"line":266,"column":5}}]},"39":{"loc":{"start":{"line":269,"column":22},"end":{"line":269,"column":83}},"type":"cond-expr","locations":[{"start":{"line":269,"column":45},"end":{"line":269,"column":56}},{"start":{"line":269,"column":59},"end":{"line":269,"column":83}}]},"40":{"loc":{"start":{"line":275,"column":6},"end":{"line":278,"column":7}},"type":"if","locations":[{"start":{"line":275,"column":6},"end":{"line":278,"column":7}}]},"41":{"loc":{"start":{"line":284,"column":4},"end":{"line":284,"column":40}},"type":"if","locations":[{"start":{"line":284,"column":4},"end":{"line":284,"column":40}}]},"42":{"loc":{"start":{"line":285,"column":4},"end":{"line":285,"column":26}},"type":"if","locations":[{"start":{"line":285,"column":4},"end":{"line":285,"column":26}}]},"43":{"loc":{"start":{"line":286,"column":4},"end":{"line":286,"column":43}},"type":"if","locations":[{"start":{"line":286,"column":4},"end":{"line":286,"column":43}}]},"44":{"loc":{"start":{"line":286,"column":8},"end":{"line":286,"column":34}},"type":"binary-expr","locations":[{"start":{"line":286,"column":8},"end":{"line":286,"column":15}},{"start":{"line":286,"column":19},"end":{"line":286,"column":34}}]},"45":{"loc":{"start":{"line":288,"column":4},"end":{"line":292,"column":5}},"type":"if","locations":[{"start":{"line":288,"column":4},"end":{"line":292,"column":5}}]},"46":{"loc":{"start":{"line":294,"column":4},"end":{"line":297,"column":5}},"type":"if","locations":[{"start":{"line":294,"column":4},"end":{"line":297,"column":5}}]},"47":{"loc":{"start":{"line":300,"column":29},"end":{"line":300,"column":48}},"type":"binary-expr","locations":[{"start":{"line":300,"column":29},"end":{"line":300,"column":40}},{"start":{"line":300,"column":44},"end":{"line":300,"column":48}}]},"48":{"loc":{"start":{"line":307,"column":26},"end":{"line":307,"column":122}},"type":"if","locations":[{"start":{"line":307,"column":26},"end":{"line":307,"column":122}}]},"49":{"loc":{"start":{"line":307,"column":30},"end":{"line":307,"column":110}},"type":"binary-expr","locations":[{"start":{"line":307,"column":30},"end":{"line":307,"column":67}},{"start":{"line":307,"column":71},"end":{"line":307,"column":110}}]},"50":{"loc":{"start":{"line":311,"column":26},"end":{"line":311,"column":118}},"type":"if","locations":[{"start":{"line":311,"column":26},"end":{"line":311,"column":118}}]},"51":{"loc":{"start":{"line":311,"column":30},"end":{"line":311,"column":106}},"type":"binary-expr","locations":[{"start":{"line":311,"column":30},"end":{"line":311,"column":63}},{"start":{"line":311,"column":67},"end":{"line":311,"column":106}}]},"52":{"loc":{"start":{"line":318,"column":6},"end":{"line":320,"column":7}},"type":"if","locations":[{"start":{"line":318,"column":6},"end":{"line":320,"column":7}}]},"53":{"loc":{"start":{"line":322,"column":8},"end":{"line":323,"column":108}},"type":"binary-expr","locations":[{"start":{"line":322,"column":8},"end":{"line":322,"column":27}},{"start":{"line":323,"column":9},"end":{"line":323,"column":107}}]},"54":{"loc":{"start":{"line":323,"column":9},"end":{"line":323,"column":107}},"type":"cond-expr","locations":[{"start":{"line":323,"column":83},"end":{"line":323,"column":95}},{"start":{"line":323,"column":98},"end":{"line":323,"column":107}}]},"55":{"loc":{"start":{"line":323,"column":9},"end":{"line":323,"column":80}},"type":"binary-expr","locations":[{"start":{"line":323,"column":9},"end":{"line":323,"column":43}},{"start":{"line":323,"column":47},"end":{"line":323,"column":80}}]},"56":{"loc":{"start":{"line":325,"column":25},"end":{"line":330,"column":14}},"type":"cond-expr","locations":[{"start":{"line":326,"column":10},"end":{"line":329,"column":12}},{"start":{"line":330,"column":10},"end":{"line":330,"column":14}}]},"57":{"loc":{"start":{"line":331,"column":28},"end":{"line":331,"column":80}},"type":"cond-expr","locations":[{"start":{"line":331,"column":41},"end":{"line":331,"column":73}},{"start":{"line":331,"column":76},"end":{"line":331,"column":80}}]},"58":{"loc":{"start":{"line":333,"column":124},"end":{"line":333,"column":150}},"type":"binary-expr","locations":[{"start":{"line":333,"column":124},"end":{"line":333,"column":137}},{"start":{"line":333,"column":141},"end":{"line":333,"column":150}}]},"59":{"loc":{"start":{"line":335,"column":6},"end":{"line":337,"column":7}},"type":"if","locations":[{"start":{"line":335,"column":6},"end":{"line":337,"column":7}}]},"60":{"loc":{"start":{"line":340,"column":6},"end":{"line":362,"column":7}},"type":"if","locations":[{"start":{"line":340,"column":6},"end":{"line":362,"column":7}},{"start":{"line":359,"column":13},"end":{"line":362,"column":7}}]},"61":{"loc":{"start":{"line":342,"column":8},"end":{"line":358,"column":9}},"type":"if","locations":[{"start":{"line":342,"column":8},"end":{"line":358,"column":9}},{"start":{"line":356,"column":15},"end":{"line":358,"column":9}}]},"62":{"loc":{"start":{"line":364,"column":6},"end":{"line":367,"column":7}},"type":"if","locations":[{"start":{"line":364,"column":6},"end":{"line":367,"column":7}}]},"63":{"loc":{"start":{"line":370,"column":4},"end":{"line":372,"column":5}},"type":"if","locations":[{"start":{"line":370,"column":4},"end":{"line":372,"column":5}}]},"64":{"loc":{"start":{"line":375,"column":22},"end":{"line":375,"column":83}},"type":"cond-expr","locations":[{"start":{"line":375,"column":45},"end":{"line":375,"column":56}},{"start":{"line":375,"column":59},"end":{"line":375,"column":83}}]},"65":{"loc":{"start":{"line":381,"column":6},"end":{"line":384,"column":7}},"type":"if","locations":[{"start":{"line":381,"column":6},"end":{"line":384,"column":7}}]},"66":{"loc":{"start":{"line":401,"column":2},"end":{"line":401,"column":28}},"type":"if","locations":[{"start":{"line":401,"column":2},"end":{"line":401,"column":28}}]},"67":{"loc":{"start":{"line":422,"column":2},"end":{"line":422,"column":88}},"type":"if","locations":[{"start":{"line":422,"column":2},"end":{"line":422,"column":88}}]},"68":{"loc":{"start":{"line":422,"column":6},"end":{"line":422,"column":65}},"type":"binary-expr","locations":[{"start":{"line":422,"column":6},"end":{"line":422,"column":12}},{"start":{"line":422,"column":16},"end":{"line":422,"column":65}}]},"69":{"loc":{"start":{"line":427,"column":27},"end":{"line":427,"column":96}},"type":"binary-expr","locations":[{"start":{"line":427,"column":27},"end":{"line":427,"column":46}},{"start":{"line":427,"column":50},"end":{"line":427,"column":75}},{"start":{"line":427,"column":79},"end":{"line":427,"column":96}}]},"70":{"loc":{"start":{"line":431,"column":17},"end":{"line":431,"column":56}},"type":"binary-expr","locations":[{"start":{"line":431,"column":17},"end":{"line":431,"column":37}},{"start":{"line":431,"column":41},"end":{"line":431,"column":56}}]},"71":{"loc":{"start":{"line":432,"column":4},"end":{"line":432,"column":42}},"type":"if","locations":[{"start":{"line":432,"column":4},"end":{"line":432,"column":42}}]},"72":{"loc":{"start":{"line":444,"column":11},"end":{"line":444,"column":60}},"type":"binary-expr","locations":[{"start":{"line":444,"column":11},"end":{"line":444,"column":31}},{"start":{"line":444,"column":35},"end":{"line":444,"column":50}},{"start":{"line":444,"column":54},"end":{"line":444,"column":60}}]},"73":{"loc":{"start":{"line":451,"column":11},"end":{"line":451,"column":42}},"type":"binary-expr","locations":[{"start":{"line":451,"column":11},"end":{"line":451,"column":29}},{"start":{"line":451,"column":33},"end":{"line":451,"column":42}}]},"74":{"loc":{"start":{"line":470,"column":17},"end":{"line":472,"column":31}},"type":"cond-expr","locations":[{"start":{"line":471,"column":6},"end":{"line":471,"column":62}},{"start":{"line":472,"column":6},"end":{"line":472,"column":31}}]},"75":{"loc":{"start":{"line":473,"column":15},"end":{"line":473,"column":50}},"type":"cond-expr","locations":[{"start":{"line":473,"column":41},"end":{"line":473,"column":44}},{"start":{"line":473,"column":47},"end":{"line":473,"column":50}}]},"76":{"loc":{"start":{"line":497,"column":19},"end":{"line":497,"column":39}},"type":"binary-expr","locations":[{"start":{"line":497,"column":19},"end":{"line":497,"column":33}},{"start":{"line":497,"column":37},"end":{"line":497,"column":39}}]},"77":{"loc":{"start":{"line":511,"column":19},"end":{"line":511,"column":59}},"type":"binary-expr","locations":[{"start":{"line":511,"column":19},"end":{"line":511,"column":46}},{"start":{"line":511,"column":50},"end":{"line":511,"column":59}}]},"78":{"loc":{"start":{"line":511,"column":33},"end":{"line":511,"column":45}},"type":"binary-expr","locations":[{"start":{"line":511,"column":33},"end":{"line":511,"column":39}},{"start":{"line":511,"column":43},"end":{"line":511,"column":45}}]},"79":{"loc":{"start":{"line":512,"column":17},"end":{"line":512,"column":76}},"type":"cond-expr","locations":[{"start":{"line":512,"column":24},"end":{"line":512,"column":71}},{"start":{"line":512,"column":74},"end":{"line":512,"column":76}}]},"80":{"loc":{"start":{"line":513,"column":42},"end":{"line":513,"column":54}},"type":"binary-expr","locations":[{"start":{"line":513,"column":42},"end":{"line":513,"column":48}},{"start":{"line":513,"column":52},"end":{"line":513,"column":54}}]},"81":{"loc":{"start":{"line":515,"column":28},"end":{"line":515,"column":49}},"type":"binary-expr","locations":[{"start":{"line":515,"column":28},"end":{"line":515,"column":43}},{"start":{"line":515,"column":47},"end":{"line":515,"column":49}}]},"82":{"loc":{"start":{"line":517,"column":20},"end":{"line":517,"column":73}},"type":"binary-expr","locations":[{"start":{"line":517,"column":20},"end":{"line":517,"column":67}},{"start":{"line":517,"column":71},"end":{"line":517,"column":73}}]},"83":{"loc":{"start":{"line":518,"column":8},"end":{"line":523,"column":9}},"type":"if","locations":[{"start":{"line":518,"column":8},"end":{"line":523,"column":9}}]},"84":{"loc":{"start":{"line":518,"column":12},"end":{"line":518,"column":73}},"type":"binary-expr","locations":[{"start":{"line":518,"column":12},"end":{"line":518,"column":45}},{"start":{"line":518,"column":49},"end":{"line":518,"column":73}}]},"85":{"loc":{"start":{"line":520,"column":10},"end":{"line":522,"column":11}},"type":"if","locations":[{"start":{"line":520,"column":10},"end":{"line":522,"column":11}}]},"86":{"loc":{"start":{"line":536,"column":4},"end":{"line":536,"column":27}},"type":"if","locations":[{"start":{"line":536,"column":4},"end":{"line":536,"column":27}}]},"87":{"loc":{"start":{"line":545,"column":2},"end":{"line":545,"column":52}},"type":"if","locations":[{"start":{"line":545,"column":2},"end":{"line":545,"column":52}}]},"88":{"loc":{"start":{"line":546,"column":2},"end":{"line":546,"column":117}},"type":"if","locations":[{"start":{"line":546,"column":2},"end":{"line":546,"column":117}}]},"89":{"loc":{"start":{"line":546,"column":6},"end":{"line":546,"column":96}},"type":"binary-expr","locations":[{"start":{"line":546,"column":6},"end":{"line":546,"column":34}},{"start":{"line":546,"column":39},"end":{"line":546,"column":71}},{"start":{"line":546,"column":75},"end":{"line":546,"column":95}}]},"90":{"loc":{"start":{"line":547,"column":2},"end":{"line":547,"column":101}},"type":"if","locations":[{"start":{"line":547,"column":2},"end":{"line":547,"column":101}}]},"91":{"loc":{"start":{"line":547,"column":6},"end":{"line":547,"column":80}},"type":"binary-expr","locations":[{"start":{"line":547,"column":6},"end":{"line":547,"column":34}},{"start":{"line":547,"column":39},"end":{"line":547,"column":59}},{"start":{"line":547,"column":63},"end":{"line":547,"column":79}}]},"92":{"loc":{"start":{"line":548,"column":2},"end":{"line":548,"column":44}},"type":"if","locations":[{"start":{"line":548,"column":2},"end":{"line":548,"column":44}}]},"93":{"loc":{"start":{"line":549,"column":2},"end":{"line":549,"column":94}},"type":"if","locations":[{"start":{"line":549,"column":2},"end":{"line":549,"column":94}}]},"94":{"loc":{"start":{"line":549,"column":6},"end":{"line":549,"column":70}},"type":"binary-expr","locations":[{"start":{"line":549,"column":6},"end":{"line":549,"column":37}},{"start":{"line":549,"column":41},"end":{"line":549,"column":70}}]},"95":{"loc":{"start":{"line":550,"column":2},"end":{"line":550,"column":37}},"type":"if","locations":[{"start":{"line":550,"column":2},"end":{"line":550,"column":37}}]},"96":{"loc":{"start":{"line":551,"column":2},"end":{"line":551,"column":114}},"type":"if","locations":[{"start":{"line":551,"column":2},"end":{"line":551,"column":114}}]},"97":{"loc":{"start":{"line":551,"column":6},"end":{"line":551,"column":94}},"type":"binary-expr","locations":[{"start":{"line":551,"column":6},"end":{"line":551,"column":32}},{"start":{"line":551,"column":36},"end":{"line":551,"column":60}},{"start":{"line":551,"column":64},"end":{"line":551,"column":94}}]},"98":{"loc":{"start":{"line":552,"column":2},"end":{"line":552,"column":44}},"type":"if","locations":[{"start":{"line":552,"column":2},"end":{"line":552,"column":44}}]},"99":{"loc":{"start":{"line":553,"column":2},"end":{"line":553,"column":187}},"type":"if","locations":[{"start":{"line":553,"column":2},"end":{"line":553,"column":187}}]},"100":{"loc":{"start":{"line":553,"column":6},"end":{"line":553,"column":160}},"type":"binary-expr","locations":[{"start":{"line":553,"column":6},"end":{"line":553,"column":38}},{"start":{"line":553,"column":42},"end":{"line":553,"column":77}},{"start":{"line":553,"column":81},"end":{"line":553,"column":115}},{"start":{"line":553,"column":119},"end":{"line":553,"column":160}}]},"101":{"loc":{"start":{"line":554,"column":2},"end":{"line":554,"column":48}},"type":"if","locations":[{"start":{"line":554,"column":2},"end":{"line":554,"column":48}}]},"102":{"loc":{"start":{"line":555,"column":2},"end":{"line":555,"column":112}},"type":"if","locations":[{"start":{"line":555,"column":2},"end":{"line":555,"column":112}}]},"103":{"loc":{"start":{"line":555,"column":6},"end":{"line":555,"column":87}},"type":"binary-expr","locations":[{"start":{"line":555,"column":6},"end":{"line":555,"column":25}},{"start":{"line":555,"column":29},"end":{"line":555,"column":57}},{"start":{"line":555,"column":61},"end":{"line":555,"column":87}}]},"104":{"loc":{"start":{"line":556,"column":2},"end":{"line":556,"column":135}},"type":"if","locations":[{"start":{"line":556,"column":2},"end":{"line":556,"column":135}}]},"105":{"loc":{"start":{"line":556,"column":6},"end":{"line":556,"column":115}},"type":"binary-expr","locations":[{"start":{"line":556,"column":6},"end":{"line":556,"column":28}},{"start":{"line":556,"column":32},"end":{"line":556,"column":61}},{"start":{"line":556,"column":65},"end":{"line":556,"column":87}},{"start":{"line":556,"column":91},"end":{"line":556,"column":115}}]}},"s":{"0":1,"1":1,"2":1,"3":1,"4":1,"5":1,"6":1,"7":1,"8":0,"9":0,"10":0,"11":0,"12":0,"13":0,"14":0,"15":0,"16":0,"17":0,"18":0,"19":0,"20":0,"21":0,"22":0,"23":0,"24":0,"25":0,"26":0,"27":0,"28":0,"29":0,"30":0,"31":0,"32":0,"33":0,"34":0,"35":0,"36":0,"37":0,"38":0,"39":0,"40":0,"41":0,"42":0,"43":0,"44":0,"45":0,"46":0,"47":0,"48":0,"49":0,"50":0,"51":0,"52":0,"53":0,"54":0,"55":0,"56":0,"57":0,"58":0,"59":0,"60":0,"61":0,"62":0,"63":0,"64":0,"65":0,"66":0,"67":0,"68":0,"69":0,"70":0,"71":0,"72":0,"73":0,"74":0,"75":0,"76":0,"77":0,"78":0,"79":0,"80":0,"81":0,"82":0,"83":0,"84":0,"85":0,"86":0,"87":0,"88":0,"89":0,"90":0,"91":0,"92":0,"93":0,"94":0,"95":0,"96":0,"97":0,"98":0,"99":0,"100":0,"101":0,"102":0,"103":0,"104":0,"105":0,"106":0,"107":0,"108":0,"109":0,"110":0,"111":0,"112":0,"113":0,"114":0,"115":0,"116":0,"117":0,"118":0,"119":0,"120":0,"121":0,"122":0,"123":0,"124":0,"125":0,"126":0,"127":0,"128":0,"129":0,"130":0,"131":0,"132":0,"133":0,"134":0,"135":0,"136":0,"137":0,"138":0,"139":0,"140":0,"141":0,"142":0,"143":0,"144":0,"145":0,"146":0,"147":0,"148":0,"149":0,"150":0,"151":0,"152":0,"153":0,"154":0,"155":0,"156":0,"157":0,"158":0,"159":0,"160":0,"161":0,"162":0,"163":0,"164":0,"165":0,"166":0,"167":0,"168":0,"169":0,"170":0,"171":0,"172":0,"173":0,"174":0,"175":0,"176":0,"177":0,"178":0,"179":0,"180":0,"181":0,"182":0,"183":0,"184":0,"185":0,"186":0,"187":0,"188":0,"189":0,"190":0,"191":0,"192":0,"193":0,"194":0,"195":0,"196":0,"197":0,"198":0,"199":0,"200":0,"201":1,"202":1,"203":0,"204":0,"205":0,"206":0,"207":0,"208":0,"209":0,"210":0,"211":0,"212":0,"213":0,"214":0,"215":0,"216":0,"217":0,"218":0,"219":0,"220":0,"221":0,"222":0,"223":0,"224":0,"225":0,"226":0,"227":6,"228":0,"229":0,"230":0,"231":0,"232":0,"233":0,"234":0,"235":0,"236":0,"237":0,"238":0,"239":0,"240":0,"241":0,"242":0,"243":0,"244":0,"245":0,"246":0,"247":0,"248":0,"249":0,"250":0,"251":0,"252":0,"253":0,"254":0,"255":6,"256":6,"257":0,"258":6,"259":3,"260":3,"261":1,"262":2,"263":0,"264":2,"265":0,"266":2,"267":0,"268":2,"269":0,"270":2,"271":0,"272":2,"273":0,"274":2,"275":0,"276":2,"277":0,"278":2,"279":0,"280":2},"f":{"0":0,"1":0,"2":0,"3":0,"4":0,"5":0,"6":0,"7":0,"8":0,"9":0,"10":0,"11":0,"12":0,"13":0,"14":0,"15":0,"16":0,"17":0,"18":0,"19":0,"20":0,"21":0,"22":0,"23":0,"24":0,"25":0,"26":0,"27":0,"28":0,"29":0,"30":0,"31":0,"32":0,"33":0,"34":0,"35":0,"36":0,"37":0,"38":6,"39":0,"40":0,"41":0,"42":0,"43":0,"44":0,"45":6},"b":{"0":[0,1],"1":[1,0],"2":[0],"3":[0,0],"4":[0],"5":[0],"6":[0,0,0],"7":[0,0],"8":[0],"9":[0,0],"10":[0],"11":[0],"12":[0],"13":[0],"14":[0],"15":[0,0],"16":[0],"17":[0,0],"18":[0,0],"19":[0],"20":[0,0],"21":[0],"22":[0,0],"23":[0],"24":[0,0],"25":[0,0],"26":[0,0,0],"27":[0,0],"28":[0,0],"29":[0,0],"30":[0,0],"31":[0],"32":[0],"33":[0,0],"34":[0,0],"35":[0,0],"36":[0],"37":[0],"38":[0],"39":[0,0],"40":[0],"41":[0],"42":[0],"43":[0],"44":[0,0],"45":[0],"46":[0],"47":[0,0],"48":[0],"49":[0,0],"50":[0],"51":[0,0],"52":[0],"53":[0,0],"54":[0,0],"55":[0,0],"56":[0,0],"57":[0,0],"58":[0,0],"59":[0],"60":[0,0],"61":[0,0],"62":[0],"63":[0],"64":[0,0],"65":[0],"66":[0],"67":[0],"68":[0,0],"69":[0,0,0],"70":[0,0],"71":[0],"72":[0,0,0],"73":[0,0],"74":[0,0],"75":[0,0],"76":[0,0],"77":[0,0],"78":[0,0],"79":[0,0],"80":[0,0],"81":[0,0],"82":[0,0],"83":[0],"84":[0,0],"85":[0],"86":[0],"87":[0],"88":[3],"89":[6,4,2],"90":[1],"91":[3,2,0],"92":[0],"93":[0],"94":[2,2],"95":[0],"96":[0],"97":[2,2,2],"98":[0],"99":[0],"100":[2,2,2,2],"101":[0],"102":[0],"103":[2,2,2],"104":[0],"105":[2,2,2,2]}}
,"/Users/nacho/Decentraland/agent-server/src/controllers/routes.ts": {"path":"/Users/nacho/Decentraland/agent-server/src/controllers/routes.ts","statementMap":{"0":{"start":{"line":6,"column":17},"end":{"line":6,"column":44}},"1":{"start":{"line":8,"column":2},"end":{"line":8,"column":null}}},"fnMap":{"0":{"name":"setupRouter","decl":{"start":{"line":5,"column":22},"end":{"line":5,"column":33}},"loc":{"start":{"line":5,"column":63},"end":{"line":9,"column":1}}}},"branchMap":{},"s":{"0":1,"1":1},"f":{"0":1},"b":{}}
}
