{"/Users/nacho/Decentraland/agent-server/src/agent.ts": {"path":"/Users/nacho/Decentraland/agent-server/src/agent.ts","statementMap":{"0":{"start":{"line":18,"column":18},"end":{"line":18,"column":57}},"1":{"start":{"line":19,"column":19},"end":{"line":19,"column":40}},"2":{"start":{"line":21,"column":18},"end":{"line":21,"column":34}},"3":{"start":{"line":44,"column":28},"end":{"line":44,"column":45}},"4":{"start":{"line":45,"column":30},"end":{"line":45,"column":68}},"5":{"start":{"line":46,"column":30},"end":{"line":46,"column":98}},"6":{"start":{"line":47,"column":38},"end":{"line":47,"column":51}},"7":{"start":{"line":56,"column":38},"end":{"line":56,"column":42}},"8":{"start":{"line":58,"column":52},"end":{"line":58,"column":56}},"9":{"start":{"line":59,"column":38},"end":{"line":59,"column":42}},"10":{"start":{"line":61,"column":17},"end":{"line":63,"column":34}},"11":{"start":{"line":66,"column":2},"end":{"line":68,"column":3}},"12":{"start":{"line":67,"column":4},"end":{"line":67,"column":50}},"13":{"start":{"line":69,"column":2},"end":{"line":71,"column":3}},"14":{"start":{"line":70,"column":4},"end":{"line":70,"column":59}},"15":{"start":{"line":72,"column":2},"end":{"line":74,"column":3}},"16":{"start":{"line":73,"column":4},"end":{"line":73,"column":46}},"17":{"start":{"line":75,"column":2},"end":{"line":77,"column":3}},"18":{"start":{"line":76,"column":4},"end":{"line":76,"column":57}},"19":{"start":{"line":78,"column":2},"end":{"line":80,"column":3}},"20":{"start":{"line":79,"column":4},"end":{"line":79,"column":57}},"21":{"start":{"line":82,"column":2},"end":{"line":82,"column":48}},"22":{"start":{"line":83,"column":2},"end":{"line":83,"column":40}},"23":{"start":{"line":85,"column":17},"end":{"line":85,"column":102}},"24":{"start":{"line":85,"column":90},"end":{"line":85,"column":94}},"25":{"start":{"line":87,"column":2},"end":{"line":103,"column":3}},"26":{"start":{"line":88,"column":4},"end":{"line":88,"column":56}},"27":{"start":{"line":89,"column":4},"end":{"line":89,"column":45}},"28":{"start":{"line":90,"column":4},"end":{"line":90,"column":30}},"29":{"start":{"line":91,"column":9},"end":{"line":103,"column":3}},"30":{"start":{"line":92,"column":4},"end":{"line":92,"column":53}},"31":{"start":{"line":93,"column":9},"end":{"line":103,"column":3}},"32":{"start":{"line":94,"column":4},"end":{"line":94,"column":83}},"33":{"start":{"line":95,"column":17},"end":{"line":97,"column":6}},"34":{"start":{"line":98,"column":4},"end":{"line":98,"column":43}},"35":{"start":{"line":100,"column":4},"end":{"line":102,"column":6}},"36":{"start":{"line":105,"column":2},"end":{"line":105,"column":45}},"37":{"start":{"line":109,"column":2},"end":{"line":109,"column":55}},"38":{"start":{"line":109,"column":48},"end":{"line":109,"column":55}},"39":{"start":{"line":111,"column":15},"end":{"line":111,"column":46}},"40":{"start":{"line":112,"column":2},"end":{"line":112,"column":40}},"41":{"start":{"line":112,"column":33},"end":{"line":112,"column":40}},"42":{"start":{"line":114,"column":2},"end":{"line":114,"column":26}},"43":{"start":{"line":115,"column":2},"end":{"line":117,"column":5}},"44":{"start":{"line":116,"column":4},"end":{"line":116,"column":64}},"45":{"start":{"line":118,"column":2},"end":{"line":118,"column":62}},"46":{"start":{"line":122,"column":2},"end":{"line":124,"column":3}},"47":{"start":{"line":123,"column":4},"end":{"line":123,"column":70}},"48":{"start":{"line":126,"column":85},"end":{"line":126,"column":92}},"49":{"start":{"line":127,"column":27},"end":{"line":127,"column":51}},"50":{"start":{"line":128,"column":25},"end":{"line":128,"column":50}},"51":{"start":{"line":130,"column":23},"end":{"line":133,"column":10}},"52":{"start":{"line":135,"column":24},"end":{"line":135,"column":54}},"53":{"start":{"line":136,"column":16},"end":{"line":136,"column":65}},"54":{"start":{"line":137,"column":2},"end":{"line":139,"column":3}},"55":{"start":{"line":138,"column":4},"end":{"line":138,"column":71}},"56":{"start":{"line":141,"column":14},"end":{"line":141,"column":27}},"57":{"start":{"line":142,"column":25},"end":{"line":149,"column":4}},"58":{"start":{"line":150,"column":2},"end":{"line":150,"column":32}},"59":{"start":{"line":152,"column":22},"end":{"line":162,"column":4}},"60":{"start":{"line":164,"column":2},"end":{"line":200,"column":3}},"61":{"start":{"line":165,"column":19},"end":{"line":165,"column":81}},"62":{"start":{"line":167,"column":4},"end":{"line":169,"column":5}},"63":{"start":{"line":168,"column":6},"end":{"line":168,"column":45}},"64":{"start":{"line":171,"column":4},"end":{"line":171,"column":45}},"65":{"start":{"line":172,"column":4},"end":{"line":172,"column":57}},"66":{"start":{"line":173,"column":4},"end":{"line":173,"column":52}},"67":{"start":{"line":174,"column":4},"end":{"line":174,"column":33}},"68":{"start":{"line":176,"column":25},"end":{"line":176,"column":48}},"69":{"start":{"line":177,"column":4},"end":{"line":177,"column":62}},"70":{"start":{"line":178,"column":4},"end":{"line":184,"column":5}},"71":{"start":{"line":179,"column":22},"end":{"line":179,"column":90}},"72":{"start":{"line":180,"column":20},"end":{"line":182,"column":12}},"73":{"start":{"line":183,"column":6},"end":{"line":183,"column":75}},"74":{"start":{"line":186,"column":29},"end":{"line":186,"column":59}},"75":{"start":{"line":187,"column":4},"end":{"line":187,"column":72}},"76":{"start":{"line":189,"column":17},"end":{"line":189,"column":53}},"77":{"start":{"line":190,"column":4},"end":{"line":190,"column":55}},"78":{"start":{"line":192,"column":18},"end":{"line":192,"column":48}},"79":{"start":{"line":193,"column":4},"end":{"line":195,"column":5}},"80":{"start":{"line":194,"column":6},"end":{"line":194,"column":92}},"81":{"start":{"line":197,"column":4},"end":{"line":197,"column":61}},"82":{"start":{"line":199,"column":4},"end":{"line":199,"column":22}},"83":{"start":{"line":204,"column":2},"end":{"line":211,"column":5}},"84":{"start":{"line":205,"column":4},"end":{"line":210,"column":5}},"85":{"start":{"line":209,"column":6},"end":{"line":209,"column":61}},"86":{"start":{"line":215,"column":2},"end":{"line":231,"column":3}},"87":{"start":{"line":215,"column":15},"end":{"line":215,"column":34}},"88":{"start":{"line":216,"column":16},"end":{"line":216,"column":27}},"89":{"start":{"line":217,"column":4},"end":{"line":230,"column":5}},"90":{"start":{"line":218,"column":18},"end":{"line":218,"column":42}},"91":{"start":{"line":219,"column":19},"end":{"line":219,"column":54}},"92":{"start":{"line":221,"column":23},"end":{"line":221,"column":49}},"93":{"start":{"line":223,"column":6},"end":{"line":228,"column":7}},"94":{"start":{"line":224,"column":23},"end":{"line":224,"column":43}},"95":{"start":{"line":225,"column":8},"end":{"line":225,"column":66}},"96":{"start":{"line":227,"column":8},"end":{"line":227,"column":21}},"97":{"start":{"line":229,"column":6},"end":{"line":229,"column":39}},"98":{"start":{"line":232,"column":2},"end":{"line":232,"column":14}},"99":{"start":{"line":236,"column":13},"end":{"line":236,"column":14}},"100":{"start":{"line":237,"column":15},"end":{"line":237,"column":16}},"101":{"start":{"line":239,"column":2},"end":{"line":244,"column":3}},"102":{"start":{"line":240,"column":4},"end":{"line":243,"column":5}},"103":{"start":{"line":241,"column":6},"end":{"line":241,"column":41}},"104":{"start":{"line":242,"column":6},"end":{"line":242,"column":43}},"105":{"start":{"line":246,"column":2},"end":{"line":246,"column":26}}},"fnMap":{"0":{"name":"initAgent","decl":{"start":{"line":65,"column":22},"end":{"line":65,"column":31}},"loc":{"start":{"line":65,"column":51},"end":{"line":106,"column":1}}},"1":{"name":"(anonymous_1)","decl":{"start":{"line":85,"column":84},"end":{"line":85,"column":87}},"loc":{"start":{"line":85,"column":90},"end":{"line":85,"column":94}}},"2":{"name":"syncAuth","decl":{"start":{"line":108,"column":22},"end":{"line":108,"column":30}},"loc":{"start":{"line":108,"column":30},"end":{"line":119,"column":1}}},"3":{"name":"(anonymous_3)","decl":{"start":{"line":115,"column":50},"end":{"line":115,"column":51}},"loc":{"start":{"line":115,"column":67},"end":{"line":117,"column":3}}},"4":{"name":"runAgent","decl":{"start":{"line":121,"column":22},"end":{"line":121,"column":30}},"loc":{"start":{"line":121,"column":50},"end":{"line":201,"column":1}}},"5":{"name":"subscribeToTextDeltas","decl":{"start":{"line":203,"column":9},"end":{"line":203,"column":30}},"loc":{"start":{"line":203,"column":65},"end":{"line":212,"column":1}}},"6":{"name":"(anonymous_6)","decl":{"start":{"line":204,"column":20},"end":{"line":204,"column":21}},"loc":{"start":{"line":204,"column":35},"end":{"line":211,"column":3}}},"7":{"name":"extractError","decl":{"start":{"line":214,"column":9},"end":{"line":214,"column":21}},"loc":{"start":{"line":214,"column":37},"end":{"line":233,"column":1}}},"8":{"name":"computeUsage","decl":{"start":{"line":235,"column":9},"end":{"line":235,"column":21}},"loc":{"start":{"line":235,"column":37},"end":{"line":247,"column":1}}}},"branchMap":{"0":{"loc":{"start":{"line":61,"column":17},"end":{"line":63,"column":34}},"type":"cond-expr","locations":[{"start":{"line":62,"column":4},"end":{"line":62,"column":22}},{"start":{"line":63,"column":4},"end":{"line":63,"column":34}}]},"1":{"loc":{"start":{"line":61,"column":17},"end":{"line":61,"column":77}},"type":"binary-expr","locations":[{"start":{"line":61,"column":17},"end":{"line":61,"column":54}},{"start":{"line":61,"column":58},"end":{"line":61,"column":77}}]},"2":{"loc":{"start":{"line":66,"column":2},"end":{"line":68,"column":3}},"type":"if","locations":[{"start":{"line":66,"column":2},"end":{"line":68,"column":3}}]},"3":{"loc":{"start":{"line":69,"column":2},"end":{"line":71,"column":3}},"type":"if","locations":[{"start":{"line":69,"column":2},"end":{"line":71,"column":3}}]},"4":{"loc":{"start":{"line":72,"column":2},"end":{"line":74,"column":3}},"type":"if","locations":[{"start":{"line":72,"column":2},"end":{"line":74,"column":3}}]},"5":{"loc":{"start":{"line":75,"column":2},"end":{"line":77,"column":3}},"type":"if","locations":[{"start":{"line":75,"column":2},"end":{"line":77,"column":3}}]},"6":{"loc":{"start":{"line":78,"column":2},"end":{"line":80,"column":3}},"type":"if","locations":[{"start":{"line":78,"column":2},"end":{"line":80,"column":3}}]},"7":{"loc":{"start":{"line":82,"column":12},"end":{"line":82,"column":47}},"type":"binary-expr","locations":[{"start":{"line":82,"column":12},"end":{"line":82,"column":24}},{"start":{"line":82,"column":28},"end":{"line":82,"column":47}}]},"8":{"loc":{"start":{"line":83,"column":19},"end":{"line":83,"column":39}},"type":"binary-expr","locations":[{"start":{"line":83,"column":19},"end":{"line":83,"column":31}},{"start":{"line":83,"column":35},"end":{"line":83,"column":39}}]},"9":{"loc":{"start":{"line":85,"column":17},"end":{"line":85,"column":102}},"type":"cond-expr","locations":[{"start":{"line":85,"column":34},"end":{"line":85,"column":95}},{"start":{"line":85,"column":98},"end":{"line":85,"column":102}}]},"10":{"loc":{"start":{"line":87,"column":2},"end":{"line":103,"column":3}},"type":"if","locations":[{"start":{"line":87,"column":2},"end":{"line":103,"column":3}},{"start":{"line":91,"column":9},"end":{"line":103,"column":3}}]},"11":{"loc":{"start":{"line":91,"column":9},"end":{"line":103,"column":3}},"type":"if","locations":[{"start":{"line":91,"column":9},"end":{"line":103,"column":3}},{"start":{"line":93,"column":9},"end":{"line":103,"column":3}}]},"12":{"loc":{"start":{"line":93,"column":9},"end":{"line":103,"column":3}},"type":"if","locations":[{"start":{"line":93,"column":9},"end":{"line":103,"column":3}},{"start":{"line":99,"column":9},"end":{"line":103,"column":3}}]},"13":{"loc":{"start":{"line":109,"column":2},"end":{"line":109,"column":55}},"type":"if","locations":[{"start":{"line":109,"column":2},"end":{"line":109,"column":55}}]},"14":{"loc":{"start":{"line":109,"column":6},"end":{"line":109,"column":46}},"type":"binary-expr","locations":[{"start":{"line":109,"column":6},"end":{"line":109,"column":21}},{"start":{"line":109,"column":25},"end":{"line":109,"column":46}}]},"15":{"loc":{"start":{"line":112,"column":2},"end":{"line":112,"column":40}},"type":"if","locations":[{"start":{"line":112,"column":2},"end":{"line":112,"column":40}}]},"16":{"loc":{"start":{"line":122,"column":2},"end":{"line":124,"column":3}},"type":"if","locations":[{"start":{"line":122,"column":2},"end":{"line":124,"column":3}}]},"17":{"loc":{"start":{"line":127,"column":27},"end":{"line":127,"column":51}},"type":"binary-expr","locations":[{"start":{"line":127,"column":27},"end":{"line":127,"column":40}},{"start":{"line":127,"column":44},"end":{"line":127,"column":51}}]},"18":{"loc":{"start":{"line":137,"column":2},"end":{"line":139,"column":3}},"type":"if","locations":[{"start":{"line":137,"column":2},"end":{"line":139,"column":3}}]},"19":{"loc":{"start":{"line":167,"column":4},"end":{"line":169,"column":5}},"type":"if","locations":[{"start":{"line":167,"column":4},"end":{"line":169,"column":5}}]},"20":{"loc":{"start":{"line":179,"column":22},"end":{"line":179,"column":90}},"type":"cond-expr","locations":[{"start":{"line":179,"column":41},"end":{"line":179,"column":82}},{"start":{"line":179,"column":85},"end":{"line":179,"column":90}}]},"21":{"loc":{"start":{"line":180,"column":20},"end":{"line":182,"column":12}},"type":"cond-expr","locations":[{"start":{"line":181,"column":10},"end":{"line":181,"column":95}},{"start":{"line":182,"column":10},"end":{"line":182,"column":12}}]},"22":{"loc":{"start":{"line":181,"column":59},"end":{"line":181,"column":93}},"type":"binary-expr","locations":[{"start":{"line":181,"column":59},"end":{"line":181,"column":83}},{"start":{"line":181,"column":87},"end":{"line":181,"column":93}}]},"23":{"loc":{"start":{"line":189,"column":17},"end":{"line":189,"column":53}},"type":"binary-expr","locations":[{"start":{"line":189,"column":17},"end":{"line":189,"column":47}},{"start":{"line":189,"column":51},"end":{"line":189,"column":53}}]},"24":{"loc":{"start":{"line":193,"column":4},"end":{"line":195,"column":5}},"type":"if","locations":[{"start":{"line":193,"column":4},"end":{"line":195,"column":5}}]},"25":{"loc":{"start":{"line":197,"column":40},"end":{"line":197,"column":58}},"type":"binary-expr","locations":[{"start":{"line":197,"column":40},"end":{"line":197,"column":45}},{"start":{"line":197,"column":49},"end":{"line":197,"column":58}}]},"26":{"loc":{"start":{"line":205,"column":4},"end":{"line":210,"column":5}},"type":"if","locations":[{"start":{"line":205,"column":4},"end":{"line":210,"column":5}}]},"27":{"loc":{"start":{"line":206,"column":6},"end":{"line":207,"column":56}},"type":"binary-expr","locations":[{"start":{"line":206,"column":6},"end":{"line":206,"column":37}},{"start":{"line":207,"column":6},"end":{"line":207,"column":56}}]},"28":{"loc":{"start":{"line":217,"column":4},"end":{"line":230,"column":5}},"type":"if","locations":[{"start":{"line":217,"column":4},"end":{"line":230,"column":5}}]},"29":{"loc":{"start":{"line":217,"column":8},"end":{"line":217,"column":82}},"type":"binary-expr","locations":[{"start":{"line":217,"column":8},"end":{"line":217,"column":32}},{"start":{"line":217,"column":36},"end":{"line":217,"column":62}},{"start":{"line":217,"column":66},"end":{"line":217,"column":82}}]},"30":{"loc":{"start":{"line":219,"column":19},"end":{"line":219,"column":54}},"type":"binary-expr","locations":[{"start":{"line":219,"column":19},"end":{"line":219,"column":41}},{"start":{"line":219,"column":45},"end":{"line":219,"column":54}}]},"31":{"loc":{"start":{"line":225,"column":17},"end":{"line":225,"column":65}},"type":"binary-expr","locations":[{"start":{"line":225,"column":17},"end":{"line":225,"column":39}},{"start":{"line":225,"column":43},"end":{"line":225,"column":58}},{"start":{"line":225,"column":62},"end":{"line":225,"column":65}}]},"32":{"loc":{"start":{"line":240,"column":4},"end":{"line":243,"column":5}},"type":"if","locations":[{"start":{"line":240,"column":4},"end":{"line":243,"column":5}}]},"33":{"loc":{"start":{"line":240,"column":8},"end":{"line":240,"column":45}},"type":"binary-expr","locations":[{"start":{"line":240,"column":8},"end":{"line":240,"column":32}},{"start":{"line":240,"column":36},"end":{"line":240,"column":45}}]},"34":{"loc":{"start":{"line":241,"column":14},"end":{"line":241,"column":40}},"type":"binary-expr","locations":[{"start":{"line":241,"column":14},"end":{"line":241,"column":35}},{"start":{"line":241,"column":39},"end":{"line":241,"column":40}}]},"35":{"loc":{"start":{"line":242,"column":16},"end":{"line":242,"column":42}},"type":"binary-expr","locations":[{"start":{"line":242,"column":16},"end":{"line":242,"column":37}},{"start":{"line":242,"column":41},"end":{"line":242,"column":42}}]}},"s":{"0":2,"1":2,"2":2,"3":2,"4":2,"5":2,"6":2,"7":2,"8":2,"9":2,"10":2,"11":0,"12":0,"13":0,"14":0,"15":0,"16":0,"17":0,"18":0,"19":0,"20":0,"21":0,"22":0,"23":0,"24":0,"25":0,"26":0,"27":0,"28":0,"29":0,"30":0,"31":0,"32":0,"33":0,"34":0,"35":0,"36":0,"37":0,"38":0,"39":0,"40":0,"41":0,"42":0,"43":0,"44":0,"45":0,"46":0,"47":0,"48":0,"49":0,"50":0,"51":0,"52":0,"53":0,"54":0,"55":0,"56":0,"57":0,"58":0,"59":0,"60":0,"61":0,"62":0,"63":0,"64":0,"65":0,"66":0,"67":0,"68":0,"69":0,"70":0,"71":0,"72":0,"73":0,"74":0,"75":0,"76":0,"77":0,"78":0,"79":0,"80":0,"81":0,"82":0,"83":0,"84":0,"85":0,"86":0,"87":0,"88":0,"89":0,"90":0,"91":0,"92":0,"93":0,"94":0,"95":0,"96":0,"97":0,"98":0,"99":0,"100":0,"101":0,"102":0,"103":0,"104":0,"105":0},"f":{"0":0,"1":0,"2":0,"3":0,"4":0,"5":0,"6":0,"7":0,"8":0},"b":{"0":[0,2],"1":[2,0],"2":[0],"3":[0],"4":[0],"5":[0],"6":[0],"7":[0,0],"8":[0,0],"9":[0,0],"10":[0,0],"11":[0,0],"12":[0,0],"13":[0],"14":[0,0],"15":[0],"16":[0],"17":[0,0],"18":[0],"19":[0],"20":[0,0],"21":[0,0],"22":[0,0],"23":[0,0],"24":[0],"25":[0,0],"26":[0],"27":[0,0],"28":[0],"29":[0,0,0],"30":[0,0],"31":[0,0,0],"32":[0],"33":[0,0],"34":[0,0],"35":[0,0]}}
,"/Users/nacho/Decentraland/agent-server/src/cli.ts": {"path":"/Users/nacho/Decentraland/agent-server/src/cli.ts","statementMap":{"0":{"start":{"line":6,"column":15},"end":{"line":6,"column":49}},"1":{"start":{"line":7,"column":23},"end":{"line":7,"column":77}},"2":{"start":{"line":7,"column":59},"end":{"line":7,"column":76}},"3":{"start":{"line":10,"column":17},"end":{"line":10,"column":35}},"4":{"start":{"line":11,"column":2},"end":{"line":11,"column":68}},"5":{"start":{"line":11,"column":39},"end":{"line":11,"column":66}},"6":{"start":{"line":12,"column":2},"end":{"line":12,"column":16}},"7":{"start":{"line":16,"column":19},"end":{"line":16,"column":87}},"8":{"start":{"line":17,"column":2},"end":{"line":17,"column":45}},"9":{"start":{"line":21,"column":2},"end":{"line":25,"column":5}},"10":{"start":{"line":27,"column":2},"end":{"line":74,"column":3}},"11":{"start":{"line":29,"column":26},"end":{"line":29,"column":50}},"12":{"start":{"line":30,"column":4},"end":{"line":30,"column":81}},"13":{"start":{"line":30,"column":16},"end":{"line":30,"column":81}},"14":{"start":{"line":32,"column":4},"end":{"line":38,"column":5}},"15":{"start":{"line":33,"column":6},"end":{"line":33,"column":116}},"16":{"start":{"line":34,"column":6},"end":{"line":34,"column":20}},"17":{"start":{"line":36,"column":6},"end":{"line":36,"column":72}},"18":{"start":{"line":37,"column":6},"end":{"line":37,"column":22}},"19":{"start":{"line":41,"column":4},"end":{"line":41,"column":33}},"20":{"start":{"line":42,"column":4},"end":{"line":42,"column":81}},"21":{"start":{"line":42,"column":16},"end":{"line":42,"column":81}},"22":{"start":{"line":43,"column":4},"end":{"line":43,"column":77}},"23":{"start":{"line":45,"column":15},"end":{"line":45,"column":80}},"24":{"start":{"line":46,"column":28},"end":{"line":46,"column":30}},"25":{"start":{"line":48,"column":4},"end":{"line":56,"column":7}},"26":{"start":{"line":49,"column":6},"end":{"line":55,"column":7}},"27":{"start":{"line":50,"column":30},"end":{"line":50,"column":46}},"28":{"start":{"line":51,"column":8},"end":{"line":51,"column":25}},"29":{"start":{"line":52,"column":8},"end":{"line":52,"column":35}},"30":{"start":{"line":54,"column":8},"end":{"line":54,"column":25}},"31":{"start":{"line":58,"column":4},"end":{"line":58,"column":42}},"32":{"start":{"line":58,"column":25},"end":{"line":58,"column":40}},"33":{"start":{"line":60,"column":24},"end":{"line":73,"column":5}},"34":{"start":{"line":61,"column":6},"end":{"line":61,"column":17}},"35":{"start":{"line":62,"column":6},"end":{"line":62,"column":47}},"36":{"start":{"line":64,"column":6},"end":{"line":69,"column":7}},"37":{"start":{"line":65,"column":8},"end":{"line":65,"column":118}},"38":{"start":{"line":66,"column":8},"end":{"line":66,"column":42}},"39":{"start":{"line":68,"column":8},"end":{"line":68,"column":74}},"40":{"start":{"line":71,"column":6},"end":{"line":71,"column":72}},"41":{"start":{"line":72,"column":6},"end":{"line":72,"column":18}},"42":{"start":{"line":77,"column":0},"end":{"line":80,"column":3}},"43":{"start":{"line":78,"column":2},"end":{"line":78,"column":68}},"44":{"start":{"line":79,"column":2},"end":{"line":79,"column":18}}},"fnMap":{"0":{"name":"(anonymous_0)","decl":{"start":{"line":7,"column":52},"end":{"line":7,"column":53}},"loc":{"start":{"line":7,"column":59},"end":{"line":7,"column":76}}},"1":{"name":"streamingEvents","decl":{"start":{"line":9,"column":9},"end":{"line":9,"column":24}},"loc":{"start":{"line":9,"column":24},"end":{"line":13,"column":1}}},"2":{"name":"(anonymous_2)","decl":{"start":{"line":11,"column":20},"end":{"line":11,"column":21}},"loc":{"start":{"line":11,"column":39},"end":{"line":11,"column":66}}},"3":{"name":"detectReviewModel","decl":{"start":{"line":15,"column":9},"end":{"line":15,"column":26}},"loc":{"start":{"line":15,"column":42},"end":{"line":18,"column":1}}},"4":{"name":"main","decl":{"start":{"line":20,"column":15},"end":{"line":20,"column":19}},"loc":{"start":{"line":20,"column":19},"end":{"line":75,"column":1}}},"5":{"name":"(anonymous_5)","decl":{"start":{"line":48,"column":18},"end":{"line":48,"column":19}},"loc":{"start":{"line":48,"column":27},"end":{"line":56,"column":5}}},"6":{"name":"(anonymous_6)","decl":{"start":{"line":58,"column":19},"end":{"line":58,"column":22}},"loc":{"start":{"line":58,"column":25},"end":{"line":58,"column":40}}},"7":{"name":"(anonymous_7)","decl":{"start":{"line":60,"column":24},"end":{"line":60,"column":29}},"loc":{"start":{"line":60,"column":56},"end":{"line":73,"column":5}}},"8":{"name":"(anonymous_8)","decl":{"start":{"line":77,"column":13},"end":{"line":77,"column":14}},"loc":{"start":{"line":77,"column":21},"end":{"line":80,"column":1}}}},"branchMap":{"0":{"loc":{"start":{"line":16,"column":19},"end":{"line":16,"column":87}},"type":"binary-expr","locations":[{"start":{"line":16,"column":19},"end":{"line":16,"column":47}},{"start":{"line":16,"column":51},"end":{"line":16,"column":87}}]},"1":{"loc":{"start":{"line":17,"column":9},"end":{"line":17,"column":44}},"type":"cond-expr","locations":[{"start":{"line":17,"column":20},"end":{"line":17,"column":32}},{"start":{"line":17,"column":35},"end":{"line":17,"column":44}}]},"2":{"loc":{"start":{"line":27,"column":2},"end":{"line":74,"column":3}},"type":"if","locations":[{"start":{"line":27,"column":2},"end":{"line":74,"column":3}},{"start":{"line":39,"column":9},"end":{"line":74,"column":3}}]},"3":{"loc":{"start":{"line":30,"column":4},"end":{"line":30,"column":81}},"type":"if","locations":[{"start":{"line":30,"column":4},"end":{"line":30,"column":81}}]},"4":{"loc":{"start":{"line":36,"column":30},"end":{"line":36,"column":70}},"type":"cond-expr","locations":[{"start":{"line":36,"column":53},"end":{"line":36,"column":64}},{"start":{"line":36,"column":67},"end":{"line":36,"column":70}}]},"5":{"loc":{"start":{"line":42,"column":4},"end":{"line":42,"column":81}},"type":"if","locations":[{"start":{"line":42,"column":4},"end":{"line":42,"column":81}}]},"6":{"loc":{"start":{"line":49,"column":6},"end":{"line":55,"column":7}},"type":"if","locations":[{"start":{"line":49,"column":6},"end":{"line":55,"column":7}},{"start":{"line":53,"column":13},"end":{"line":55,"column":7}}]},"7":{"loc":{"start":{"line":49,"column":10},"end":{"line":49,"column":41}},"type":"binary-expr","locations":[{"start":{"line":49,"column":10},"end":{"line":49,"column":21}},{"start":{"line":49,"column":25},"end":{"line":49,"column":41}}]},"8":{"loc":{"start":{"line":68,"column":32},"end":{"line":68,"column":72}},"type":"cond-expr","locations":[{"start":{"line":68,"column":55},"end":{"line":68,"column":66}},{"start":{"line":68,"column":69},"end":{"line":68,"column":72}}]},"9":{"loc":{"start":{"line":78,"column":26},"end":{"line":78,"column":66}},"type":"cond-expr","locations":[{"start":{"line":78,"column":49},"end":{"line":78,"column":60}},{"start":{"line":78,"column":63},"end":{"line":78,"column":66}}]}},"s":{"0":0,"1":0,"2":0,"3":0,"4":0,"5":0,"6":0,"7":0,"8":0,"9":0,"10":0,"11":0,"12":0,"13":0,"14":0,"15":0,"16":0,"17":0,"18":0,"19":0,"20":0,"21":0,"22":0,"23":0,"24":0,"25":0,"26":0,"27":0,"28":0,"29":0,"30":0,"31":0,"32":0,"33":0,"34":0,"35":0,"36":0,"37":0,"38":0,"39":0,"40":0,"41":0,"42":0,"43":0,"44":0},"f":{"0":0,"1":0,"2":0,"3":0,"4":0,"5":0,"6":0,"7":0,"8":0},"b":{"0":[0,0],"1":[0,0],"2":[0,0],"3":[0],"4":[0,0],"5":[0],"6":[0,0],"7":[0,0],"8":[0,0],"9":[0,0]}}
,"/Users/nacho/Decentraland/agent-server/src/components.ts": {"path":"/Users/nacho/Decentraland/agent-server/src/components.ts","statementMap":{"0":{"start":{"line":15,"column":17},"end":{"line":15,"column":86}},"1":{"start":{"line":16,"column":18},"end":{"line":16,"column":78}},"2":{"start":{"line":17,"column":15},"end":{"line":17,"column":52}},"3":{"start":{"line":19,"column":17},"end":{"line":19,"column":81}},"4":{"start":{"line":21,"column":23},"end":{"line":21,"column":75}},"5":{"start":{"line":22,"column":18},"end":{"line":22,"column":40}},"6":{"start":{"line":24,"column":20},"end":{"line":24,"column":56}},"7":{"start":{"line":25,"column":16},"end":{"line":25,"column":87}},"8":{"start":{"line":27,"column":2},"end":{"line":27,"column":null}},"9":{"start":{"line":29,"column":2},"end":{"line":37,"column":null}}},"fnMap":{"0":{"name":"initComponents","decl":{"start":{"line":14,"column":22},"end":{"line":14,"column":36}},"loc":{"start":{"line":14,"column":36},"end":{"line":38,"column":1}}}},"branchMap":{"0":{"loc":{"start":{"line":25,"column":16},"end":{"line":25,"column":87}},"type":"cond-expr","locations":[{"start":{"line":25,"column":28},"end":{"line":25,"column":75}},{"start":{"line":25,"column":78},"end":{"line":25,"column":87}}]},"1":{"loc":{"start":{"line":36,"column":8},"end":{"line":36,"column":30}},"type":"cond-expr","locations":[{"start":{"line":36,"column":16},"end":{"line":36,"column":25}},{"start":{"line":36,"column":28},"end":{"line":36,"column":30}}]}},"s":{"0":1,"1":1,"2":1,"3":1,"4":1,"5":1,"6":1,"7":1,"8":1,"9":1},"f":{"0":1},"b":{"0":[0,1],"1":[0,1]}}
,"/Users/nacho/Decentraland/agent-server/src/concurrency.ts": {"path":"/Users/nacho/Decentraland/agent-server/src/concurrency.ts","statementMap":{"0":{"start":{"line":2,"column":19},"end":{"line":2,"column":64}},"1":{"start":{"line":5,"column":18},"end":{"line":5,"column":41}},"2":{"start":{"line":6,"column":21},"end":{"line":6,"column":49}},"3":{"start":{"line":9,"column":17},"end":{"line":9,"column":60}},"4":{"start":{"line":9,"column":45},"end":{"line":9,"column":58}},"5":{"start":{"line":10,"column":20},"end":{"line":10,"column":80}},"6":{"start":{"line":10,"column":34},"end":{"line":10,"column":78}},"7":{"start":{"line":10,"column":40},"end":{"line":10,"column":53}},"8":{"start":{"line":10,"column":66},"end":{"line":10,"column":76}},"9":{"start":{"line":12,"column":4},"end":{"line":17,"column":5}},"10":{"start":{"line":13,"column":6},"end":{"line":13,"column":34}},"11":{"start":{"line":14,"column":6},"end":{"line":14,"column":39}},"12":{"start":{"line":16,"column":6},"end":{"line":16,"column":26}},"13":{"start":{"line":19,"column":4},"end":{"line":19,"column":30}},"14":{"start":{"line":23,"column":4},"end":{"line":23,"column":18}},"15":{"start":{"line":24,"column":18},"end":{"line":24,"column":42}},"16":{"start":{"line":25,"column":4},"end":{"line":27,"column":5}},"17":{"start":{"line":26,"column":6},"end":{"line":26,"column":29}},"18":{"start":{"line":28,"column":4},"end":{"line":28,"column":31}},"19":{"start":{"line":37,"column":26},"end":{"line":37,"column":43}},"20":{"start":{"line":38,"column":25},"end":{"line":38,"column":70}},"21":{"start":{"line":39,"column":20},"end":{"line":39,"column":21}},"22":{"start":{"line":40,"column":41},"end":{"line":40,"column":43}},"23":{"start":{"line":42,"column":46},"end":{"line":42,"column":48}},"24":{"start":{"line":45,"column":31},"end":{"line":45,"column":32}},"25":{"start":{"line":46,"column":27},"end":{"line":46,"column":28}},"26":{"start":{"line":52,"column":4},"end":{"line":52,"column":39}},"27":{"start":{"line":56,"column":4},"end":{"line":58,"column":11}},"28":{"start":{"line":62,"column":4},"end":{"line":62,"column":33}},"29":{"start":{"line":67,"column":4},"end":{"line":70,"column":5}},"30":{"start":{"line":68,"column":19},"end":{"line":68,"column":56}},"31":{"start":{"line":69,"column":6},"end":{"line":69,"column":54}},"32":{"start":{"line":72,"column":26},"end":{"line":72,"column":47}},"33":{"start":{"line":73,"column":19},"end":{"line":73,"column":53}},"34":{"start":{"line":74,"column":29},"end":{"line":76,"column":9}},"35":{"start":{"line":78,"column":4},"end":{"line":78,"column":37}},"36":{"start":{"line":79,"column":17},"end":{"line":79,"column":45}},"37":{"start":{"line":81,"column":4},"end":{"line":81,"column":81}},"38":{"start":{"line":85,"column":16},"end":{"line":85,"column":47}},"39":{"start":{"line":86,"column":4},"end":{"line":89,"column":5}},"40":{"start":{"line":87,"column":6},"end":{"line":87,"column":17}},"41":{"start":{"line":88,"column":6},"end":{"line":88,"column":45}},"42":{"start":{"line":90,"column":4},"end":{"line":94,"column":7}},"43":{"start":{"line":91,"column":6},"end":{"line":93,"column":9}},"44":{"start":{"line":92,"column":8},"end":{"line":92,"column":69}},"45":{"start":{"line":92,"column":14},"end":{"line":92,"column":27}},"46":{"start":{"line":92,"column":28},"end":{"line":92,"column":38}},"47":{"start":{"line":92,"column":55},"end":{"line":92,"column":67}},"48":{"start":{"line":98,"column":4},"end":{"line":102,"column":5}},"49":{"start":{"line":99,"column":6},"end":{"line":99,"column":73}},"50":{"start":{"line":99,"column":43},"end":{"line":99,"column":71}},"51":{"start":{"line":101,"column":6},"end":{"line":101,"column":34}},"52":{"start":{"line":104,"column":4},"end":{"line":104,"column":19}},"53":{"start":{"line":105,"column":22},"end":{"line":105,"column":32}},"54":{"start":{"line":106,"column":4},"end":{"line":119,"column":5}},"55":{"start":{"line":107,"column":6},"end":{"line":107,"column":19}},"56":{"start":{"line":109,"column":25},"end":{"line":109,"column":56}},"57":{"start":{"line":110,"column":6},"end":{"line":110,"column":44}},"58":{"start":{"line":111,"column":6},"end":{"line":111,"column":28}},"59":{"start":{"line":113,"column":6},"end":{"line":113,"column":21}},"60":{"start":{"line":114,"column":6},"end":{"line":114,"column":40}},"61":{"start":{"line":115,"column":6},"end":{"line":115,"column":33}},"62":{"start":{"line":116,"column":6},"end":{"line":118,"column":9}},"63":{"start":{"line":117,"column":8},"end":{"line":117,"column":36}},"64":{"start":{"line":117,"column":32},"end":{"line":117,"column":36}},"65":{"start":{"line":124,"column":18},"end":{"line":124,"column":49}},"66":{"start":{"line":125,"column":4},"end":{"line":129,"column":5}},"67":{"start":{"line":126,"column":6},"end":{"line":128,"column":7}},"68":{"start":{"line":127,"column":8},"end":{"line":127,"column":31}},"69":{"start":{"line":130,"column":4},"end":{"line":130,"column":39}},"70":{"start":{"line":131,"column":4},"end":{"line":131,"column":40}},"71":{"start":{"line":136,"column":4},"end":{"line":136,"column":53}},"72":{"start":{"line":136,"column":28},"end":{"line":136,"column":53}},"73":{"start":{"line":137,"column":4},"end":{"line":146,"column":7}},"74":{"start":{"line":138,"column":20},"end":{"line":141,"column":19}},"75":{"start":{"line":139,"column":8},"end":{"line":139,"column":108}},"76":{"start":{"line":140,"column":8},"end":{"line":140,"column":18}},"77":{"start":{"line":142,"column":6},"end":{"line":145,"column":9}},"78":{"start":{"line":143,"column":8},"end":{"line":143,"column":28}},"79":{"start":{"line":144,"column":8},"end":{"line":144,"column":18}}},"fnMap":{"0":{"name":"(anonymous_0)","decl":{"start":{"line":4,"column":2},"end":{"line":4,"column":8}},"loc":{"start":{"line":4,"column":50},"end":{"line":20,"column":3}}},"1":{"name":"(anonymous_1)","decl":{"start":{"line":9,"column":35},"end":{"line":9,"column":36}},"loc":{"start":{"line":9,"column":45},"end":{"line":9,"column":58}}},"2":{"name":"(anonymous_2)","decl":{"start":{"line":10,"column":20},"end":{"line":10,"column":25}},"loc":{"start":{"line":10,"column":31},"end":{"line":10,"column":80}}},"3":{"name":"(anonymous_3)","decl":{"start":{"line":22,"column":10},"end":{"line":22,"column":15}},"loc":{"start":{"line":22,"column":64},"end":{"line":29,"column":3}}},"4":{"name":"(anonymous_4)","decl":{"start":{"line":51,"column":2},"end":{"line":51,"column":14}},"loc":{"start":{"line":51,"column":31},"end":{"line":53,"column":3}}},"5":{"name":"(anonymous_5)","decl":{"start":{"line":55,"column":2},"end":{"line":55,"column":6}},"loc":{"start":{"line":55,"column":22},"end":{"line":59,"column":3}}},"6":{"name":"(anonymous_6)","decl":{"start":{"line":61,"column":2},"end":{"line":61,"column":6}},"loc":{"start":{"line":61,"column":17},"end":{"line":63,"column":3}}},"7":{"name":"(anonymous_7)","decl":{"start":{"line":65,"column":2},"end":{"line":65,"column":8}},"loc":{"start":{"line":65,"column":52},"end":{"line":82,"column":3}}},"8":{"name":"(anonymous_8)","decl":{"start":{"line":84,"column":10},"end":{"line":84,"column":26}},"loc":{"start":{"line":84,"column":70},"end":{"line":95,"column":3}}},"9":{"name":"(anonymous_9)","decl":{"start":{"line":90,"column":29},"end":{"line":90,"column":30}},"loc":{"start":{"line":90,"column":49},"end":{"line":94,"column":5}}},"10":{"name":"(anonymous_10)","decl":{"start":{"line":91,"column":18},"end":{"line":91,"column":23}},"loc":{"start":{"line":91,"column":29},"end":{"line":93,"column":7}}},"11":{"name":"(anonymous_11)","decl":{"start":{"line":97,"column":10},"end":{"line":97,"column":15}},"loc":{"start":{"line":97,"column":67},"end":{"line":120,"column":3}}},"12":{"name":"(anonymous_12)","decl":{"start":{"line":99,"column":30},"end":{"line":99,"column":31}},"loc":{"start":{"line":99,"column":43},"end":{"line":99,"column":71}}},"13":{"name":"(anonymous_13)","decl":{"start":{"line":116,"column":34},"end":{"line":116,"column":35}},"loc":{"start":{"line":116,"column":40},"end":{"line":118,"column":7}}},"14":{"name":"(anonymous_14)","decl":{"start":{"line":122,"column":10},"end":{"line":122,"column":15}},"loc":{"start":{"line":122,"column":45},"end":{"line":132,"column":3}}},"15":{"name":"(anonymous_15)","decl":{"start":{"line":135,"column":2},"end":{"line":135,"column":7}},"loc":{"start":{"line":135,"column":26},"end":{"line":147,"column":3}}},"16":{"name":"(anonymous_16)","decl":{"start":{"line":137,"column":29},"end":{"line":137,"column":30}},"loc":{"start":{"line":137,"column":41},"end":{"line":146,"column":5}}},"17":{"name":"(anonymous_17)","decl":{"start":{"line":138,"column":31},"end":{"line":138,"column":34}},"loc":{"start":{"line":138,"column":36},"end":{"line":141,"column":7}}},"18":{"name":"(anonymous_18)","decl":{"start":{"line":142,"column":31},"end":{"line":142,"column":34}},"loc":{"start":{"line":142,"column":36},"end":{"line":145,"column":7}}}},"branchMap":{"0":{"loc":{"start":{"line":6,"column":21},"end":{"line":6,"column":49}},"type":"cond-expr","locations":[{"start":{"line":6,"column":29},"end":{"line":6,"column":45}},{"start":{"line":6,"column":48},"end":{"line":6,"column":49}}]},"1":{"loc":{"start":{"line":12,"column":4},"end":{"line":17,"column":5}},"type":"if","locations":[{"start":{"line":12,"column":4},"end":{"line":17,"column":5}},{"start":{"line":15,"column":11},"end":{"line":17,"column":5}}]},"2":{"loc":{"start":{"line":51,"column":14},"end":{"line":51,"column":31}},"type":"default-arg","locations":[{"start":{"line":51,"column":30},"end":{"line":51,"column":31}}]},"3":{"loc":{"start":{"line":56,"column":11},"end":{"line":58,"column":10}},"type":"cond-expr","locations":[{"start":{"line":57,"column":8},"end":{"line":57,"column":53}},{"start":{"line":58,"column":8},"end":{"line":58,"column":10}}]},"4":{"loc":{"start":{"line":67,"column":4},"end":{"line":70,"column":5}},"type":"if","locations":[{"start":{"line":67,"column":4},"end":{"line":70,"column":5}}]},"5":{"loc":{"start":{"line":74,"column":29},"end":{"line":76,"column":9}},"type":"cond-expr","locations":[{"start":{"line":75,"column":8},"end":{"line":75,"column":86}},{"start":{"line":76,"column":8},"end":{"line":76,"column":9}}]},"6":{"loc":{"start":{"line":86,"column":4},"end":{"line":89,"column":5}},"type":"if","locations":[{"start":{"line":86,"column":4},"end":{"line":89,"column":5}}]},"7":{"loc":{"start":{"line":98,"column":4},"end":{"line":102,"column":5}},"type":"if","locations":[{"start":{"line":98,"column":4},"end":{"line":102,"column":5}}]},"8":{"loc":{"start":{"line":117,"column":8},"end":{"line":117,"column":36}},"type":"if","locations":[{"start":{"line":117,"column":8},"end":{"line":117,"column":36}}]},"9":{"loc":{"start":{"line":125,"column":4},"end":{"line":129,"column":5}},"type":"if","locations":[{"start":{"line":125,"column":4},"end":{"line":129,"column":5}}]},"10":{"loc":{"start":{"line":125,"column":8},"end":{"line":125,"column":33}},"type":"binary-expr","locations":[{"start":{"line":125,"column":8},"end":{"line":125,"column":13}},{"start":{"line":125,"column":17},"end":{"line":125,"column":33}}]},"11":{"loc":{"start":{"line":135,"column":8},"end":{"line":135,"column":26}},"type":"default-arg","locations":[{"start":{"line":135,"column":20},"end":{"line":135,"column":26}}]},"12":{"loc":{"start":{"line":136,"column":4},"end":{"line":136,"column":53}},"type":"if","locations":[{"start":{"line":136,"column":4},"end":{"line":136,"column":53}}]}},"s":{"0":0,"1":0,"2":0,"3":0,"4":0,"5":0,"6":0,"7":0,"8":0,"9":0,"10":0,"11":0,"12":0,"13":0,"14":0,"15":0,"16":0,"17":0,"18":0,"19":10,"20":10,"21":10,"22":10,"23":10,"24":10,"25":10,"26":10,"27":6,"28":0,"29":17,"30":1,"31":1,"32":16,"33":16,"34":16,"35":16,"36":16,"37":16,"38":1,"39":1,"40":1,"41":1,"42":1,"43":1,"44":1,"45":1,"46":1,"47":0,"48":16,"49":4,"50":4,"51":4,"52":16,"53":16,"54":16,"55":16,"56":16,"57":16,"58":16,"59":16,"60":16,"61":16,"62":16,"63":1,"64":1,"65":16,"66":16,"67":1,"68":1,"69":16,"70":16,"71":1,"72":0,"73":1,"74":1,"75":0,"76":0,"77":1,"78":1,"79":1},"f":{"0":0,"1":0,"2":0,"3":0,"4":10,"5":6,"6":0,"7":17,"8":1,"9":1,"10":1,"11":16,"12":4,"13":1,"14":16,"15":1,"16":1,"17":0,"18":1},"b":{"0":[0,0],"1":[0,0],"2":[6],"3":[1,5],"4":[1],"5":[4,12],"6":[1],"7":[4],"8":[1],"9":[1],"10":[16,1],"11":[0],"12":[0]}}
,"/Users/nacho/Decentraland/agent-server/src/index.ts": {"path":"/Users/nacho/Decentraland/agent-server/src/index.ts","statementMap":{"0":{"start":{"line":5,"column":0},"end":{"line":5,"column":null}}},"fnMap":{},"branchMap":{},"s":{"0":0},"f":{},"b":{}}
,"/Users/nacho/Decentraland/agent-server/src/memory.ts": {"path":"/Users/nacho/Decentraland/agent-server/src/memory.ts","statementMap":{"0":{"start":{"line":3,"column":27},"end":{"line":3,"column":53}},"1":{"start":{"line":4,"column":20},"end":{"line":4,"column":33}},"2":{"start":{"line":6,"column":32},"end":{"line":6,"column":37}},"3":{"start":{"line":7,"column":31},"end":{"line":7,"column":37}},"4":{"start":{"line":8,"column":31},"end":{"line":8,"column":37}},"5":{"start":{"line":18,"column":41},"end":{"line":18,"column":45}},"6":{"start":{"line":19,"column":20},"end":{"line":19,"column":25}},"7":{"start":{"line":21,"column":32},"end":{"line":21,"column":36}},"8":{"start":{"line":24,"column":2},"end":{"line":26,"column":3}},"9":{"start":{"line":25,"column":4},"end":{"line":25,"column":null}},"10":{"start":{"line":27,"column":2},"end":{"line":27,"column":null}},"11":{"start":{"line":31,"column":2},"end":{"line":37,"column":3}},"12":{"start":{"line":32,"column":16},"end":{"line":32,"column":96}},"13":{"start":{"line":33,"column":4},"end":{"line":33,"column":null}},"14":{"start":{"line":35,"column":4},"end":{"line":35,"column":null}},"15":{"start":{"line":35,"column":75},"end":{"line":35,"column":null}},"16":{"start":{"line":36,"column":4},"end":{"line":36,"column":null}},"17":{"start":{"line":41,"column":2},"end":{"line":43,"column":null}},"18":{"start":{"line":47,"column":2},"end":{"line":47,"column":null}},"19":{"start":{"line":51,"column":2},"end":{"line":51,"column":null}},"20":{"start":{"line":56,"column":2},"end":{"line":56,"column":null}},"21":{"start":{"line":56,"column":42},"end":{"line":56,"column":null}},"22":{"start":{"line":57,"column":2},"end":{"line":57,"column":null}},"23":{"start":{"line":62,"column":2},"end":{"line":74,"column":null}},"24":{"start":{"line":79,"column":2},"end":{"line":79,"column":null}},"25":{"start":{"line":79,"column":21},"end":{"line":79,"column":null}},"26":{"start":{"line":80,"column":18},"end":{"line":80,"column":65}},"27":{"start":{"line":81,"column":2},"end":{"line":81,"column":null}},"28":{"start":{"line":82,"column":2},"end":{"line":82,"column":null}},"29":{"start":{"line":83,"column":2},"end":{"line":83,"column":null}},"30":{"start":{"line":88,"column":2},"end":{"line":88,"column":null}},"31":{"start":{"line":89,"column":2},"end":{"line":89,"column":null}},"32":{"start":{"line":90,"column":2},"end":{"line":90,"column":null}},"33":{"start":{"line":99,"column":14},"end":{"line":99,"column":75}},"34":{"start":{"line":100,"column":2},"end":{"line":100,"column":null}},"35":{"start":{"line":108,"column":17},"end":{"line":108,"column":135}},"36":{"start":{"line":109,"column":19},"end":{"line":109,"column":137}},"37":{"start":{"line":111,"column":2},"end":{"line":147,"column":null}},"38":{"start":{"line":157,"column":23},"end":{"line":159,"column":94}},"39":{"start":{"line":161,"column":2},"end":{"line":181,"column":null}}},"fnMap":{"0":{"name":"getClient","decl":{"start":{"line":23,"column":9},"end":{"line":23,"column":18}},"loc":{"start":{"line":23,"column":33},"end":{"line":28,"column":1}}},"1":{"name":"s3Get","decl":{"start":{"line":30,"column":15},"end":{"line":30,"column":20}},"loc":{"start":{"line":30,"column":64},"end":{"line":38,"column":1}}},"2":{"name":"s3Put","decl":{"start":{"line":40,"column":15},"end":{"line":40,"column":20}},"loc":{"start":{"line":40,"column":99},"end":{"line":44,"column":1}}},"3":{"name":"isPublicChannel","decl":{"start":{"line":46,"column":16},"end":{"line":46,"column":31}},"loc":{"start":{"line":46,"column":49},"end":{"line":48,"column":1}}},"4":{"name":"isNoLearning","decl":{"start":{"line":50,"column":16},"end":{"line":50,"column":28}},"loc":{"start":{"line":50,"column":41},"end":{"line":52,"column":1}}},"5":{"name":"truncateForInjection","decl":{"start":{"line":55,"column":16},"end":{"line":55,"column":36}},"loc":{"start":{"line":55,"column":52},"end":{"line":58,"column":1}}},"6":{"name":"buildCompressionPrompt","decl":{"start":{"line":61,"column":16},"end":{"line":61,"column":38}},"loc":{"start":{"line":61,"column":54},"end":{"line":75,"column":1}}},"7":{"name":"getGlobalContext","decl":{"start":{"line":78,"column":22},"end":{"line":78,"column":38}},"loc":{"start":{"line":78,"column":69},"end":{"line":84,"column":1}}},"8":{"name":"saveGlobalContext","decl":{"start":{"line":87,"column":22},"end":{"line":87,"column":39}},"loc":{"start":{"line":87,"column":87},"end":{"line":91,"column":1}}},"9":{"name":"saveConversationSummary","decl":{"start":{"line":94,"column":22},"end":{"line":94,"column":45}},"loc":{"start":{"line":97,"column":30},"end":{"line":101,"column":1}}},"10":{"name":"buildSummaryPrompt","decl":{"start":{"line":107,"column":16},"end":{"line":107,"column":34}},"loc":{"start":{"line":107,"column":79},"end":{"line":148,"column":1}}},"11":{"name":"buildMemoryUpdatePrompt","decl":{"start":{"line":153,"column":16},"end":{"line":153,"column":39}},"loc":{"start":{"line":155,"column":30},"end":{"line":182,"column":1}}}},"branchMap":{"0":{"loc":{"start":{"line":24,"column":2},"end":{"line":26,"column":3}},"type":"if","locations":[{"start":{"line":24,"column":2},"end":{"line":26,"column":3}}]},"1":{"loc":{"start":{"line":33,"column":11},"end":{"line":33,"column":70}},"type":"cond-expr","locations":[{"start":{"line":33,"column":22},"end":{"line":33,"column":63}},{"start":{"line":33,"column":66},"end":{"line":33,"column":70}}]},"2":{"loc":{"start":{"line":35,"column":4},"end":{"line":35,"column":null}},"type":"if","locations":[{"start":{"line":35,"column":4},"end":{"line":35,"column":null}}]},"3":{"loc":{"start":{"line":35,"column":8},"end":{"line":35,"column":73}},"type":"binary-expr","locations":[{"start":{"line":35,"column":8},"end":{"line":35,"column":32}},{"start":{"line":35,"column":36},"end":{"line":35,"column":73}}]},"4":{"loc":{"start":{"line":56,"column":2},"end":{"line":56,"column":null}},"type":"if","locations":[{"start":{"line":56,"column":2},"end":{"line":56,"column":null}}]},"5":{"loc":{"start":{"line":79,"column":2},"end":{"line":79,"column":null}},"type":"if","locations":[{"start":{"line":79,"column":2},"end":{"line":79,"column":null}}]},"6":{"loc":{"start":{"line":108,"column":17},"end":{"line":108,"column":135}},"type":"cond-expr","locations":[{"start":{"line":108,"column":58},"end":{"line":108,"column":119}},{"start":{"line":108,"column":122},"end":{"line":108,"column":135}}]},"7":{"loc":{"start":{"line":109,"column":19},"end":{"line":109,"column":137}},"type":"cond-expr","locations":[{"start":{"line":109,"column":60},"end":{"line":109,"column":121}},{"start":{"line":109,"column":124},"end":{"line":109,"column":137}}]},"8":{"loc":{"start":{"line":157,"column":23},"end":{"line":159,"column":94}},"type":"cond-expr","locations":[{"start":{"line":158,"column":6},"end":{"line":158,"column":78}},{"start":{"line":159,"column":6},"end":{"line":159,"column":94}}]}},"s":{"0":2,"1":2,"2":2,"3":2,"4":2,"5":2,"6":2,"7":2,"8":0,"9":0,"10":0,"11":0,"12":0,"13":0,"14":0,"15":0,"16":0,"17":0,"18":3,"19":5,"20":3,"21":2,"22":1,"23":2,"24":0,"25":0,"26":0,"27":0,"28":0,"29":0,"30":0,"31":0,"32":0,"33":0,"34":0,"35":4,"36":4,"37":4,"38":0,"39":0},"f":{"0":0,"1":0,"2":0,"3":3,"4":5,"5":3,"6":2,"7":0,"8":0,"9":0,"10":4,"11":0},"b":{"0":[0],"1":[0,0],"2":[0],"3":[0,0],"4":[2],"5":[0],"6":[1,3],"7":[1,3],"8":[0,0]}}
,"/Users/nacho/Decentraland/agent-server/src/metrics.ts": {"path":"/Users/nacho/Decentraland/agent-server/src/metrics.ts","statementMap":{"0":{"start":{"line":6,"column":34},"end":{"line":14,"column":null}},"1":{"start":{"line":17,"column":0},"end":{"line":17,"column":null}}},"fnMap":{},"branchMap":{},"s":{"0":1,"1":1},"f":{},"b":{}}
,"/Users/nacho/Decentraland/agent-server/src/prompt.ts": {"path":"/Users/nacho/Decentraland/agent-server/src/prompt.ts","statementMap":{"0":{"start":{"line":2,"column":23},"end":{"line":4,"column":8}},"1":{"start":{"line":6,"column":22},"end":{"line":8,"column":8}},"2":{"start":{"line":10,"column":23},"end":{"line":10,"column":331}},"3":{"start":{"line":12,"column":22},"end":{"line":14,"column":8}},"4":{"start":{"line":16,"column":17},"end":{"line":16,"column":212}},"5":{"start":{"line":18,"column":2},"end":{"line":18,"column":132}}},"fnMap":{"0":{"name":"buildPrompt","decl":{"start":{"line":1,"column":16},"end":{"line":1,"column":27}},"loc":{"start":{"line":1,"column":113},"end":{"line":19,"column":1}}}},"branchMap":{"0":{"loc":{"start":{"line":2,"column":23},"end":{"line":4,"column":8}},"type":"cond-expr","locations":[{"start":{"line":3,"column":6},"end":{"line":3,"column":84}},{"start":{"line":4,"column":6},"end":{"line":4,"column":8}}]},"1":{"loc":{"start":{"line":6,"column":22},"end":{"line":8,"column":8}},"type":"cond-expr","locations":[{"start":{"line":7,"column":6},"end":{"line":7,"column":40}},{"start":{"line":8,"column":6},"end":{"line":8,"column":8}}]},"2":{"loc":{"start":{"line":12,"column":22},"end":{"line":14,"column":8}},"type":"cond-expr","locations":[{"start":{"line":13,"column":6},"end":{"line":13,"column":99}},{"start":{"line":14,"column":6},"end":{"line":14,"column":8}}]}},"s":{"0":7,"1":7,"2":7,"3":7,"4":7,"5":7},"f":{"0":7},"b":{"0":[1,6],"1":[1,6],"2":[0,7]}}
,"/Users/nacho/Decentraland/agent-server/src/service.ts": {"path":"/Users/nacho/Decentraland/agent-server/src/service.ts","statementMap":{"0":{"start":{"line":11,"column":42},"end":{"line":11,"column":49}},"1":{"start":{"line":12,"column":34},"end":{"line":12,"column":44}},"2":{"start":{"line":13,"column":17},"end":{"line":13,"column":42}},"3":{"start":{"line":16,"column":22},"end":{"line":41,"column":null}},"4":{"start":{"line":35,"column":29},"end":{"line":35,"column":37}},"5":{"start":{"line":37,"column":37},"end":{"line":37,"column":72}},"6":{"start":{"line":37,"column":63},"end":{"line":37,"column":71}},"7":{"start":{"line":38,"column":10},"end":{"line":38,"column":null}},"8":{"start":{"line":43,"column":39},"end":{"line":43,"column":53}},"9":{"start":{"line":44,"column":17},"end":{"line":44,"column":49}},"10":{"start":{"line":45,"column":2},"end":{"line":45,"column":null}},"11":{"start":{"line":46,"column":2},"end":{"line":46,"column":null}},"12":{"start":{"line":47,"column":2},"end":{"line":47,"column":null}},"13":{"start":{"line":49,"column":2},"end":{"line":49,"column":null}},"14":{"start":{"line":51,"column":2},"end":{"line":51,"column":null}},"15":{"start":{"line":52,"column":2},"end":{"line":61,"column":null}},"16":{"start":{"line":63,"column":2},"end":{"line":63,"column":null}},"17":{"start":{"line":64,"column":2},"end":{"line":64,"column":null}},"18":{"start":{"line":67,"column":2},"end":{"line":67,"column":null}},"19":{"start":{"line":69,"column":2},"end":{"line":69,"column":null}},"20":{"start":{"line":95,"column":2},"end":{"line":97,"column":27}},"21":{"start":{"line":99,"column":27},"end":{"line":99,"column":38}},"22":{"start":{"line":102,"column":2},"end":{"line":102,"column":null}},"23":{"start":{"line":102,"column":35},"end":{"line":102,"column":null}},"24":{"start":{"line":103,"column":2},"end":{"line":107,"column":3}},"25":{"start":{"line":104,"column":4},"end":{"line":104,"column":null}},"26":{"start":{"line":106,"column":4},"end":{"line":106,"column":null}},"27":{"start":{"line":111,"column":15},"end":{"line":111,"column":30}},"28":{"start":{"line":112,"column":16},"end":{"line":112,"column":55}},"29":{"start":{"line":112,"column":43},"end":{"line":112,"column":54}},"30":{"start":{"line":113,"column":2},"end":{"line":113,"column":20}},"31":{"start":{"line":113,"column":14},"end":{"line":113,"column":20}},"32":{"start":{"line":114,"column":2},"end":{"line":114,"column":null}},"33":{"start":{"line":115,"column":2},"end":{"line":115,"column":null}},"34":{"start":{"line":116,"column":2},"end":{"line":116,"column":null}},"35":{"start":{"line":117,"column":2},"end":{"line":117,"column":null}},"36":{"start":{"line":121,"column":20},"end":{"line":121,"column":41}},"37":{"start":{"line":123,"column":2},"end":{"line":188,"column":null}},"38":{"start":{"line":124,"column":17},"end":{"line":124,"column":32}},"39":{"start":{"line":125,"column":20},"end":{"line":125,"column":59}},"40":{"start":{"line":125,"column":49},"end":{"line":125,"column":58}},"41":{"start":{"line":126,"column":4},"end":{"line":126,"column":null}},"42":{"start":{"line":127,"column":4},"end":{"line":127,"column":31}},"43":{"start":{"line":127,"column":25},"end":{"line":127,"column":31}},"44":{"start":{"line":129,"column":16},"end":{"line":129,"column":26}},"45":{"start":{"line":131,"column":4},"end":{"line":187,"column":5}},"46":{"start":{"line":132,"column":6},"end":{"line":186,"column":7}},"47":{"start":{"line":133,"column":21},"end":{"line":133,"column":44}},"48":{"start":{"line":135,"column":22},"end":{"line":135,"column":54}},"49":{"start":{"line":136,"column":21},"end":{"line":136,"column":40}},"50":{"start":{"line":137,"column":8},"end":{"line":137,"column":null}},"51":{"start":{"line":138,"column":8},"end":{"line":138,"column":41}},"52":{"start":{"line":138,"column":33},"end":{"line":138,"column":41}},"53":{"start":{"line":140,"column":8},"end":{"line":140,"column":null}},"54":{"start":{"line":142,"column":25},"end":{"line":142,"column":50}},"55":{"start":{"line":143,"column":27},"end":{"line":176,"column":10}},"56":{"start":{"line":144,"column":10},"end":{"line":175,"column":11}},"57":{"start":{"line":145,"column":29},"end":{"line":148,"column":14}},"58":{"start":{"line":149,"column":12},"end":{"line":149,"column":null}},"59":{"start":{"line":152,"column":12},"end":{"line":168,"column":13}},"60":{"start":{"line":153,"column":14},"end":{"line":167,"column":null}},"61":{"start":{"line":162,"column":35},"end":{"line":162,"column":120}},"62":{"start":{"line":163,"column":33},"end":{"line":163,"column":101}},"63":{"start":{"line":164,"column":20},"end":{"line":164,"column":null}},"64":{"start":{"line":170,"column":12},"end":{"line":170,"column":null}},"65":{"start":{"line":172,"column":24},"end":{"line":172,"column":76}},"66":{"start":{"line":173,"column":12},"end":{"line":173,"column":null}},"67":{"start":{"line":174,"column":12},"end":{"line":174,"column":null}},"68":{"start":{"line":178,"column":8},"end":{"line":180,"column":9}},"69":{"start":{"line":179,"column":10},"end":{"line":179,"column":null}},"70":{"start":{"line":181,"column":8},"end":{"line":183,"column":null}},"71":{"start":{"line":182,"column":10},"end":{"line":182,"column":null}},"72":{"start":{"line":185,"column":8},"end":{"line":185,"column":null}},"73":{"start":{"line":190,"column":2},"end":{"line":190,"column":null}}},"fnMap":{"0":{"name":"main","decl":{"start":{"line":10,"column":22},"end":{"line":10,"column":26}},"loc":{"start":{"line":10,"column":98},"end":{"line":70,"column":1}}},"1":{"name":"(anonymous_1)","decl":{"start":{"line":35,"column":24},"end":{"line":35,"column":25}},"loc":{"start":{"line":35,"column":29},"end":{"line":35,"column":37}}},"2":{"name":"(anonymous_2)","decl":{"start":{"line":36,"column":13},"end":{"line":36,"column":18}},"loc":{"start":{"line":36,"column":21},"end":{"line":39,"column":9}}},"3":{"name":"(anonymous_3)","decl":{"start":{"line":37,"column":58},"end":{"line":37,"column":59}},"loc":{"start":{"line":37,"column":63},"end":{"line":37,"column":71}}},"4":{"name":"readSchedules","decl":{"start":{"line":101,"column":9},"end":{"line":101,"column":22}},"loc":{"start":{"line":101,"column":22},"end":{"line":108,"column":1}}},"5":{"name":"updateScheduleStats","decl":{"start":{"line":110,"column":9},"end":{"line":110,"column":28}},"loc":{"start":{"line":110,"column":55},"end":{"line":118,"column":1}}},"6":{"name":"(anonymous_6)","decl":{"start":{"line":112,"column":36},"end":{"line":112,"column":37}},"loc":{"start":{"line":112,"column":43},"end":{"line":112,"column":54}}},"7":{"name":"startScheduleRunner","decl":{"start":{"line":120,"column":9},"end":{"line":120,"column":28}},"loc":{"start":{"line":120,"column":63},"end":{"line":191,"column":1}}},"8":{"name":"(anonymous_8)","decl":{"start":{"line":123,"column":14},"end":{"line":123,"column":19}},"loc":{"start":{"line":123,"column":25},"end":{"line":188,"column":3}}},"9":{"name":"(anonymous_9)","decl":{"start":{"line":125,"column":42},"end":{"line":125,"column":43}},"loc":{"start":{"line":125,"column":49},"end":{"line":125,"column":58}}},"10":{"name":"(anonymous_10)","decl":{"start":{"line":143,"column":54},"end":{"line":143,"column":59}},"loc":{"start":{"line":143,"column":65},"end":{"line":176,"column":9}}},"11":{"name":"(anonymous_11)","decl":{"start":{"line":161,"column":25},"end":{"line":161,"column":28}},"loc":{"start":{"line":161,"column":30},"end":{"line":165,"column":19}}},"12":{"name":"(anonymous_12)","decl":{"start":{"line":181,"column":30},"end":{"line":181,"column":31}},"loc":{"start":{"line":181,"column":38},"end":{"line":183,"column":9}}}},"branchMap":{"0":{"loc":{"start":{"line":22,"column":25},"end":{"line":22,"column":79}},"type":"binary-expr","locations":[{"start":{"line":22,"column":26},"end":{"line":22,"column":73}},{"start":{"line":22,"column":78},"end":{"line":22,"column":79}}]},"1":{"loc":{"start":{"line":32,"column":15},"end":{"line":32,"column":103}},"type":"binary-expr","locations":[{"start":{"line":32,"column":16},"end":{"line":32,"column":52}},{"start":{"line":32,"column":58},"end":{"line":32,"column":102}}]},"2":{"loc":{"start":{"line":34,"column":7},"end":{"line":34,"column":60}},"type":"binary-expr","locations":[{"start":{"line":34,"column":8},"end":{"line":34,"column":53}},{"start":{"line":34,"column":58},"end":{"line":34,"column":60}}]},"3":{"loc":{"start":{"line":38,"column":29},"end":{"line":38,"column":47}},"type":"binary-expr","locations":[{"start":{"line":38,"column":29},"end":{"line":38,"column":34}},{"start":{"line":38,"column":38},"end":{"line":38,"column":47}}]},"4":{"loc":{"start":{"line":95,"column":2},"end":{"line":97,"column":27}},"type":"cond-expr","locations":[{"start":{"line":96,"column":6},"end":{"line":96,"column":28}},{"start":{"line":97,"column":6},"end":{"line":97,"column":27}}]},"5":{"loc":{"start":{"line":95,"column":2},"end":{"line":95,"column":62}},"type":"binary-expr","locations":[{"start":{"line":95,"column":2},"end":{"line":95,"column":39}},{"start":{"line":95,"column":43},"end":{"line":95,"column":62}}]},"6":{"loc":{"start":{"line":102,"column":2},"end":{"line":102,"column":null}},"type":"if","locations":[{"start":{"line":102,"column":2},"end":{"line":102,"column":null}}]},"7":{"loc":{"start":{"line":113,"column":2},"end":{"line":113,"column":20}},"type":"if","locations":[{"start":{"line":113,"column":2},"end":{"line":113,"column":20}}]},"8":{"loc":{"start":{"line":114,"column":20},"end":{"line":114,"column":39}},"type":"binary-expr","locations":[{"start":{"line":114,"column":20},"end":{"line":114,"column":34}},{"start":{"line":114,"column":38},"end":{"line":114,"column":39}}]},"9":{"loc":{"start":{"line":127,"column":4},"end":{"line":127,"column":31}},"type":"if","locations":[{"start":{"line":127,"column":4},"end":{"line":127,"column":31}}]},"10":{"loc":{"start":{"line":137,"column":114},"end":{"line":137,"column":143}},"type":"binary-expr","locations":[{"start":{"line":137,"column":114},"end":{"line":137,"column":133}},{"start":{"line":137,"column":137},"end":{"line":137,"column":143}}]},"11":{"loc":{"start":{"line":138,"column":8},"end":{"line":138,"column":41}},"type":"if","locations":[{"start":{"line":138,"column":8},"end":{"line":138,"column":41}}]},"12":{"loc":{"start":{"line":138,"column":12},"end":{"line":138,"column":31}},"type":"binary-expr","locations":[{"start":{"line":138,"column":12},"end":{"line":138,"column":17}},{"start":{"line":138,"column":21},"end":{"line":138,"column":31}}]},"13":{"loc":{"start":{"line":152,"column":12},"end":{"line":168,"column":13}},"type":"if","locations":[{"start":{"line":152,"column":12},"end":{"line":168,"column":13}}]},"14":{"loc":{"start":{"line":152,"column":16},"end":{"line":152,"column":67}},"type":"binary-expr","locations":[{"start":{"line":152,"column":16},"end":{"line":152,"column":20}},{"start":{"line":152,"column":24},"end":{"line":152,"column":67}}]},"15":{"loc":{"start":{"line":163,"column":33},"end":{"line":163,"column":101}},"type":"cond-expr","locations":[{"start":{"line":163,"column":54},"end":{"line":163,"column":94}},{"start":{"line":163,"column":97},"end":{"line":163,"column":101}}]},"16":{"loc":{"start":{"line":172,"column":24},"end":{"line":172,"column":76}},"type":"cond-expr","locations":[{"start":{"line":172,"column":47},"end":{"line":172,"column":58}},{"start":{"line":172,"column":61},"end":{"line":172,"column":76}}]},"17":{"loc":{"start":{"line":178,"column":8},"end":{"line":180,"column":9}},"type":"if","locations":[{"start":{"line":178,"column":8},"end":{"line":180,"column":9}}]}},"s":{"0":0,"1":0,"2":0,"3":0,"4":0,"5":0,"6":0,"7":0,"8":0,"9":0,"10":0,"11":0,"12":0,"13":0,"14":0,"15":0,"16":0,"17":0,"18":0,"19":0,"20":0,"21":0,"22":0,"23":0,"24":0,"25":0,"26":0,"27":0,"28":0,"29":0,"30":0,"31":0,"32":0,"33":0,"34":0,"35":0,"36":0,"37":0,"38":0,"39":0,"40":0,"41":0,"42":0,"43":0,"44":0,"45":0,"46":0,"47":0,"48":0,"49":0,"50":0,"51":0,"52":0,"53":0,"54":0,"55":0,"56":0,"57":0,"58":0,"59":0,"60":0,"61":0,"62":0,"63":0,"64":0,"65":0,"66":0,"67":0,"68":0,"69":0,"70":0,"71":0,"72":0,"73":0},"f":{"0":0,"1":0,"2":0,"3":0,"4":0,"5":0,"6":0,"7":0,"8":0,"9":0,"10":0,"11":0,"12":0},"b":{"0":[0,0],"1":[0,0],"2":[0,0],"3":[0,0],"4":[0,0],"5":[0,0],"6":[0],"7":[0],"8":[0,0],"9":[0],"10":[0,0],"11":[0],"12":[0,0],"13":[0],"14":[0,0],"15":[0,0],"16":[0,0],"17":[0]}}
,"/Users/nacho/Decentraland/agent-server/src/slack.ts": {"path":"/Users/nacho/Decentraland/agent-server/src/slack.ts","statementMap":{"0":{"start":{"line":23,"column":54},"end":{"line":32,"column":null}},"1":{"start":{"line":34,"column":18},"end":{"line":34,"column":43}},"2":{"start":{"line":35,"column":25},"end":{"line":35,"column":50}},"3":{"start":{"line":37,"column":33},"end":{"line":37,"column":37}},"4":{"start":{"line":38,"column":23},"end":{"line":38,"column":82}},"5":{"start":{"line":39,"column":24},"end":{"line":39,"column":48}},"6":{"start":{"line":48,"column":15},"end":{"line":48,"column":42}},"7":{"start":{"line":49,"column":25},"end":{"line":49,"column":68}},"8":{"start":{"line":50,"column":22},"end":{"line":50,"column":38}},"9":{"start":{"line":51,"column":2},"end":{"line":51,"column":74}},"10":{"start":{"line":51,"column":29},"end":{"line":51,"column":74}},"11":{"start":{"line":52,"column":2},"end":{"line":56,"column":3}},"12":{"start":{"line":53,"column":4},"end":{"line":53,"column":69}},"13":{"start":{"line":53,"column":25},"end":{"line":53,"column":69}},"14":{"start":{"line":54,"column":4},"end":{"line":54,"column":87}},"15":{"start":{"line":54,"column":43},"end":{"line":54,"column":87}},"16":{"start":{"line":55,"column":4},"end":{"line":55,"column":99}},"17":{"start":{"line":55,"column":55},"end":{"line":55,"column":99}},"18":{"start":{"line":57,"column":2},"end":{"line":57,"column":59}},"19":{"start":{"line":57,"column":21},"end":{"line":57,"column":59}},"20":{"start":{"line":58,"column":2},"end":{"line":58,"column":80}},"21":{"start":{"line":58,"column":42},"end":{"line":58,"column":80}},"22":{"start":{"line":59,"column":2},"end":{"line":59,"column":62}},"23":{"start":{"line":63,"column":2},"end":{"line":65,"column":27}},"24":{"start":{"line":68,"column":2},"end":{"line":68,"column":42}},"25":{"start":{"line":68,"column":35},"end":{"line":68,"column":42}},"26":{"start":{"line":69,"column":2},"end":{"line":82,"column":3}},"27":{"start":{"line":70,"column":17},"end":{"line":70,"column":66}},"28":{"start":{"line":71,"column":18},"end":{"line":71,"column":23}},"29":{"start":{"line":72,"column":4},"end":{"line":78,"column":5}},"30":{"start":{"line":73,"column":6},"end":{"line":77,"column":7}},"31":{"start":{"line":74,"column":8},"end":{"line":74,"column":30}},"32":{"start":{"line":75,"column":8},"end":{"line":75,"column":23}},"33":{"start":{"line":76,"column":8},"end":{"line":76,"column":82}},"34":{"start":{"line":79,"column":4},"end":{"line":79,"column":87}},"35":{"start":{"line":79,"column":17},"end":{"line":79,"column":87}},"36":{"start":{"line":81,"column":4},"end":{"line":81,"column":69}},"37":{"start":{"line":86,"column":2},"end":{"line":86,"column":null}},"38":{"start":{"line":90,"column":2},"end":{"line":90,"column":null}},"39":{"start":{"line":100,"column":2},"end":{"line":144,"column":3}},"40":{"start":{"line":101,"column":34},"end":{"line":105,"column":6}},"41":{"start":{"line":107,"column":4},"end":{"line":110,"column":5}},"42":{"start":{"line":108,"column":6},"end":{"line":108,"column":null}},"43":{"start":{"line":109,"column":6},"end":{"line":109,"column":12}},"44":{"start":{"line":112,"column":41},"end":{"line":117,"column":null}},"45":{"start":{"line":119,"column":4},"end":{"line":119,"column":null}},"46":{"start":{"line":121,"column":27},"end":{"line":121,"column":86}},"47":{"start":{"line":122,"column":37},"end":{"line":126,"column":6}},"48":{"start":{"line":128,"column":4},"end":{"line":141,"column":5}},"49":{"start":{"line":129,"column":26},"end":{"line":129,"column":40}},"50":{"start":{"line":130,"column":6},"end":{"line":138,"column":7}},"51":{"start":{"line":131,"column":8},"end":{"line":131,"column":null}},"52":{"start":{"line":132,"column":37},"end":{"line":136,"column":10}},"53":{"start":{"line":137,"column":8},"end":{"line":137,"column":null}},"54":{"start":{"line":137,"column":24},"end":{"line":137,"column":null}},"55":{"start":{"line":139,"column":6},"end":{"line":139,"column":null}},"56":{"start":{"line":140,"column":6},"end":{"line":140,"column":null}},"57":{"start":{"line":143,"column":4},"end":{"line":143,"column":null}},"58":{"start":{"line":148,"column":14},"end":{"line":153,"column":4}},"59":{"start":{"line":155,"column":2},"end":{"line":155,"column":34}},"60":{"start":{"line":156,"column":20},"end":{"line":156,"column":66}},"61":{"start":{"line":157,"column":22},"end":{"line":157,"column":39}},"62":{"start":{"line":160,"column":2},"end":{"line":169,"column":4}},"63":{"start":{"line":161,"column":17},"end":{"line":161,"column":45}},"64":{"start":{"line":162,"column":4},"end":{"line":162,"column":22}},"65":{"start":{"line":162,"column":15},"end":{"line":162,"column":22}},"66":{"start":{"line":163,"column":4},"end":{"line":163,"column":36}},"67":{"start":{"line":164,"column":4},"end":{"line":168,"column":86}},"68":{"start":{"line":168,"column":22},"end":{"line":168,"column":84}},"69":{"start":{"line":172,"column":25},"end":{"line":172,"column":82}},"70":{"start":{"line":174,"column":2},"end":{"line":183,"column":5}},"71":{"start":{"line":175,"column":4},"end":{"line":175,"column":16}},"72":{"start":{"line":176,"column":22},"end":{"line":176,"column":42}},"73":{"start":{"line":177,"column":21},"end":{"line":177,"column":44}},"74":{"start":{"line":178,"column":20},"end":{"line":178,"column":50}},"75":{"start":{"line":179,"column":4},"end":{"line":179,"column":25}},"76":{"start":{"line":179,"column":18},"end":{"line":179,"column":25}},"77":{"start":{"line":180,"column":4},"end":{"line":180,"column":38}},"78":{"start":{"line":181,"column":4},"end":{"line":181,"column":140}},"79":{"start":{"line":182,"column":4},"end":{"line":182,"column":114}},"80":{"start":{"line":185,"column":2},"end":{"line":194,"column":5}},"81":{"start":{"line":186,"column":4},"end":{"line":186,"column":16}},"82":{"start":{"line":187,"column":22},"end":{"line":187,"column":42}},"83":{"start":{"line":188,"column":21},"end":{"line":188,"column":44}},"84":{"start":{"line":189,"column":20},"end":{"line":189,"column":50}},"85":{"start":{"line":190,"column":4},"end":{"line":190,"column":25}},"86":{"start":{"line":190,"column":18},"end":{"line":190,"column":25}},"87":{"start":{"line":191,"column":4},"end":{"line":191,"column":38}},"88":{"start":{"line":192,"column":4},"end":{"line":192,"column":101}},"89":{"start":{"line":193,"column":4},"end":{"line":193,"column":111}},"90":{"start":{"line":196,"column":2},"end":{"line":338,"column":5}},"91":{"start":{"line":197,"column":21},"end":{"line":197,"column":48}},"92":{"start":{"line":198,"column":17},"end":{"line":198,"column":63}},"93":{"start":{"line":200,"column":4},"end":{"line":204,"column":5}},"94":{"start":{"line":201,"column":6},"end":{"line":201,"column":77}},"95":{"start":{"line":202,"column":6},"end":{"line":202,"column":104}},"96":{"start":{"line":203,"column":6},"end":{"line":203,"column":13}},"97":{"start":{"line":206,"column":36},"end":{"line":209,"column":6}},"98":{"start":{"line":210,"column":18},"end":{"line":210,"column":35}},"99":{"start":{"line":211,"column":4},"end":{"line":211,"column":114}},"100":{"start":{"line":214,"column":6},"end":{"line":215,"column":126}},"101":{"start":{"line":215,"column":26},"end":{"line":215,"column":122}},"102":{"start":{"line":215,"column":112},"end":{"line":215,"column":122}},"103":{"start":{"line":218,"column":6},"end":{"line":219,"column":122}},"104":{"start":{"line":219,"column":26},"end":{"line":219,"column":118}},"105":{"start":{"line":219,"column":108},"end":{"line":219,"column":118}},"106":{"start":{"line":222,"column":23},"end":{"line":309,"column":6}},"107":{"start":{"line":223,"column":6},"end":{"line":223,"column":44}},"108":{"start":{"line":225,"column":26},"end":{"line":225,"column":76}},"109":{"start":{"line":226,"column":6},"end":{"line":228,"column":7}},"110":{"start":{"line":227,"column":8},"end":{"line":227,"column":91}},"111":{"start":{"line":230,"column":8},"end":{"line":231,"column":146}},"112":{"start":{"line":233,"column":25},"end":{"line":238,"column":14}},"113":{"start":{"line":235,"column":12},"end":{"line":235,"column":74}},"114":{"start":{"line":236,"column":12},"end":{"line":236,"column":24}},"115":{"start":{"line":239,"column":28},"end":{"line":239,"column":80}},"116":{"start":{"line":241,"column":26},"end":{"line":241,"column":50}},"117":{"start":{"line":242,"column":54},"end":{"line":248,"column":8}},"118":{"start":{"line":249,"column":6},"end":{"line":249,"column":23}},"119":{"start":{"line":250,"column":6},"end":{"line":252,"column":7}},"120":{"start":{"line":251,"column":8},"end":{"line":251,"column":45}},"121":{"start":{"line":254,"column":26},"end":{"line":254,"column":89}},"122":{"start":{"line":255,"column":6},"end":{"line":259,"column":7}},"123":{"start":{"line":256,"column":8},"end":{"line":258,"column":10}},"124":{"start":{"line":257,"column":10},"end":{"line":257,"column":80}},"125":{"start":{"line":261,"column":6},"end":{"line":261,"column":46}},"126":{"start":{"line":262,"column":6},"end":{"line":303,"column":7}},"127":{"start":{"line":263,"column":8},"end":{"line":263,"column":40}},"128":{"start":{"line":266,"column":32},"end":{"line":266,"column":62}},"129":{"start":{"line":267,"column":32},"end":{"line":267,"column":89}},"130":{"start":{"line":269,"column":8},"end":{"line":272,"column":9}},"131":{"start":{"line":271,"column":10},"end":{"line":271,"column":82}},"132":{"start":{"line":274,"column":8},"end":{"line":296,"column":9}},"133":{"start":{"line":275,"column":10},"end":{"line":275,"column":58}},"134":{"start":{"line":276,"column":24},"end":{"line":276,"column":58}},"135":{"start":{"line":277,"column":10},"end":{"line":293,"column":20}},"136":{"start":{"line":294,"column":15},"end":{"line":296,"column":9}},"137":{"start":{"line":295,"column":10},"end":{"line":295,"column":86}},"138":{"start":{"line":298,"column":8},"end":{"line":298,"column":31}},"139":{"start":{"line":299,"column":26},"end":{"line":301,"column":50}},"140":{"start":{"line":302,"column":8},"end":{"line":302,"column":60}},"141":{"start":{"line":305,"column":6},"end":{"line":308,"column":7}},"142":{"start":{"line":306,"column":8},"end":{"line":307,"column":83}},"143":{"start":{"line":307,"column":26},"end":{"line":307,"column":81}},"144":{"start":{"line":311,"column":4},"end":{"line":324,"column":5}},"145":{"start":{"line":312,"column":6},"end":{"line":312,"column":138}},"146":{"start":{"line":313,"column":11},"end":{"line":324,"column":5}},"147":{"start":{"line":314,"column":18},"end":{"line":314,"column":46}},"148":{"start":{"line":315,"column":18},"end":{"line":315,"column":45}},"149":{"start":{"line":316,"column":22},"end":{"line":316,"column":76}},"150":{"start":{"line":317,"column":18},"end":{"line":320,"column":8}},"151":{"start":{"line":321,"column":6},"end":{"line":323,"column":7}},"152":{"start":{"line":322,"column":8},"end":{"line":322,"column":84}},"153":{"start":{"line":326,"column":4},"end":{"line":337,"column":7}},"154":{"start":{"line":327,"column":22},"end":{"line":327,"column":83}},"155":{"start":{"line":328,"column":6},"end":{"line":328,"column":49}},"156":{"start":{"line":329,"column":6},"end":{"line":329,"column":46}},"157":{"start":{"line":330,"column":6},"end":{"line":330,"column":23}},"158":{"start":{"line":331,"column":6},"end":{"line":331,"column":83}},"159":{"start":{"line":333,"column":6},"end":{"line":336,"column":7}},"160":{"start":{"line":334,"column":8},"end":{"line":335,"column":79}},"161":{"start":{"line":335,"column":24},"end":{"line":335,"column":77}},"162":{"start":{"line":340,"column":2},"end":{"line":579,"column":5}},"163":{"start":{"line":341,"column":14},"end":{"line":341,"column":26}},"164":{"start":{"line":342,"column":79},"end":{"line":342,"column":127}},"165":{"start":{"line":343,"column":4},"end":{"line":343,"column":24}},"166":{"start":{"line":343,"column":17},"end":{"line":343,"column":24}},"167":{"start":{"line":345,"column":4},"end":{"line":349,"column":5}},"168":{"start":{"line":346,"column":6},"end":{"line":346,"column":73}},"169":{"start":{"line":347,"column":6},"end":{"line":347,"column":100}},"170":{"start":{"line":348,"column":6},"end":{"line":348,"column":13}},"171":{"start":{"line":351,"column":18},"end":{"line":351,"column":42}},"172":{"start":{"line":352,"column":29},"end":{"line":352,"column":78}},"173":{"start":{"line":355,"column":6},"end":{"line":356,"column":126}},"174":{"start":{"line":356,"column":26},"end":{"line":356,"column":122}},"175":{"start":{"line":356,"column":112},"end":{"line":356,"column":122}},"176":{"start":{"line":359,"column":6},"end":{"line":360,"column":122}},"177":{"start":{"line":360,"column":26},"end":{"line":360,"column":118}},"178":{"start":{"line":360,"column":108},"end":{"line":360,"column":118}},"179":{"start":{"line":364,"column":4},"end":{"line":488,"column":5}},"180":{"start":{"line":365,"column":38},"end":{"line":368,"column":8}},"181":{"start":{"line":369,"column":20},"end":{"line":369,"column":35}},"182":{"start":{"line":370,"column":6},"end":{"line":370,"column":103}},"183":{"start":{"line":372,"column":25},"end":{"line":457,"column":8}},"184":{"start":{"line":373,"column":8},"end":{"line":373,"column":46}},"185":{"start":{"line":375,"column":28},"end":{"line":375,"column":74}},"186":{"start":{"line":376,"column":8},"end":{"line":378,"column":9}},"187":{"start":{"line":377,"column":10},"end":{"line":377,"column":89}},"188":{"start":{"line":380,"column":10},"end":{"line":381,"column":148}},"189":{"start":{"line":383,"column":27},"end":{"line":388,"column":16}},"190":{"start":{"line":385,"column":14},"end":{"line":385,"column":76}},"191":{"start":{"line":386,"column":14},"end":{"line":386,"column":26}},"192":{"start":{"line":389,"column":30},"end":{"line":389,"column":82}},"193":{"start":{"line":391,"column":28},"end":{"line":391,"column":52}},"194":{"start":{"line":392,"column":56},"end":{"line":398,"column":10}},"195":{"start":{"line":399,"column":8},"end":{"line":399,"column":25}},"196":{"start":{"line":400,"column":8},"end":{"line":402,"column":9}},"197":{"start":{"line":401,"column":10},"end":{"line":401,"column":43}},"198":{"start":{"line":404,"column":28},"end":{"line":404,"column":83}},"199":{"start":{"line":405,"column":8},"end":{"line":409,"column":9}},"200":{"start":{"line":406,"column":10},"end":{"line":408,"column":12}},"201":{"start":{"line":407,"column":12},"end":{"line":407,"column":82}},"202":{"start":{"line":411,"column":8},"end":{"line":411,"column":48}},"203":{"start":{"line":412,"column":8},"end":{"line":451,"column":9}},"204":{"start":{"line":413,"column":10},"end":{"line":413,"column":42}},"205":{"start":{"line":415,"column":34},"end":{"line":415,"column":64}},"206":{"start":{"line":416,"column":34},"end":{"line":416,"column":91}},"207":{"start":{"line":418,"column":10},"end":{"line":420,"column":11}},"208":{"start":{"line":419,"column":12},"end":{"line":419,"column":80}},"209":{"start":{"line":422,"column":10},"end":{"line":444,"column":11}},"210":{"start":{"line":423,"column":12},"end":{"line":423,"column":60}},"211":{"start":{"line":424,"column":26},"end":{"line":424,"column":60}},"212":{"start":{"line":425,"column":12},"end":{"line":441,"column":22}},"213":{"start":{"line":442,"column":17},"end":{"line":444,"column":11}},"214":{"start":{"line":443,"column":12},"end":{"line":443,"column":88}},"215":{"start":{"line":446,"column":10},"end":{"line":446,"column":33}},"216":{"start":{"line":447,"column":28},"end":{"line":449,"column":52}},"217":{"start":{"line":450,"column":10},"end":{"line":450,"column":62}},"218":{"start":{"line":453,"column":8},"end":{"line":456,"column":9}},"219":{"start":{"line":454,"column":10},"end":{"line":455,"column":85}},"220":{"start":{"line":455,"column":28},"end":{"line":455,"column":83}},"221":{"start":{"line":459,"column":6},"end":{"line":472,"column":7}},"222":{"start":{"line":460,"column":8},"end":{"line":460,"column":140}},"223":{"start":{"line":461,"column":13},"end":{"line":472,"column":7}},"224":{"start":{"line":462,"column":20},"end":{"line":462,"column":48}},"225":{"start":{"line":463,"column":20},"end":{"line":463,"column":47}},"226":{"start":{"line":464,"column":24},"end":{"line":464,"column":78}},"227":{"start":{"line":465,"column":20},"end":{"line":468,"column":10}},"228":{"start":{"line":469,"column":8},"end":{"line":471,"column":9}},"229":{"start":{"line":470,"column":10},"end":{"line":470,"column":82}},"230":{"start":{"line":474,"column":6},"end":{"line":485,"column":9}},"231":{"start":{"line":475,"column":24},"end":{"line":475,"column":85}},"232":{"start":{"line":476,"column":8},"end":{"line":476,"column":62}},"233":{"start":{"line":477,"column":8},"end":{"line":477,"column":48}},"234":{"start":{"line":478,"column":8},"end":{"line":478,"column":25}},"235":{"start":{"line":479,"column":8},"end":{"line":479,"column":85}},"236":{"start":{"line":481,"column":8},"end":{"line":484,"column":9}},"237":{"start":{"line":482,"column":10},"end":{"line":483,"column":81}},"238":{"start":{"line":483,"column":26},"end":{"line":483,"column":79}},"239":{"start":{"line":487,"column":6},"end":{"line":487,"column":13}},"240":{"start":{"line":491,"column":21},"end":{"line":491,"column":58}},"241":{"start":{"line":492,"column":18},"end":{"line":492,"column":35}},"242":{"start":{"line":493,"column":4},"end":{"line":493,"column":74}},"243":{"start":{"line":495,"column":31},"end":{"line":561,"column":6}},"244":{"start":{"line":496,"column":6},"end":{"line":496,"column":44}},"245":{"start":{"line":498,"column":26},"end":{"line":498,"column":72}},"246":{"start":{"line":499,"column":6},"end":{"line":501,"column":7}},"247":{"start":{"line":500,"column":8},"end":{"line":500,"column":87}},"248":{"start":{"line":503,"column":8},"end":{"line":504,"column":108}},"249":{"start":{"line":506,"column":25},"end":{"line":511,"column":14}},"250":{"start":{"line":508,"column":12},"end":{"line":508,"column":81}},"251":{"start":{"line":509,"column":12},"end":{"line":509,"column":24}},"252":{"start":{"line":512,"column":28},"end":{"line":512,"column":80}},"253":{"start":{"line":514,"column":26},"end":{"line":514,"column":50}},"254":{"start":{"line":515,"column":54},"end":{"line":515,"column":173}},"255":{"start":{"line":516,"column":6},"end":{"line":516,"column":23}},"256":{"start":{"line":517,"column":6},"end":{"line":519,"column":7}},"257":{"start":{"line":518,"column":8},"end":{"line":518,"column":41}},"258":{"start":{"line":521,"column":6},"end":{"line":521,"column":46}},"259":{"start":{"line":522,"column":6},"end":{"line":555,"column":7}},"260":{"start":{"line":523,"column":8},"end":{"line":523,"column":40}},"261":{"start":{"line":525,"column":32},"end":{"line":525,"column":62}},"262":{"start":{"line":526,"column":32},"end":{"line":526,"column":89}},"263":{"start":{"line":528,"column":8},"end":{"line":530,"column":9}},"264":{"start":{"line":529,"column":10},"end":{"line":529,"column":78}},"265":{"start":{"line":532,"column":8},"end":{"line":548,"column":9}},"26
[...]
e":"if","locations":[{"start":{"line":795,"column":4},"end":{"line":795,"column":27}}]},"136":{"loc":{"start":{"line":803,"column":2},"end":{"line":803,"column":41}},"type":"if","locations":[{"start":{"line":803,"column":2},"end":{"line":803,"column":41}}]},"137":{"loc":{"start":{"line":810,"column":2},"end":{"line":810,"column":52}},"type":"if","locations":[{"start":{"line":810,"column":2},"end":{"line":810,"column":52}}]},"138":{"loc":{"start":{"line":811,"column":2},"end":{"line":811,"column":117}},"type":"if","locations":[{"start":{"line":811,"column":2},"end":{"line":811,"column":117}}]},"139":{"loc":{"start":{"line":811,"column":6},"end":{"line":811,"column":96}},"type":"binary-expr","locations":[{"start":{"line":811,"column":6},"end":{"line":811,"column":34}},{"start":{"line":811,"column":39},"end":{"line":811,"column":71}},{"start":{"line":811,"column":75},"end":{"line":811,"column":95}}]},"140":{"loc":{"start":{"line":812,"column":2},"end":{"line":812,"column":101}},"type":"if","locations":[{"start":{"line":812,"column":2},"end":{"line":812,"column":101}}]},"141":{"loc":{"start":{"line":812,"column":6},"end":{"line":812,"column":80}},"type":"binary-expr","locations":[{"start":{"line":812,"column":6},"end":{"line":812,"column":34}},{"start":{"line":812,"column":39},"end":{"line":812,"column":59}},{"start":{"line":812,"column":63},"end":{"line":812,"column":79}}]},"142":{"loc":{"start":{"line":813,"column":2},"end":{"line":813,"column":44}},"type":"if","locations":[{"start":{"line":813,"column":2},"end":{"line":813,"column":44}}]},"143":{"loc":{"start":{"line":814,"column":2},"end":{"line":814,"column":94}},"type":"if","locations":[{"start":{"line":814,"column":2},"end":{"line":814,"column":94}}]},"144":{"loc":{"start":{"line":814,"column":6},"end":{"line":814,"column":70}},"type":"binary-expr","locations":[{"start":{"line":814,"column":6},"end":{"line":814,"column":37}},{"start":{"line":814,"column":41},"end":{"line":814,"column":70}}]},"145":{"loc":{"start":{"line":815,"column":2},"end":{"line":815,"column":37}},"type":"if","locations":[{"start":{"line":815,"column":2},"end":{"line":815,"column":37}}]},"146":{"loc":{"start":{"line":816,"column":2},"end":{"line":816,"column":114}},"type":"if","locations":[{"start":{"line":816,"column":2},"end":{"line":816,"column":114}}]},"147":{"loc":{"start":{"line":816,"column":6},"end":{"line":816,"column":94}},"type":"binary-expr","locations":[{"start":{"line":816,"column":6},"end":{"line":816,"column":32}},{"start":{"line":816,"column":36},"end":{"line":816,"column":60}},{"start":{"line":816,"column":64},"end":{"line":816,"column":94}}]},"148":{"loc":{"start":{"line":817,"column":2},"end":{"line":817,"column":44}},"type":"if","locations":[{"start":{"line":817,"column":2},"end":{"line":817,"column":44}}]},"149":{"loc":{"start":{"line":818,"column":2},"end":{"line":818,"column":187}},"type":"if","locations":[{"start":{"line":818,"column":2},"end":{"line":818,"column":187}}]},"150":{"loc":{"start":{"line":818,"column":6},"end":{"line":818,"column":160}},"type":"binary-expr","locations":[{"start":{"line":818,"column":6},"end":{"line":818,"column":38}},{"start":{"line":818,"column":42},"end":{"line":818,"column":77}},{"start":{"line":818,"column":81},"end":{"line":818,"column":115}},{"start":{"line":818,"column":119},"end":{"line":818,"column":160}}]},"151":{"loc":{"start":{"line":819,"column":2},"end":{"line":819,"column":48}},"type":"if","locations":[{"start":{"line":819,"column":2},"end":{"line":819,"column":48}}]},"152":{"loc":{"start":{"line":820,"column":2},"end":{"line":820,"column":112}},"type":"if","locations":[{"start":{"line":820,"column":2},"end":{"line":820,"column":112}}]},"153":{"loc":{"start":{"line":820,"column":6},"end":{"line":820,"column":87}},"type":"binary-expr","locations":[{"start":{"line":820,"column":6},"end":{"line":820,"column":25}},{"start":{"line":820,"column":29},"end":{"line":820,"column":57}},{"start":{"line":820,"column":61},"end":{"line":820,"column":87}}]},"154":{"loc":{"start":{"line":821,"column":2},"end":{"line":821,"column":135}},"type":"if","locations":[{"start":{"line":821,"column":2},"end":{"line":821,"column":135}}]},"155":{"loc":{"start":{"line":821,"column":6},"end":{"line":821,"column":115}},"type":"binary-expr","locations":[{"start":{"line":821,"column":6},"end":{"line":821,"column":28}},{"start":{"line":821,"column":32},"end":{"line":821,"column":61}},{"start":{"line":821,"column":65},"end":{"line":821,"column":87}},{"start":{"line":821,"column":91},"end":{"line":821,"column":115}}]},"156":{"loc":{"start":{"line":822,"column":2},"end":{"line":822,"column":102}},"type":"if","locations":[{"start":{"line":822,"column":2},"end":{"line":822,"column":102}}]},"157":{"loc":{"start":{"line":822,"column":6},"end":{"line":822,"column":76}},"type":"binary-expr","locations":[{"start":{"line":822,"column":6},"end":{"line":822,"column":39}},{"start":{"line":822,"column":43},"end":{"line":822,"column":76}}]}},"s":{"0":1,"1":1,"2":1,"3":1,"4":1,"5":1,"6":13,"7":13,"8":13,"9":13,"10":2,"11":11,"12":6,"13":1,"14":5,"15":1,"16":4,"17":1,"18":8,"19":1,"20":7,"21":2,"22":5,"23":1,"24":0,"25":0,"26":0,"27":0,"28":0,"29":0,"30":0,"31":0,"32":0,"33":0,"34":0,"35":0,"36":0,"37":0,"38":0,"39":0,"40":0,"41":0,"42":0,"43":0,"44":0,"45":0,"46":0,"47":0,"48":0,"49":0,"50":0,"51":0,"52":0,"53":0,"54":0,"55":0,"56":0,"57":0,"58":0,"59":0,"60":0,"61":0,"62":0,"63":0,"64":0,"65":0,"66":0,"67":0,"68":0,"69":0,"70":0,"71":0,"72":0,"73":0,"74":0,"75":0,"76":0,"77":0,"78":0,"79":0,"80":0,"81":0,"82":0,"83":0,"84":0,"85":0,"86":0,"87":0,"88":0,"89":0,"90":0,"91":0,"92":0,"93":0,"94":0,"95":0,"96":0,"97":0,"98":0,"99":0,"100":0,"101":0,"102":0,"103":0,"104":0,"105":0,"106":0,"107":0,"108":0,"109":0,"110":0,"111":0,"112":0,"113":0,"114":0,"115":0,"116":0,"117":0,"118":0,"119":0,"120":0,"121":0,"122":0,"123":0,"124":0,"125":0,"126":0,"127":0,"128":0,"129":0,"130":0,"131":0,"132":0,"133":0,"134":0,"135":0,"136":0,"137":0,"138":0,"139":0,"140":0,"141":0,"142":0,"143":0,"144":0,"145":0,"146":0,"147":0,"148":0,"149":0,"150":0,"151":0,"152":0,"153":0,"154":0,"155":0,"156":0,"157":0,"158":0,"159":0,"160":0,"161":0,"162":0,"163":0,"164":0,"165":0,"166":0,"167":0,"168":0,"169":0,"170":0,"171":0,"172":0,"173":0,"174":0,"175":0,"176":0,"177":0,"178":0,"179":0,"180":0,"181":0,"182":0,"183":0,"184":0,"185":0,"186":0,"187":0,"188":0,"189":0,"190":0,"191":0,"192":0,"193":0,"194":0,"195":0,"196":0,"197":0,"198":0,"199":0,"200":0,"201":0,"202":0,"203":0,"204":0,"205":0,"206":0,"207":0,"208":0,"209":0,"210":0,"211":0,"212":0,"213":0,"214":0,"215":0,"216":0,"217":0,"218":0,"219":0,"220":0,"221":0,"222":0,"223":0,"224":0,"225":0,"226":0,"227":0,"228":0,"229":0,"230":0,"231":0,"232":0,"233":0,"234":0,"235":0,"236":0,"237":0,"238":0,"239":0,"240":0,"241":0,"242":0,"243":0,"244":0,"245":0,"246":0,"247":0,"248":0,"249":0,"250":0,"251":0,"252":0,"253":0,"254":0,"255":0,"256":0,"257":0,"258":0,"259":0,"260":0,"261":0,"262":0,"263":0,"264":0,"265":0,"266":0,"267":0,"268":0,"269":0,"270":0,"271":0,"272":0,"273":0,"274":0,"275":0,"276":0,"277":0,"278":0,"279":0,"280":0,"281":0,"282":0,"283":0,"284":0,"285":0,"286":0,"287":0,"288":0,"289":0,"290":0,"291":0,"292":0,"293":0,"294":0,"295":0,"296":0,"297":0,"298":0,"299":0,"300":1,"301":1,"302":0,"303":0,"304":0,"305":0,"306":0,"307":0,"308":0,"309":0,"310":0,"311":0,"312":0,"313":0,"314":0,"315":0,"316":0,"317":0,"318":0,"319":0,"320":0,"321":0,"322":0,"323":0,"324":0,"325":0,"326":1,"327":6,"328":6,"329":2,"330":4,"331":0,"332":0,"333":0,"334":0,"335":0,"336":0,"337":1,"338":0,"339":0,"340":0,"341":6,"342":0,"343":0,"344":0,"345":0,"346":0,"347":0,"348":0,"349":0,"350":0,"351":0,"352":0,"353":0,"354":0,"355":0,"356":0,"357":0,"358":0,"359":0,"360":0,"361":0,"362":0,"363":0,"364":0,"365":0,"366":0,"367":0,"368":0,"369":0,"370":0,"371":0,"372":0,"373":6,"374":6,"375":0,"376":6,"377":3,"378":3,"379":1,"380":2,"381":0,"382":2,"383":0,"384":2,"385":0,"386":2,"387":0,"388":2,"389":0,"390":2,"391":0,"392":2,"393":0,"394":2,"395":0,"396":2,"397":0,"398":2,"399":0,"400":2},"f":{"0":13,"1":0,"2":0,"3":0,"4":0,"5":0,"6":0,"7":0,"8":0,"9":0,"10":0,"11":0,"12":0,"13":0,"14":0,"15":0,"16":0,"17":0,"18":0,"19":0,"20":0,"21":0,"22":0,"23":0,"24":0,"25":0,"26":0,"27":0,"28":0,"29":0,"30":0,"31":0,"32":0,"33":0,"34":0,"35":0,"36":0,"37":0,"38":0,"39":0,"40":0,"41":0,"42":0,"43":0,"44":0,"45":0,"46":0,"47":6,"48":0,"49":0,"50":0,"51":6,"52":0,"53":0,"54":0,"55":0,"56":0,"57":0,"58":0,"59":6},"b":{"0":[7,0],"1":[2],"2":[13,8],"3":[6],"4":[1],"5":[1],"6":[5,4],"7":[1],"8":[4,4],"9":[1],"10":[2],"11":[7,6],"12":[0,1],"13":[1,0],"14":[0],"15":[0,0],"16":[0],"17":[0],"18":[0,0,0],"19":[0,0],"20":[0],"21":[0,0],"22":[0],"23":[0],"24":[0],"25":[0],"26":[0],"27":[0],"28":[0,0],"29":[0],"30":[0,0],"31":[0,0],"32":[0],"33":[0,0],"34":[0],"35":[0,0],"36":[0],"37":[0,0],"38":[0,0],"39":[0,0,0],"40":[0,0],"41":[0,0],"42":[0,0],"43":[0,0],"44":[0],"45":[0,0],"46":[0],"47":[0,0,0],"48":[0,0],"49":[0,0],"50":[0],"51":[0,0],"52":[0],"53":[0,0],"54":[0],"55":[0,0],"56":[0],"57":[0,0],"58":[0],"59":[0,0],"60":[0],"61":[0],"62":[0],"63":[0,0],"64":[0,0],"65":[0],"66":[0,0],"67":[0],"68":[0,0],"69":[0],"70":[0],"71":[0,0],"72":[0,0],"73":[0,0,0],"74":[0,0],"75":[0,0],"76":[0,0],"77":[0,0],"78":[0],"79":[0,0],"80":[0],"81":[0,0,0],"82":[0,0],"83":[0,0],"84":[0],"85":[0,0],"86":[0],"87":[0,0],"88":[0],"89":[0,0],"90":[0],"91":[0,0],"92":[0],"93":[0,0],"94":[0],"95":[0],"96":[0,0],"97":[0,0],"98":[0,0],"99":[0,0],"100":[0,0],"101":[0,0],"102":[0],"103":[0,0],"104":[0,0],"105":[0],"106":[0,0],"107":[0],"108":[0,0],"109":[0],"110":[0],"111":[0,0],"112":[0],"113":[0],"114":[0],"115":[0,0],"116":[0,0,0],"117":[0,0],"118":[0],"119":[0,0,0],"120":[0,0],"121":[0,0],"122":[0,0],"123":[2],"124":[0,0],"125":[0,0],"126":[0,0],"127":[0,0],"128":[0,0],"129":[0,0],"130":[0,0],"131":[0,0],"132":[0],"133":[0,0],"134":[0],"135":[0],"136":[0],"137":[0],"138":[3],"139":[6,4,2],"140":[1],"141":[3,2,0],"142":[0],"143":[0],"144":[2,2],"145":[0],"146":[0],"147":[2,2,2],"148":[0],"149":[0],"150":[2,2,2,2],"151":[0],"152":[0],"153":[2,2,2],"154":[0],"155":[2,2,2,2],"156":[0],"157":[2,2]}}
,"/Users/nacho/Decentraland/agent-server/src/controllers/routes.ts": {"path":"/Users/nacho/Decentraland/agent-server/src/controllers/routes.ts","statementMap":{"0":{"start":{"line":6,"column":17},"end":{"line":6,"column":44}},"1":{"start":{"line":8,"column":2},"end":{"line":8,"column":null}}},"fnMap":{"0":{"name":"setupRouter","decl":{"start":{"line":5,"column":22},"end":{"line":5,"column":33}},"loc":{"start":{"line":5,"column":63},"end":{"line":9,"column":1}}}},"branchMap":{},"s":{"0":1,"1":1},"f":{"0":1},"b":{}}
,"/Users/nacho/Decentraland/agent-server/src/tools/read-slack-thread.ts": {"path":"/Users/nacho/Decentraland/agent-server/src/tools/read-slack-thread.ts","statementMap":{"0":{"start":{"line":5,"column":22},"end":{"line":5,"column":24}},"1":{"start":{"line":8,"column":2},"end":{"line":8,"column":55}},"2":{"start":{"line":13,"column":12},"end":{"line":13,"column":36}},"3":{"start":{"line":14,"column":2},"end":{"line":14,"column":22}},"4":{"start":{"line":14,"column":10},"end":{"line":14,"column":22}},"5":{"start":{"line":15,"column":2},"end":{"line":15,"column":56}},"6":{"start":{"line":18,"column":19},"end":{"line":39,"column":2}},"7":{"start":{"line":45,"column":16},"end":{"line":45,"column":41}},"8":{"start":{"line":46,"column":2},"end":{"line":55,"column":4}},"9":{"start":{"line":48,"column":6},"end":{"line":53,"column":7}},"10":{"start":{"line":49,"column":21},"end":{"line":49,"column":59}},"11":{"start":{"line":50,"column":8},"end":{"line":50,"column":71}},"12":{"start":{"line":52,"column":8},"end":{"line":52,"column":28}},"13":{"start":{"line":56,"column":2},"end":{"line":56,"column":15}},"14":{"start":{"line":63,"column":2},"end":{"line":71,"column":16}},"15":{"start":{"line":65,"column":19},"end":{"line":65,"column":59}},"16":{"start":{"line":66,"column":17},"end":{"line":68,"column":12}},"17":{"start":{"line":69,"column":6},"end":{"line":69,"column":50}},"18":{"start":{"line":75,"column":31},"end":{"line":176,"column":4}},"19":{"start":{"line":93,"column":6},"end":{"line":121,"column":7}},"20":{"start":{"line":94,"column":23},"end":{"line":94,"column":48}},"21":{"start":{"line":95,"column":8},"end":{"line":105,"column":9}},"22":{"start":{"line":96,"column":10},"end":{"line":104,"column":12}},"23":{"start":{"line":106,"column":8},"end":{"line":106,"column":33}},"24":{"start":{"line":107,"column":8},"end":{"line":107,"column":35}},"25":{"start":{"line":108,"column":13},"end":{"line":121,"column":7}},"26":{"start":{"line":109,"column":8},"end":{"line":109,"column":33}},"27":{"start":{"line":110,"column":8},"end":{"line":110,"column":36}},"28":{"start":{"line":112,"column":8},"end":{"line":120,"column":10}},"29":{"start":{"line":123,"column":20},"end":{"line":123,"column":49}},"30":{"start":{"line":125,"column":6},"end":{"line":174,"column":7}},"31":{"start":{"line":126,"column":22},"end":{"line":130,"column":10}},"32":{"start":{"line":132,"column":28},"end":{"line":132,"column":48}},"33":{"start":{"line":135,"column":10},"end":{"line":137,"column":25}},"34":{"start":{"line":139,"column":30},"end":{"line":145,"column":10}},"35":{"start":{"line":142,"column":26},"end":{"line":142,"column":32}},"36":{"start":{"line":143,"column":44},"end":{"line":143,"column":55}},"37":{"start":{"line":146,"column":26},"end":{"line":146,"column":71}},"38":{"start":{"line":147,"column":26},"end":{"line":147,"column":61}},"39":{"start":{"line":150,"column":10},"end":{"line":152,"column":16}},"40":{"start":{"line":154,"column":8},"end":{"line":157,"column":10}},"41":{"start":{"line":159,"column":21},"end":{"line":159,"column":72}},"42":{"start":{"line":160,"column":49},"end":{"line":167,"column":10}},"43":{"start":{"line":169,"column":10},"end":{"line":169,"column":66}},"44":{"start":{"line":170,"column":8},"end":{"line":173,"column":10}},"45":{"start":{"line":178,"column":2},"end":{"line":178,"column":16}}},"fnMap":{"0":{"name":"parseSlackUrl","decl":{"start":{"line":10,"column":16},"end":{"line":10,"column":29}},"loc":{"start":{"line":11,"column":13},"end":{"line":16,"column":1}}},"1":{"name":"resolveUserNames","decl":{"start":{"line":41,"column":15},"end":{"line":41,"column":31}},"loc":{"start":{"line":43,"column":19},"end":{"line":57,"column":1}}},"2":{"name":"(anonymous_2)","decl":{"start":{"line":47,"column":16},"end":{"line":47,"column":21}},"loc":{"start":{"line":47,"column":30},"end":{"line":54,"column":5}}},"3":{"name":"formatMessages","decl":{"start":{"line":59,"column":9},"end":{"line":59,"column":23}},"loc":{"start":{"line":61,"column":32},"end":{"line":72,"column":1}}},"4":{"name":"(anonymous_4)","decl":{"start":{"line":64,"column":9},"end":{"line":64,"column":10}},"loc":{"start":{"line":64,"column":15},"end":{"line":70,"column":5}}},"5":{"name":"createSlackTools","decl":{"start":{"line":74,"column":16},"end":{"line":74,"column":32}},"loc":{"start":{"line":74,"column":50},"end":{"line":179,"column":1}}},"6":{"name":"(anonymous_6)","decl":{"start":{"line":89,"column":4},"end":{"line":89,"column":9}},"loc":{"start":{"line":89,"column":64},"end":{"line":175,"column":5}}},"7":{"name":"(anonymous_7)","decl":{"start":{"line":142,"column":19},"end":{"line":142,"column":20}},"loc":{"start":{"line":142,"column":26},"end":{"line":142,"column":32}}},"8":{"name":"(anonymous_8)","decl":{"start":{"line":143,"column":22},"end":{"line":143,"column":23}},"loc":{"start":{"line":143,"column":44},"end":{"line":143,"column":55}}}},"branchMap":{"0":{"loc":{"start":{"line":14,"column":2},"end":{"line":14,"column":22}},"type":"if","locations":[{"start":{"line":14,"column":2},"end":{"line":14,"column":22}}]},"1":{"loc":{"start":{"line":50,"column":23},"end":{"line":50,"column":69}},"type":"binary-expr","locations":[{"start":{"line":50,"column":23},"end":{"line":50,"column":43}},{"start":{"line":50,"column":47},"end":{"line":50,"column":62}},{"start":{"line":50,"column":66},"end":{"line":50,"column":69}}]},"2":{"loc":{"start":{"line":65,"column":19},"end":{"line":65,"column":59}},"type":"binary-expr","locations":[{"start":{"line":65,"column":19},"end":{"line":65,"column":46}},{"start":{"line":65,"column":50},"end":{"line":65,"column":59}}]},"3":{"loc":{"start":{"line":65,"column":33},"end":{"line":65,"column":45}},"type":"binary-expr","locations":[{"start":{"line":65,"column":33},"end":{"line":65,"column":39}},{"start":{"line":65,"column":43},"end":{"line":65,"column":45}}]},"4":{"loc":{"start":{"line":66,"column":17},"end":{"line":68,"column":12}},"type":"cond-expr","locations":[{"start":{"line":67,"column":10},"end":{"line":67,"column":57}},{"start":{"line":68,"column":10},"end":{"line":68,"column":12}}]},"5":{"loc":{"start":{"line":69,"column":35},"end":{"line":69,"column":47}},"type":"binary-expr","locations":[{"start":{"line":69,"column":35},"end":{"line":69,"column":41}},{"start":{"line":69,"column":45},"end":{"line":69,"column":47}}]},"6":{"loc":{"start":{"line":93,"column":6},"end":{"line":121,"column":7}},"type":"if","locations":[{"start":{"line":93,"column":6},"end":{"line":121,"column":7}},{"start":{"line":108,"column":13},"end":{"line":121,"column":7}}]},"7":{"loc":{"start":{"line":95,"column":8},"end":{"line":105,"column":9}},"type":"if","locations":[{"start":{"line":95,"column":8},"end":{"line":105,"column":9}}]},"8":{"loc":{"start":{"line":108,"column":13},"end":{"line":121,"column":7}},"type":"if","locations":[{"start":{"line":108,"column":13},"end":{"line":121,"column":7}},{"start":{"line":111,"column":13},"end":{"line":121,"column":7}}]},"9":{"loc":{"start":{"line":108,"column":17},"end":{"line":108,"column":51}},"type":"binary-expr","locations":[{"start":{"line":108,"column":17},"end":{"line":108,"column":31}},{"start":{"line":108,"column":35},"end":{"line":108,"column":51}}]},"10":{"loc":{"start":{"line":123,"column":20},"end":{"line":123,"column":49}},"type":"binary-expr","locations":[{"start":{"line":123,"column":20},"end":{"line":123,"column":32}},{"start":{"line":123,"column":36},"end":{"line":123,"column":49}}]},"11":{"loc":{"start":{"line":132,"column":28},"end":{"line":132,"column":48}},"type":"binary-expr","locations":[{"start":{"line":132,"column":28},"end":{"line":132,"column":42}},{"start":{"line":132,"column":46},"end":{"line":132,"column":48}}]},"12":{"loc":{"start":{"line":135,"column":10},"end":{"line":137,"column":25}},"type":"cond-expr","locations":[{"start":{"line":136,"column":14},"end":{"line":136,"column":39}},{"start":{"line":137,"column":14},"end":{"line":137,"column":25}}]},"13":{"loc":{"start":{"line":150,"column":10},"end":{"line":152,"column":16}},"type":"cond-expr","locations":[{"start":{"line":151,"column":14},"end":{"line":151,"column":76}},{"start":{"line":152,"column":14},"end":{"line":152,"column":16}}]},"14":{"loc":{"start":{"line":159,"column":21},"end":{"line":159,"column":72}},"type":"binary-expr","locations":[{"start":{"line":159,"column":21},"end":{"line":159,"column":37}},{"start":{"line":159,"column":41},"end":{"line":159,"column":53}},{"start":{"line":159,"column":57},"end":{"line":159,"column":72}}]},"15":{"loc":{"start":{"line":169,"column":10},"end":{"line":169,"column":66}},"type":"binary-expr","locations":[{"start":{"line":169,"column":10},"end":{"line":169,"column":24}},{"start":{"line":169,"column":28},"end":{"line":169,"column":66}}]}},"s":{"0":2,"1":2,"2":6,"3":6,"4":3,"5":3,"6":2,"7":3,"8":3,"9":4,"10":4,"11":4,"12":0,"13":3,"14":3,"15":6,"16":6,"17":6,"18":8,"19":7,"20":2,"21":2,"22":1,"23":1,"24":1,"25":5,"26":4,"27":4,"28":1,"29":5,"30":5,"31":5,"32":3,"33":3,"34":3,"35":6,"36":6,"37":3,"38":3,"39":3,"40":3,"41":2,"42":2,"43":2,"44":2,"45":8},"f":{"0":6,"1":3,"2":4,"3":3,"4":6,"5":8,"6":7,"7":6,"8":6},"b":{"0":[3],"1":[4,0,0],"2":[6,0],"3":[6,0],"4":[6,0],"5":[6,0],"6":[2,5],"7":[1],"8":[4,1],"9":[5,4],"10":[5,4],"11":[3,0],"12":[1,2],"13":[1,2],"14":[2,0,0],"15":[2,0]}}
}
