TN:
SF:src/agent.ts
FN:62,initAgent
FN:82,(anonymous_1)
FN:105,syncAuth
FN:112,(anonymous_3)
FN:118,runAgent
FN:193,subscribeToTextDeltas
FN:194,(anonymous_6)
FN:204,computeUsage
FNF:8
FNH:0
FNDA:0,initAgent
FNDA:0,(anonymous_1)
FNDA:0,syncAuth
FNDA:0,(anonymous_3)
FNDA:0,runAgent
FNDA:0,subscribeToTextDeltas
FNDA:0,(anonymous_6)
FNDA:0,computeUsage
DA:17,2
DA:18,2
DA:20,2
DA:42,2
DA:43,2
DA:44,2
DA:45,2
DA:53,2
DA:55,2
DA:56,2
DA:58,2
DA:63,0
DA:64,0
DA:66,0
DA:67,0
DA:69,0
DA:70,0
DA:72,0
DA:73,0
DA:75,0
DA:76,0
DA:79,0
DA:80,0
DA:82,0
DA:84,0
DA:85,0
DA:86,0
DA:87,0
DA:88,0
DA:89,0
DA:90,0
DA:91,0
DA:92,0
DA:95,0
DA:97,0
DA:102,0
DA:106,0
DA:108,0
DA:109,0
DA:111,0
DA:112,0
DA:113,0
DA:115,0
DA:119,0
DA:120,0
DA:123,0
DA:124,0
DA:125,0
DA:127,0
DA:132,0
DA:133,0
DA:134,0
DA:135,0
DA:138,0
DA:139,0
DA:147,0
DA:149,0
DA:160,0
DA:161,0
DA:163,0
DA:164,0
DA:167,0
DA:168,0
DA:169,0
DA:170,0
DA:172,0
DA:173,0
DA:174,0
DA:175,0
DA:176,0
DA:179,0
DA:182,0
DA:183,0
DA:185,0
DA:186,0
DA:187,0
DA:189,0
DA:194,0
DA:195,0
DA:199,0
DA:205,0
DA:206,0
DA:208,0
DA:209,0
DA:210,0
DA:211,0
DA:215,0
LF:87
LH:11
BRDA:58,0,0,0
BRDA:58,0,1,2
BRDA:58,1,0,2
BRDA:58,1,1,0
BRDA:63,2,0,0
BRDA:66,3,0,0
BRDA:69,4,0,0
BRDA:72,5,0,0
BRDA:75,6,0,0
BRDA:79,7,0,0
BRDA:79,7,1,0
BRDA:80,8,0,0
BRDA:80,8,1,0
BRDA:82,9,0,0
BRDA:82,9,1,0
BRDA:84,10,0,0
BRDA:84,10,1,0
BRDA:88,11,0,0
BRDA:88,11,1,0
BRDA:90,12,0,0
BRDA:90,12,1,0
BRDA:106,13,0,0
BRDA:106,14,0,0
BRDA:106,14,1,0
BRDA:109,15,0,0
BRDA:119,16,0,0
BRDA:124,17,0,0
BRDA:124,17,1,0
BRDA:134,18,0,0
BRDA:163,19,0,0
BRDA:175,20,0,0
BRDA:175,20,1,0
BRDA:176,21,0,0
BRDA:176,21,1,0
BRDA:177,22,0,0
BRDA:177,22,1,0
BRDA:185,23,0,0
BRDA:185,23,1,0
BRDA:195,24,0,0
BRDA:196,25,0,0
BRDA:196,25,1,0
BRDA:209,26,0,0
BRDA:209,27,0,0
BRDA:209,27,1,0
BRDA:210,28,0,0
BRDA:210,28,1,0
BRDA:211,29,0,0
BRDA:211,29,1,0
BRF:48
BRH:2
end_of_record
TN:
SF:src/cli.ts
FN:7,(anonymous_0)
FN:9,streamingEvents
FN:11,(anonymous_2)
FN:15,detectReviewModel
FN:20,main
FN:48,(anonymous_5)
FN:58,(anonymous_6)
FN:60,(anonymous_7)
FN:77,(anonymous_8)
FNF:9
FNH:0
FNDA:0,(anonymous_0)
FNDA:0,streamingEvents
FNDA:0,(anonymous_2)
FNDA:0,detectReviewModel
FNDA:0,main
FNDA:0,(anonymous_5)
FNDA:0,(anonymous_6)
FNDA:0,(anonymous_7)
FNDA:0,(anonymous_8)
DA:6,0
DA:7,0
DA:10,0
DA:11,0
DA:12,0
DA:16,0
DA:17,0
DA:21,0
DA:27,0
DA:29,0
DA:30,0
DA:32,0
DA:33,0
DA:34,0
DA:36,0
DA:37,0
DA:41,0
DA:42,0
DA:43,0
DA:45,0
DA:46,0
DA:48,0
DA:49,0
DA:50,0
DA:51,0
DA:52,0
DA:54,0
DA:58,0
DA:60,0
DA:61,0
DA:62,0
DA:64,0
DA:65,0
DA:66,0
DA:68,0
DA:71,0
DA:72,0
DA:77,0
DA:78,0
DA:79,0
LF:40
LH:0
BRDA:16,0,0,0
BRDA:16,0,1,0
BRDA:17,1,0,0
BRDA:17,1,1,0
BRDA:27,2,0,0
BRDA:27,2,1,0
BRDA:30,3,0,0
BRDA:36,4,0,0
BRDA:36,4,1,0
BRDA:42,5,0,0
BRDA:49,6,0,0
BRDA:49,6,1,0
BRDA:49,7,0,0
BRDA:49,7,1,0
BRDA:68,8,0,0
BRDA:68,8,1,0
BRDA:78,9,0,0
BRDA:78,9,1,0
BRF:18
BRH:0
end_of_record
TN:
SF:src/components.ts
FN:14,initComponents
FNF:1
FNH:1
FNDA:1,initComponents
DA:15,1
DA:16,1
DA:17,1
DA:19,1
DA:21,1
DA:22,1
DA:24,1
DA:25,1
DA:27,1
DA:29,1
LF:10
LH:10
BRDA:25,0,0,0
BRDA:25,0,1,1
BRDA:36,1,0,0
BRDA:36,1,1,1
BRF:4
BRH:2
end_of_record
TN:
SF:src/concurrency.ts
FN:4,(anonymous_0)
FN:9,(anonymous_1)
FN:10,(anonymous_2)
FN:22,(anonymous_3)
FN:42,(anonymous_4)
FN:46,(anonymous_5)
FN:58,(anonymous_6)
FN:60,(anonymous_7)
FNF:8
FNH:4
FNDA:0,(anonymous_0)
FNDA:0,(anonymous_1)
FNDA:0,(anonymous_2)
FNDA:0,(anonymous_3)
FNDA:7,(anonymous_4)
FNDA:13,(anonymous_5)
FNDA:12,(anonymous_6)
FNDA:3,(anonymous_7)
DA:2,0
DA:5,0
DA:6,0
DA:9,0
DA:10,0
DA:12,0
DA:13,0
DA:14,0
DA:16,0
DA:19,0
DA:23,0
DA:24,0
DA:25,0
DA:26,0
DA:28,0
DA:37,7
DA:38,7
DA:39,7
DA:43,7
DA:47,13
DA:48,1
DA:51,12
DA:52,12
DA:53,12
DA:55,12
DA:59,12
DA:60,3
DA:63,12
DA:64,12
DA:65,12
DA:67,11
DA:68,11
DA:69,11
LF:33
LH:18
BRDA:6,0,0,0
BRDA:6,0,1,0
BRDA:12,1,0,0
BRDA:12,1,1,0
BRDA:42,2,0,5
BRDA:47,3,0,1
BRDA:59,4,0,3
BRF:7
BRH:3
end_of_record
TN:
SF:src/index.ts
FNF:0
FNH:0
DA:5,0
LF:1
LH:0
BRF:0
BRH:0
end_of_record
TN:
SF:src/memory.ts
FN:23,getClient
FN:30,s3Get
FN:40,s3Put
FN:46,isPublicChannel
FN:50,isNoLearning
FN:55,truncateForInjection
FN:61,buildCompressionPrompt
FN:78,getGlobalContext
FN:87,saveGlobalContext
FN:94,saveConversationSummary
FN:107,buildSummaryPrompt
FN:153,buildMemoryUpdatePrompt
FNF:12
FNH:5
FNDA:0,getClient
FNDA:0,s3Get
FNDA:0,s3Put
FNDA:3,isPublicChannel
FNDA:5,isNoLearning
FNDA:3,truncateForInjection
FNDA:2,buildCompressionPrompt
FNDA:0,getGlobalContext
FNDA:0,saveGlobalContext
FNDA:0,saveConversationSummary
FNDA:4,buildSummaryPrompt
FNDA:0,buildMemoryUpdatePrompt
DA:3,2
DA:4,2
DA:6,2
DA:7,2
DA:8,2
DA:18,2
DA:19,2
DA:21,2
DA:24,0
DA:25,0
DA:27,0
DA:31,0
DA:32,0
DA:33,0
DA:35,0
DA:36,0
DA:41,0
DA:47,3
DA:51,5
DA:56,3
DA:57,1
DA:62,2
DA:79,0
DA:80,0
DA:81,0
DA:82,0
DA:83,0
DA:88,0
DA:89,0
DA:90,0
DA:99,0
DA:100,0
DA:108,4
DA:109,4
DA:111,4
DA:157,0
DA:161,0
LF:37
LH:16
BRDA:24,0,0,0
BRDA:33,1,0,0
BRDA:33,1,1,0
BRDA:35,2,0,0
BRDA:35,3,0,0
BRDA:35,3,1,0
BRDA:56,4,0,2
BRDA:79,5,0,0
BRDA:108,6,0,1
BRDA:108,6,1,3
BRDA:109,7,0,1
BRDA:109,7,1,3
BRDA:157,8,0,0
BRDA:157,8,1,0
BRF:14
BRH:5
end_of_record
TN:
SF:src/metrics.ts
FNF:0
FNH:0
DA:6,1
DA:17,1
LF:2
LH:2
BRF:0
BRH:0
end_of_record
TN:
SF:src/prompt.ts
FN:1,buildPrompt
FNF:1
FNH:1
FNDA:7,buildPrompt
DA:2,7
DA:6,7
DA:10,7
DA:12,7
DA:16,7
DA:18,7
LF:6
LH:6
BRDA:2,0,0,1
BRDA:2,0,1,6
BRDA:6,1,0,1
BRDA:6,1,1,6
BRDA:12,2,0,0
BRDA:12,2,1,7
BRF:6
BRH:5
end_of_record
TN:
SF:src/service.ts
FN:10,main
FN:93,readSchedules
FN:102,updateScheduleStats
FN:104,(anonymous_3)
FN:112,startScheduleRunner
FN:115,(anonymous_5)
FN:134,(anonymous_6)
FN:152,(anonymous_7)
FNF:8
FNH:0
FNDA:0,main
FNDA:0,readSchedules
FNDA:0,updateScheduleStats
FNDA:0,(anonymous_3)
FNDA:0,startScheduleRunner
FNDA:0,(anonymous_5)
FNDA:0,(anonymous_6)
FNDA:0,(anonymous_7)
DA:11,0
DA:12,0
DA:13,0
DA:16,0
DA:35,0
DA:36,0
DA:37,0
DA:38,0
DA:39,0
DA:41,0
DA:43,0
DA:44,0
DA:55,0
DA:56,0
DA:59,0
DA:61,0
DA:87,0
DA:91,0
DA:94,0
DA:95,0
DA:96,0
DA:98,0
DA:103,0
DA:104,0
DA:105,0
DA:106,0
DA:107,0
DA:108,0
DA:109,0
DA:113,0
DA:115,0
DA:116,0
DA:117,0
DA:119,0
DA:121,0
DA:122,0
DA:124,0
DA:125,0
DA:127,0
DA:128,0
DA:129,0
DA:131,0
DA:133,0
DA:134,0
DA:135,0
DA:136,0
DA:140,0
DA:143,0
DA:144,0
DA:153,0
DA:154,0
DA:155,0
DA:161,0
DA:163,0
DA:164,0
DA:165,0
DA:169,0
DA:170,0
DA:173,0
DA:178,0
LF:60
LH:0
BRDA:22,0,0,0
BRDA:22,0,1,0
BRDA:32,1,0,0
BRDA:32,1,1,0
BRDA:87,2,0,0
BRDA:87,2,1,0
BRDA:87,3,0,0
BRDA:87,3,1,0
BRDA:94,4,0,0
BRDA:105,5,0,0
BRDA:106,6,0,0
BRDA:106,6,1,0
BRDA:117,7,0,0
BRDA:122,8,0,0
BRDA:129,9,0,0
BRDA:129,10,0,0
BRDA:129,10,1,0
BRDA:143,11,0,0
BRDA:143,12,0,0
BRDA:143,12,1,0
BRDA:154,13,0,0
BRDA:154,13,1,0
BRDA:163,14,0,0
BRDA:163,14,1,0
BRDA:169,15,0,0
BRF:25
BRH:0
end_of_record
TN:
SF:src/slack.ts
FN:47,patchScheduleChannels
FN:65,isChannelEligibleForMemory
FN:69,isMemoryReadable
FN:73,triggerMemoryUpdate
FN:127,startSlackBot
FN:139,(anonymous_5)
FN:150,(anonymous_6)
FN:161,(anonymous_7)
FN:177,react
FN:179,(anonymous_9)
FN:181,unreact
FN:183,(anonymous_11)
FN:186,(anonymous_12)
FN:198,(anonymous_13)
FN:217,(anonymous_14)
FN:255,(anonymous_15)
FN:268,(anonymous_16)
FN:277,(anonymous_17)
FN:282,(anonymous_18)
FN:305,react
FN:307,(anonymous_20)
FN:309,unreact
FN:311,(anonymous_22)
FN:314,(anonymous_23)
FN:326,(anonymous_24)
FN:366,(anonymous_25)
FN:374,(anonymous_26)
FN:377,(anonymous_27)
FN:378,(anonymous_28)
FN:383,(anonymous_29)
FN:388,(anonymous_30)
FN:396,cachedLookup
FN:420,isExternalOrGuest
FN:441,resolveUserName
FN:442,(anonymous_34)
FN:448,resolveChannelName
FN:449,(anonymous_36)
FN:459,postAuditLog
FN:480,markdownToMrkdwn
FN:486,fetchThread
FN:500,(anonymous_40)
FN:500,(anonymous_41)
FN:504,(anonymous_42)
FN:510,(anonymous_43)
FN:533,downloadTextFile
FN:543,detectSkill
FNF:46
FNH:2
FNDA:0,patchScheduleChannels
FNDA:0,isChannelEligibleForMemory
FNDA:0,isMemoryReadable
FNDA:0,triggerMemoryUpdate
FNDA:0,startSlackBot
FNDA:0,(anonymous_5)
FNDA:0,(anonymous_6)
FNDA:0,(anonymous_7)
FNDA:0,react
FNDA:0,(anonymous_9)
FNDA:0,unreact
FNDA:0,(anonymous_11)
FNDA:0,(anonymous_12)
FNDA:0,(anonymous_13)
FNDA:0,(anonymous_14)
FNDA:0,(anonymous_15)
FNDA:0,(anonymous_16)
FNDA:0,(anonymous_17)
FNDA:0,(anonymous_18)
FNDA:0,react
FNDA:0,(anonymous_20)
FNDA:0,unreact
FNDA:0,(anonymous_22)
FNDA:0,(anonymous_23)
FNDA:0,(anonymous_24)
FNDA:0,(anonymous_25)
FNDA:0,(anonymous_26)
FNDA:0,(anonymous_27)
FNDA:0,(anonymous_28)
FNDA:0,(anonymous_29)
FNDA:0,(anonymous_30)
FNDA:0,cachedLookup
FNDA:0,isExternalOrGuest
FNDA:0,resolveUserName
FNDA:0,(anonymous_34)
FNDA:0,resolveChannelName
FNDA:0,(anonymous_36)
FNDA:0,postAuditLog
FNDA:6,markdownToMrkdwn
FNDA:0,fetchThread
FNDA:0,(anonymous_40)
FNDA:0,(anonymous_41)
FNDA:0,(anonymous_42)
FNDA:0,(anonymous_43)
FNDA:0,downloadTextFile
FNDA:6,detectSkill
DA:21,1
DA:31,1
DA:32,1
DA:34,1
DA:36,1
DA:37,1
DA:38,1
DA:43,1
DA:48,0
DA:49,0
DA:50,0
DA:51,0
DA:52,0
DA:53,0
DA:54,0
DA:55,0
DA:56,0
DA:59,0
DA:61,0
DA:66,0
DA:70,0
DA:80,0
DA:81,0
DA:87,0
DA:88,0
DA:89,0
DA:92,0
DA:99,0
DA:101,0
DA:102,0
DA:108,0
DA:109,0
DA:110,0
DA:111,0
DA:112,0
DA:117,0
DA:119,0
DA:120,0
DA:123,0
DA:128,0
DA:135,0
DA:136,0
DA:137,0
DA:139,0
DA:140,0
DA:141,0
DA:142,0
DA:143,0
DA:144,0
DA:145,0
DA:146,0
DA:147,0
DA:150,0
DA:151,0
DA:152,0
DA:153,0
DA:154,0
DA:155,0
DA:156,0
DA:157,0
DA:158,0
DA:161,0
DA:162,0
DA:163,0
DA:165,0
DA:166,0
DA:167,0
DA:170,0
DA:174,0
DA:175,0
DA:178,0
DA:179,0
DA:182,0
DA:183,0
DA:186,0
DA:187,0
DA:189,0
DA:190,0
DA:191,0
DA:194,0
DA:197,0
DA:199,0
DA:200,0
DA:203,0
DA:205,0
DA:211,0
DA:212,0
DA:213,0
DA:216,0
DA:217,0
DA:218,0
DA:222,0
DA:223,0
DA:224,0
DA:225,0
DA:226,0
DA:227,0
DA:228,0
DA:246,0
DA:249,0
DA:250,0
DA:253,0
DA:254,0
DA:255,0
DA:259,0
DA:260,0
DA:261,0
DA:264,0
DA:265,0
DA:268,0
DA:269,0
DA:270,0
DA:271,0
DA:272,0
DA:273,0
DA:275,0
DA:276,0
DA:277,0
DA:282,0
DA:283,0
DA:284,0
DA:285,0
DA:286,0
DA:288,0
DA:289,0
DA:290,0
DA:291,0
DA:294,0
DA:295,0
DA:296,0
DA:299,0
DA:300,0
DA:301,0
DA:302,0
DA:303,0
DA:306,0
DA:307,0
DA:310,0
DA:311,0
DA:314,0
DA:315,0
DA:317,0
DA:318,0
DA:319,0
DA:322,0
DA:325,0
DA:327,0
DA:328,0
DA:331,0
DA:333,0
DA:334,0
DA:335,0
DA:336,0
DA:339,0
DA:340,0
DA:341,0
DA:342,0
DA:343,0
DA:344,0
DA:345,0
DA:357,0
DA:360,0
DA:361,0
DA:364,0
DA:365,0
DA:366,0
DA:370,0
DA:371,0
DA:374,0
DA:375,0
DA:376,0
DA:377,0
DA:378,0
DA:379,0
DA:381,0
DA:382,0
DA:383,0
DA:388,0
DA:389,0
DA:392,0
DA:393,0
DA:400,0
DA:401,0
DA:403,0
DA:404,0
DA:405,0
DA:406,0
DA:408,0
DA:417,1
DA:418,1
DA:421,0
DA:422,0
DA:424,0
DA:425,0
DA:426,0
DA:427,0
DA:428,0
DA:431,0
DA:432,0
DA:434,0
DA:436,0
DA:437,0
DA:442,0
DA:443,0
DA:444,0
DA:449,0
DA:450,0
DA:451,0
DA:466,0
DA:470,0
DA:473,0
DA:474,0
DA:481,6
DA:491,0
DA:497,0
DA:499,0
DA:500,0
DA:502,0
DA:503,0
DA:505,0
DA:509,0
DA:511,0
DA:512,0
DA:513,0
DA:515,0
DA:516,0
DA:517,0
DA:518,0
DA:519,0
DA:520,0
DA:521,0
DA:526,0
DA:530,0
DA:534,0
DA:535,0
DA:536,0
DA:537,0
DA:539,0
DA:544,6
DA:545,6
DA:546,6
DA:547,3
DA:548,2
DA:549,2
DA:550,2
DA:551,2
DA:552,2
DA:553,2
DA:554,2
DA:555,2
DA:556,2
DA:557,2
LF:252
LH:25
BRDA:43,0,0,0
BRDA:43,0,1,1
BRDA:43,1,0,1
BRDA:43,1,1,0
BRDA:48,2,0,0
BRDA:52,3,0,0
BRDA:52,3,1,0
BRDA:53,4,0,0
BRDA:59,5,0,0
BRDA:66,6,0,0
BRDA:66,6,1,0
BRDA:66,6,2,0
BRDA:70,7,0,0
BRDA:70,7,1,0
BRDA:87,8,0,0
BRDA:87,9,0,0
BRDA:87,9,1,0
BRDA:108,10,0,0
BRDA:110,11,0,0
BRDA:117,12,0,0
BRDA:144,13,0,0
BRDA:155,14,0,0
BRDA:162,15,0,0
BRDA:162,15,1,0
BRDA:165,16,0,0
BRDA:165,17,0,0
BRDA:165,17,1,0
BRDA:171,18,0,0
BRDA:171,18,1,0
BRDA:179,19,0,0
BRDA:179,20,0,0
BRDA:179,20,1,0
BRDA:183,21,0,0
BRDA:183,22,0,0
BRDA:183,22,1,0
BRDA:190,23,0,0
BRDA:194,24,0,0
BRDA:194,24,1,0
BRDA:195,25,0,0
BRDA:195,25,1,0
BRDA:195,26,0,0
BRDA:195,26,1,0
BRDA:195,26,2,0
BRDA:197,27,0,0
BRDA:197,27,1,0
BRDA:203,28,0,0
BRDA:203,28,1,0
BRDA:207,29,0,0
BRDA:207,29,1,0
BRDA:209,30,0,0
BRDA:209,30,1,0
BRDA:212,31,0,0
BRDA:216,32,0,0
BRDA:216,33,0,0
BRDA:216,33,1,0
BRDA:223,34,0,0
BRDA:223,34,1,0
BRDA:225,35,0,0
BRDA:225,35,1,0
BRDA:253,36,0,0
BRDA:259,37,0,0
BRDA:264,38,0,0
BRDA:269,39,0,0
BRDA:269,39,1,0
BRDA:275,40,0,0
BRDA:284,41,0,0
BRDA:285,42,0,0
BRDA:286,43,0,0
BRDA:286,44,0,0
BRDA:286,44,1,0
BRDA:288,45,0,0
BRDA:294,46,0,0
BRDA:300,47,0,0
BRDA:300,47,1,0
BRDA:307,48,0,0
BRDA:307,49,0,0
BRDA:307,49,1,0
BRDA:311,50,0,0
BRDA:311,51,0,0
BRDA:311,51,1,0
BRDA:318,52,0,0
BRDA:322,53,0,0
BRDA:322,53,1,0
BRDA:323,54,0,0
BRDA:323,54,1,0
BRDA:323,55,0,0
BRDA:323,55,1,0
BRDA:325,56,0,0
BRDA:325,56,1,0
BRDA:331,57,0,0
BRDA:331,57,1,0
BRDA:333,58,0,0
BRDA:333,58,1,0
BRDA:335,59,0,0
BRDA:340,60,0,0
BRDA:340,60,1,0
BRDA:342,61,0,0
BRDA:342,61,1,0
BRDA:364,62,0,0
BRDA:370,63,0,0
BRDA:375,64,0,0
BRDA:375,64,1,0
BRDA:381,65,0,0
BRDA:401,66,0,0
BRDA:422,67,0,0
BRDA:422,68,0,0
BRDA:422,68,1,0
BRDA:427,69,0,0
BRDA:427,69,1,0
BRDA:427,69,2,0
BRDA:431,70,0,0
BRDA:431,70,1,0
BRDA:432,71,0,0
BRDA:444,72,0,0
BRDA:444,72,1,0
BRDA:444,72,2,0
BRDA:451,73,0,0
BRDA:451,73,1,0
BRDA:470,74,0,0
BRDA:470,74,1,0
BRDA:473,75,0,0
BRDA:473,75,1,0
BRDA:497,76,0,0
BRDA:497,76,1,0
BRDA:511,77,0,0
BRDA:511,77,1,0
BRDA:511,78,0,0
BRDA:511,78,1,0
BRDA:512,79,0,0
BRDA:512,79,1,0
BRDA:513,80,0,0
BRDA:513,80,1,0
BRDA:515,81,0,0
BRDA:515,81,1,0
BRDA:517,82,0,0
BRDA:517,82,1,0
BRDA:518,83,0,0
BRDA:518,84,0,0
BRDA:518,84,1,0
BRDA:520,85,0,0
BRDA:536,86,0,0
BRDA:545,87,0,0
BRDA:546,88,0,3
BRDA:546,89,0,6
BRDA:546,89,1,4
BRDA:546,89,2,2
BRDA:547,90,0,1
BRDA:547,91,0,3
BRDA:547,91,1,2
BRDA:547,91,2,0
BRDA:548,92,0,0
BRDA:549,93,0,0
BRDA:549,94,0,2
BRDA:549,94,1,2
BRDA:550,95,0,0
BRDA:551,96,0,0
BRDA:551,97,0,2
BRDA:551,97,1,2
BRDA:551,97,2,2
BRDA:552,98,0,0
BRDA:553,99,0,0
BRDA:553,100,0,2
BRDA:553,100,1,2
BRDA:553,100,2,2
BRDA:553,100,3,2
BRDA:554,101,0,0
BRDA:555,102,0,0
BRDA:555,103,0,2
BRDA:555,103,1,2
BRDA:555,103,2,2
BRDA:556,104,0,0
BRDA:556,105,0,2
BRDA:556,105,1,2
BRDA:556,105,2,2
BRDA:556,105,3,2
BRF:175
BRH:25
end_of_record
TN:
SF:src/controllers/routes.ts
FN:5,setupRouter
FNF:1
FNH:1
FNDA:1,setupRouter
DA:6,1
DA:8,1
LF:2
LH:2
BRF:0
BRH:0
end_of_record
