TN:
SF:src/agent.ts
FN:64,initAgent
FN:84,(anonymous_1)
FN:107,syncAuth
FN:114,(anonymous_3)
FN:120,runAgent
FN:196,subscribeToTextDeltas
FN:197,(anonymous_6)
FN:207,computeUsage
FNF:8
FNH:0
FNDA:0,initAgent
FNDA:0,(anonymous_1)
FNDA:0,syncAuth
FNDA:0,(anonymous_3)
FNDA:0,runAgent
FNDA:0,subscribeToTextDeltas
FNDA:0,(anonymous_6)
FNDA:0,computeUsage
DA:18,2
DA:19,2
DA:21,2
DA:44,2
DA:45,2
DA:46,2
DA:47,2
DA:55,2
DA:57,2
DA:58,2
DA:60,2
DA:65,0
DA:66,0
DA:68,0
DA:69,0
DA:71,0
DA:72,0
DA:74,0
DA:75,0
DA:77,0
DA:78,0
DA:81,0
DA:82,0
DA:84,0
DA:86,0
DA:87,0
DA:88,0
DA:89,0
DA:90,0
DA:91,0
DA:92,0
DA:93,0
DA:94,0
DA:97,0
DA:99,0
DA:104,0
DA:108,0
DA:110,0
DA:111,0
DA:113,0
DA:114,0
DA:115,0
DA:117,0
DA:121,0
DA:122,0
DA:125,0
DA:126,0
DA:127,0
DA:129,0
DA:134,0
DA:135,0
DA:136,0
DA:137,0
DA:140,0
DA:141,0
DA:149,0
DA:151,0
DA:163,0
DA:164,0
DA:166,0
DA:167,0
DA:170,0
DA:171,0
DA:172,0
DA:173,0
DA:175,0
DA:176,0
DA:177,0
DA:178,0
DA:179,0
DA:182,0
DA:185,0
DA:186,0
DA:188,0
DA:189,0
DA:190,0
DA:192,0
DA:197,0
DA:198,0
DA:202,0
DA:208,0
DA:209,0
DA:211,0
DA:212,0
DA:213,0
DA:214,0
DA:218,0
LF:87
LH:11
BRDA:60,0,0,0
BRDA:60,0,1,2
BRDA:60,1,0,2
BRDA:60,1,1,0
BRDA:65,2,0,0
BRDA:68,3,0,0
BRDA:71,4,0,0
BRDA:74,5,0,0
BRDA:77,6,0,0
BRDA:81,7,0,0
BRDA:81,7,1,0
BRDA:82,8,0,0
BRDA:82,8,1,0
BRDA:84,9,0,0
BRDA:84,9,1,0
BRDA:86,10,0,0
BRDA:86,10,1,0
BRDA:90,11,0,0
BRDA:90,11,1,0
BRDA:92,12,0,0
BRDA:92,12,1,0
BRDA:108,13,0,0
BRDA:108,14,0,0
BRDA:108,14,1,0
BRDA:111,15,0,0
BRDA:121,16,0,0
BRDA:126,17,0,0
BRDA:126,17,1,0
BRDA:136,18,0,0
BRDA:166,19,0,0
BRDA:178,20,0,0
BRDA:178,20,1,0
BRDA:179,21,0,0
BRDA:179,21,1,0
BRDA:180,22,0,0
BRDA:180,22,1,0
BRDA:188,23,0,0
BRDA:188,23,1,0
BRDA:198,24,0,0
BRDA:199,25,0,0
BRDA:199,25,1,0
BRDA:212,26,0,0
BRDA:212,27,0,0
BRDA:212,27,1,0
BRDA:213,28,0,0
BRDA:213,28,1,0
BRDA:214,29,0,0
BRDA:214,29,1,0
BRF:48
BRH:2
end_of_record
TN:
SF:src/cli.ts
FN:7,(anonymous_0)
FN:9,streamingEvents
FN:11,(anonymous_2)
FN:15,detectReviewModel
FN:20,main
FN:48,(anonymous_5)
FN:58,(anonymous_6)
FN:60,(anonymous_7)
FN:77,(anonymous_8)
FNF:9
FNH:0
FNDA:0,(anonymous_0)
FNDA:0,streamingEvents
FNDA:0,(anonymous_2)
FNDA:0,detectReviewModel
FNDA:0,main
FNDA:0,(anonymous_5)
FNDA:0,(anonymous_6)
FNDA:0,(anonymous_7)
FNDA:0,(anonymous_8)
DA:6,0
DA:7,0
DA:10,0
DA:11,0
DA:12,0
DA:16,0
DA:17,0
DA:21,0
DA:27,0
DA:29,0
DA:30,0
DA:32,0
DA:33,0
DA:34,0
DA:36,0
DA:37,0
DA:41,0
DA:42,0
DA:43,0
DA:45,0
DA:46,0
DA:48,0
DA:49,0
DA:50,0
DA:51,0
DA:52,0
DA:54,0
DA:58,0
DA:60,0
DA:61,0
DA:62,0
DA:64,0
DA:65,0
DA:66,0
DA:68,0
DA:71,0
DA:72,0
DA:77,0
DA:78,0
DA:79,0
LF:40
LH:0
BRDA:16,0,0,0
BRDA:16,0,1,0
BRDA:17,1,0,0
BRDA:17,1,1,0
BRDA:27,2,0,0
BRDA:27,2,1,0
BRDA:30,3,0,0
BRDA:36,4,0,0
BRDA:36,4,1,0
BRDA:42,5,0,0
BRDA:49,6,0,0
BRDA:49,6,1,0
BRDA:49,7,0,0
BRDA:49,7,1,0
BRDA:68,8,0,0
BRDA:68,8,1,0
BRDA:78,9,0,0
BRDA:78,9,1,0
BRF:18
BRH:0
end_of_record
TN:
SF:src/components.ts
FN:14,initComponents
FNF:1
FNH:1
FNDA:1,initComponents
DA:15,1
DA:16,1
DA:17,1
DA:19,1
DA:21,1
DA:22,1
DA:24,1
DA:25,1
DA:27,1
DA:29,1
LF:10
LH:10
BRDA:25,0,0,0
BRDA:25,0,1,1
BRDA:36,1,0,0
BRDA:36,1,1,1
BRF:4
BRH:2
end_of_record
TN:
SF:src/concurrency.ts
FN:4,(anonymous_0)
FN:9,(anonymous_1)
FN:10,(anonymous_2)
FN:22,(anonymous_3)
FN:51,(anonymous_4)
FN:55,(anonymous_5)
FN:61,(anonymous_6)
FN:65,(anonymous_7)
FN:84,(anonymous_8)
FN:90,(anonymous_9)
FN:91,(anonymous_10)
FN:97,(anonymous_11)
FN:99,(anonymous_12)
FN:116,(anonymous_13)
FN:122,(anonymous_14)
FN:135,(anonymous_15)
FN:137,(anonymous_16)
FN:138,(anonymous_17)
FN:142,(anonymous_18)
FNF:19
FNH:13
FNDA:0,(anonymous_0)
FNDA:0,(anonymous_1)
FNDA:0,(anonymous_2)
FNDA:0,(anonymous_3)
FNDA:10,(anonymous_4)
FNDA:6,(anonymous_5)
FNDA:0,(anonymous_6)
FNDA:17,(anonymous_7)
FNDA:1,(anonymous_8)
FNDA:1,(anonymous_9)
FNDA:1,(anonymous_10)
FNDA:16,(anonymous_11)
FNDA:4,(anonymous_12)
FNDA:1,(anonymous_13)
FNDA:16,(anonymous_14)
FNDA:1,(anonymous_15)
FNDA:1,(anonymous_16)
FNDA:0,(anonymous_17)
FNDA:1,(anonymous_18)
DA:2,0
DA:5,0
DA:6,0
DA:9,0
DA:10,0
DA:12,0
DA:13,0
DA:14,0
DA:16,0
DA:19,0
DA:23,0
DA:24,0
DA:25,0
DA:26,0
DA:28,0
DA:37,10
DA:38,10
DA:39,10
DA:40,10
DA:42,10
DA:45,10
DA:46,10
DA:52,10
DA:56,6
DA:62,0
DA:67,17
DA:68,1
DA:69,1
DA:72,16
DA:73,16
DA:74,16
DA:78,16
DA:79,16
DA:81,16
DA:85,1
DA:86,1
DA:87,1
DA:88,1
DA:90,1
DA:91,1
DA:92,1
DA:98,16
DA:99,4
DA:101,4
DA:104,16
DA:105,16
DA:106,16
DA:107,16
DA:109,16
DA:110,16
DA:111,16
DA:113,16
DA:114,16
DA:115,16
DA:116,16
DA:117,1
DA:124,16
DA:125,16
DA:126,1
DA:127,1
DA:130,16
DA:131,16
DA:136,1
DA:137,1
DA:138,1
DA:139,0
DA:140,0
DA:142,1
DA:143,1
DA:144,1
LF:70
LH:52
BRDA:6,0,0,0
BRDA:6,0,1,0
BRDA:12,1,0,0
BRDA:12,1,1,0
BRDA:51,2,0,6
BRDA:56,3,0,1
BRDA:56,3,1,5
BRDA:67,4,0,1
BRDA:74,5,0,4
BRDA:74,5,1,12
BRDA:86,6,0,1
BRDA:98,7,0,4
BRDA:117,8,0,1
BRDA:125,9,0,1
BRDA:125,10,0,16
BRDA:125,10,1,1
BRDA:135,11,0,0
BRDA:136,12,0,0
BRF:18
BRH:12
end_of_record
TN:
SF:src/index.ts
FNF:0
FNH:0
DA:5,0
LF:1
LH:0
BRF:0
BRH:0
end_of_record
TN:
SF:src/memory.ts
FN:23,getClient
FN:30,s3Get
FN:40,s3Put
FN:46,isPublicChannel
FN:50,isNoLearning
FN:55,truncateForInjection
FN:61,buildCompressionPrompt
FN:78,getGlobalContext
FN:87,saveGlobalContext
FN:94,saveConversationSummary
FN:107,buildSummaryPrompt
FN:153,buildMemoryUpdatePrompt
FNF:12
FNH:5
FNDA:0,getClient
FNDA:0,s3Get
FNDA:0,s3Put
FNDA:3,isPublicChannel
FNDA:5,isNoLearning
FNDA:3,truncateForInjection
FNDA:2,buildCompressionPrompt
FNDA:0,getGlobalContext
FNDA:0,saveGlobalContext
FNDA:0,saveConversationSummary
FNDA:4,buildSummaryPrompt
FNDA:0,buildMemoryUpdatePrompt
DA:3,2
DA:4,2
DA:6,2
DA:7,2
DA:8,2
DA:18,2
DA:19,2
DA:21,2
DA:24,0
DA:25,0
DA:27,0
DA:31,0
DA:32,0
DA:33,0
DA:35,0
DA:36,0
DA:41,0
DA:47,3
DA:51,5
DA:56,3
DA:57,1
DA:62,2
DA:79,0
DA:80,0
DA:81,0
DA:82,0
DA:83,0
DA:88,0
DA:89,0
DA:90,0
DA:99,0
DA:100,0
DA:108,4
DA:109,4
DA:111,4
DA:157,0
DA:161,0
LF:37
LH:16
BRDA:24,0,0,0
BRDA:33,1,0,0
BRDA:33,1,1,0
BRDA:35,2,0,0
BRDA:35,3,0,0
BRDA:35,3,1,0
BRDA:56,4,0,2
BRDA:79,5,0,0
BRDA:108,6,0,1
BRDA:108,6,1,3
BRDA:109,7,0,1
BRDA:109,7,1,3
BRDA:157,8,0,0
BRDA:157,8,1,0
BRF:14
BRH:5
end_of_record
TN:
SF:src/metrics.ts
FNF:0
FNH:0
DA:6,1
DA:17,1
LF:2
LH:2
BRF:0
BRH:0
end_of_record
TN:
SF:src/prompt.ts
FN:1,buildPrompt
FNF:1
FNH:1
FNDA:7,buildPrompt
DA:2,7
DA:6,7
DA:10,7
DA:12,7
DA:16,7
DA:18,7
LF:6
LH:6
BRDA:2,0,0,1
BRDA:2,0,1,6
BRDA:6,1,0,1
BRDA:6,1,1,6
BRDA:12,2,0,0
BRDA:12,2,1,7
BRF:6
BRH:5
end_of_record
TN:
SF:src/service.ts
FN:10,main
FN:93,readSchedules
FN:102,updateScheduleStats
FN:104,(anonymous_3)
FN:112,startScheduleRunner
FN:115,(anonymous_5)
FN:117,(anonymous_6)
FN:135,(anonymous_7)
FN:153,(anonymous_8)
FN:173,(anonymous_9)
FNF:10
FNH:0
FNDA:0,main
FNDA:0,readSchedules
FNDA:0,updateScheduleStats
FNDA:0,(anonymous_3)
FNDA:0,startScheduleRunner
FNDA:0,(anonymous_5)
FNDA:0,(anonymous_6)
FNDA:0,(anonymous_7)
FNDA:0,(anonymous_8)
FNDA:0,(anonymous_9)
DA:11,0
DA:12,0
DA:13,0
DA:16,0
DA:35,0
DA:36,0
DA:37,0
DA:38,0
DA:39,0
DA:41,0
DA:43,0
DA:44,0
DA:55,0
DA:56,0
DA:59,0
DA:61,0
DA:87,0
DA:91,0
DA:94,0
DA:95,0
DA:96,0
DA:98,0
DA:103,0
DA:104,0
DA:105,0
DA:106,0
DA:107,0
DA:108,0
DA:109,0
DA:113,0
DA:115,0
DA:116,0
DA:117,0
DA:118,0
DA:119,0
DA:121,0
DA:123,0
DA:124,0
DA:125,0
DA:127,0
DA:128,0
DA:129,0
DA:130,0
DA:132,0
DA:134,0
DA:135,0
DA:136,0
DA:137,0
DA:141,0
DA:144,0
DA:145,0
DA:154,0
DA:155,0
DA:156,0
DA:162,0
DA:164,0
DA:165,0
DA:166,0
DA:170,0
DA:171,0
DA:173,0
DA:174,0
DA:177,0
DA:182,0
LF:64
LH:0
BRDA:22,0,0,0
BRDA:22,0,1,0
BRDA:32,1,0,0
BRDA:32,1,1,0
BRDA:87,2,0,0
BRDA:87,2,1,0
BRDA:87,3,0,0
BRDA:87,3,1,0
BRDA:94,4,0,0
BRDA:105,5,0,0
BRDA:106,6,0,0
BRDA:106,6,1,0
BRDA:119,7,0,0
BRDA:129,8,0,0
BRDA:129,8,1,0
BRDA:130,9,0,0
BRDA:130,10,0,0
BRDA:130,10,1,0
BRDA:144,11,0,0
BRDA:144,12,0,0
BRDA:144,12,1,0
BRDA:155,13,0,0
BRDA:155,13,1,0
BRDA:164,14,0,0
BRDA:164,14,1,0
BRDA:170,15,0,0
BRF:26
BRH:0
end_of_record
TN:
SF:src/slack.ts
FN:48,patchScheduleChannels
FN:66,isChannelEligibleForMemory
FN:70,isMemoryReadable
FN:74,triggerMemoryUpdate
FN:128,startSlackBot
FN:141,(anonymous_5)
FN:149,(anonymous_6)
FN:155,(anonymous_7)
FN:166,(anonymous_8)
FN:177,(anonymous_9)
FN:193,react
FN:195,(anonymous_11)
FN:197,unreact
FN:199,(anonymous_13)
FN:202,(anonymous_14)
FN:214,(anonymous_15)
FN:235,(anonymous_16)
FN:273,(anonymous_17)
FN:292,(anonymous_18)
FN:301,(anonymous_19)
FN:306,(anonymous_20)
FN:329,react
FN:331,(anonymous_22)
FN:333,unreact
FN:335,(anonymous_24)
FN:338,(anonymous_25)
FN:350,(anonymous_26)
FN:391,(anonymous_27)
FN:399,(anonymous_28)
FN:402,(anonymous_29)
FN:403,(anonymous_30)
FN:408,(anonymous_31)
FN:413,(anonymous_32)
FN:421,cachedLookup
FN:445,isExternalOrGuest
FN:466,resolveUserName
FN:467,(anonymous_36)
FN:473,resolveChannelName
FN:474,(anonymous_38)
FN:484,postAuditLog
FN:505,markdownToMrkdwn
FN:511,fetchThread
FN:525,(anonymous_42)
FN:525,(anonymous_43)
FN:529,(anonymous_44)
FN:535,(anonymous_45)
FN:558,downloadTextFile
FN:568,formatEta
FN:574,detectSkill
FNF:49
FNH:2
FNDA:0,patchScheduleChannels
FNDA:0,isChannelEligibleForMemory
FNDA:0,isMemoryReadable
FNDA:0,triggerMemoryUpdate
FNDA:0,startSlackBot
FNDA:0,(anonymous_5)
FNDA:0,(anonymous_6)
FNDA:0,(anonymous_7)
FNDA:0,(anonymous_8)
FNDA:0,(anonymous_9)
FNDA:0,react
FNDA:0,(anonymous_11)
FNDA:0,unreact
FNDA:0,(anonymous_13)
FNDA:0,(anonymous_14)
FNDA:0,(anonymous_15)
FNDA:0,(anonymous_16)
FNDA:0,(anonymous_17)
FNDA:0,(anonymous_18)
FNDA:0,(anonymous_19)
FNDA:0,(anonymous_20)
FNDA:0,react
FNDA:0,(anonymous_22)
FNDA:0,unreact
FNDA:0,(anonymous_24)
FNDA:0,(anonymous_25)
FNDA:0,(anonymous_26)
FNDA:0,(anonymous_27)
FNDA:0,(anonymous_28)
FNDA:0,(anonymous_29)
FNDA:0,(anonymous_30)
FNDA:0,(anonymous_31)
FNDA:0,(anonymous_32)
FNDA:0,cachedLookup
FNDA:0,isExternalOrGuest
FNDA:0,resolveUserName
FNDA:0,(anonymous_36)
FNDA:0,resolveChannelName
FNDA:0,(anonymous_38)
FNDA:0,postAuditLog
FNDA:6,markdownToMrkdwn
FNDA:0,fetchThread
FNDA:0,(anonymous_42)
FNDA:0,(anonymous_43)
FNDA:0,(anonymous_44)
FNDA:0,(anonymous_45)
FNDA:0,downloadTextFile
FNDA:0,formatEta
FNDA:6,detectSkill
DA:22,1
DA:32,1
DA:33,1
DA:35,1
DA:37,1
DA:38,1
DA:39,1
DA:44,1
DA:49,0
DA:50,0
DA:51,0
DA:52,0
DA:53,0
DA:54,0
DA:55,0
DA:56,0
DA:57,0
DA:60,0
DA:62,0
DA:67,0
DA:71,0
DA:81,0
DA:82,0
DA:88,0
DA:89,0
DA:90,0
DA:93,0
DA:100,0
DA:102,0
DA:103,0
DA:109,0
DA:110,0
DA:111,0
DA:112,0
DA:113,0
DA:118,0
DA:120,0
DA:121,0
DA:124,0
DA:129,0
DA:136,0
DA:137,0
DA:138,0
DA:141,0
DA:142,0
DA:143,0
DA:144,0
DA:145,0
DA:149,0
DA:153,0
DA:155,0
DA:156,0
DA:157,0
DA:158,0
DA:159,0
DA:160,0
DA:161,0
DA:162,0
DA:163,0
DA:166,0
DA:167,0
DA:168,0
DA:169,0
DA:170,0
DA:171,0
DA:172,0
DA:173,0
DA:174,0
DA:177,0
DA:178,0
DA:179,0
DA:181,0
DA:182,0
DA:183,0
DA:186,0
DA:190,0
DA:191,0
DA:194,0
DA:195,0
DA:198,0
DA:199,0
DA:202,0
DA:203,0
DA:205,0
DA:206,0
DA:207,0
DA:210,0
DA:213,0
DA:215,0
DA:216,0
DA:219,0
DA:221,0
DA:222,0
DA:229,0
DA:230,0
DA:231,0
DA:234,0
DA:235,0
DA:236,0
DA:240,0
DA:241,0
DA:242,0
DA:243,0
DA:244,0
DA:245,0
DA:246,0
DA:264,0
DA:267,0
DA:268,0
DA:271,0
DA:272,0
DA:273,0
DA:277,0
DA:278,0
DA:279,0
DA:280,0
DA:281,0
DA:282,0
DA:283,0
DA:287,0
DA:288,0
DA:292,0
DA:293,0
DA:294,0
DA:295,0
DA:296,0
DA:297,0
DA:299,0
DA:300,0
DA:301,0
DA:306,0
DA:307,0
DA:308,0
DA:309,0
DA:310,0
DA:312,0
DA:313,0
DA:314,0
DA:315,0
DA:318,0
DA:319,0
DA:320,0
DA:323,0
DA:324,0
DA:325,0
DA:326,0
DA:327,0
DA:330,0
DA:331,0
DA:334,0
DA:335,0
DA:338,0
DA:339,0
DA:341,0
DA:342,0
DA:343,0
DA:346,0
DA:349,0
DA:351,0
DA:352,0
DA:355,0
DA:357,0
DA:358,0
DA:359,0
DA:360,0
DA:361,0
DA:364,0
DA:365,0
DA:366,0
DA:367,0
DA:368,0
DA:369,0
DA:370,0
DA:382,0
DA:385,0
DA:386,0
DA:389,0
DA:390,0
DA:391,0
DA:395,0
DA:396,0
DA:399,0
DA:400,0
DA:401,0
DA:402,0
DA:403,0
DA:404,0
DA:406,0
DA:407,0
DA:408,0
DA:413,0
DA:414,0
DA:417,0
DA:418,0
DA:425,0
DA:426,0
DA:428,0
DA:429,0
DA:430,0
DA:431,0
DA:433,0
DA:442,1
DA:443,1
DA:446,0
DA:447,0
DA:449,0
DA:450,0
DA:451,0
DA:452,0
DA:453,0
DA:456,0
DA:457,0
DA:459,0
DA:461,0
DA:462,0
DA:467,0
DA:468,0
DA:469,0
DA:474,0
DA:475,0
DA:476,0
DA:491,0
DA:495,0
DA:498,0
DA:499,0
DA:506,6
DA:516,0
DA:522,0
DA:524,0
DA:525,0
DA:527,0
DA:528,0
DA:530,0
DA:534,0
DA:536,0
DA:537,0
DA:538,0
DA:540,0
DA:541,0
DA:542,0
DA:543,0
DA:544,0
DA:545,0
DA:546,0
DA:551,0
DA:555,0
DA:559,0
DA:560,0
DA:561,0
DA:562,0
DA:564,0
DA:569,0
DA:570,0
DA:571,0
DA:575,6
DA:576,6
DA:577,6
DA:578,3
DA:579,2
DA:580,2
DA:581,2
DA:582,2
DA:583,2
DA:584,2
DA:585,2
DA:586,2
DA:587,2
DA:588,2
LF:268
LH:25
BRDA:44,0,0,0
BRDA:44,0,1,1
BRDA:44,1,0,1
BRDA:44,1,1,0
BRDA:49,2,0,0
BRDA:53,3,0,0
BRDA:53,3,1,0
BRDA:54,4,0,0
BRDA:60,5,0,0
BRDA:67,6,0,0
BRDA:67,6,1,0
BRDA:67,6,2,0
BRDA:71,7,0,0
BRDA:71,7,1,0
BRDA:88,8,0,0
BRDA:88,9,0,0
BRDA:88,9,1,0
BRDA:109,10,0,0
BRDA:111,11,0,0
BRDA:118,12,0,0
BRDA:143,13,0,0
BRDA:160,14,0,0
BRDA:171,15,0,0
BRDA:178,16,0,0
BRDA:178,16,1,0
BRDA:181,17,0,0
BRDA:181,18,0,0
BRDA:181,18,1,0
BRDA:187,19,0,0
BRDA:187,19,1,0
BRDA:195,20,0,0
BRDA:195,21,0,0
BRDA:195,21,1,0
BRDA:199,22,0,0
BRDA:199,23,0,0
BRDA:199,23,1,0
BRDA:206,24,0,0
BRDA:210,25,0,0
BRDA:210,25,1,0
BRDA:211,26,0,0
BRDA:211,26,1,0
BRDA:211,27,0,0
BRDA:211,27,1,0
BRDA:211,27,2,0
BRDA:213,28,0,0
BRDA:213,28,1,0
BRDA:219,29,0,0
BRDA:219,29,1,0
BRDA:224,30,0,0
BRDA:224,30,1,0
BRDA:226,31,0,0
BRDA:226,31,1,0
BRDA:230,32,0,0
BRDA:234,33,0,0
BRDA:234,34,0,0
BRDA:234,34,1,0
BRDA:241,35,0,0
BRDA:241,35,1,0
BRDA:243,36,0,0
BRDA:243,36,1,0
BRDA:271,37,0,0
BRDA:277,38,0,0
BRDA:277,38,1,0
BRDA:279,39,0,0
BRDA:282,40,0,0
BRDA:282,40,1,0
BRDA:287,41,0,0
BRDA:293,42,0,0
BRDA:293,42,1,0
BRDA:299,43,0,0
BRDA:308,44,0,0
BRDA:309,45,0,0
BRDA:310,46,0,0
BRDA:310,47,0,0
BRDA:310,47,1,0
BRDA:312,48,0,0
BRDA:318,49,0,0
BRDA:324,50,0,0
BRDA:324,50,1,0
BRDA:331,51,0,0
BRDA:331,52,0,0
BRDA:331,52,1,0
BRDA:335,53,0,0
BRDA:335,54,0,0
BRDA:335,54,1,0
BRDA:342,55,0,0
BRDA:346,56,0,0
BRDA:346,56,1,0
BRDA:347,57,0,0
BRDA:347,57,1,0
BRDA:347,58,0,0
BRDA:347,58,1,0
BRDA:349,59,0,0
BRDA:349,59,1,0
BRDA:355,60,0,0
BRDA:355,60,1,0
BRDA:358,61,0,0
BRDA:358,61,1,0
BRDA:360,62,0,0
BRDA:365,63,0,0
BRDA:365,63,1,0
BRDA:367,64,0,0
BRDA:367,64,1,0
BRDA:389,65,0,0
BRDA:395,66,0,0
BRDA:400,67,0,0
BRDA:400,67,1,0
BRDA:406,68,0,0
BRDA:426,69,0,0
BRDA:447,70,0,0
BRDA:447,71,0,0
BRDA:447,71,1,0
BRDA:452,72,0,0
BRDA:452,72,1,0
BRDA:452,72,2,0
BRDA:456,73,0,0
BRDA:456,73,1,0
BRDA:457,74,0,0
BRDA:469,75,0,0
BRDA:469,75,1,0
BRDA:469,75,2,0
BRDA:476,76,0,0
BRDA:476,76,1,0
BRDA:495,77,0,0
BRDA:495,77,1,0
BRDA:498,78,0,0
BRDA:498,78,1,0
BRDA:522,79,0,0
BRDA:522,79,1,0
BRDA:536,80,0,0
BRDA:536,80,1,0
BRDA:536,81,0,0
BRDA:536,81,1,0
BRDA:537,82,0,0
BRDA:537,82,1,0
BRDA:538,83,0,0
BRDA:538,83,1,0
BRDA:540,84,0,0
BRDA:540,84,1,0
BRDA:542,85,0,0
BRDA:542,85,1,0
BRDA:543,86,0,0
BRDA:543,87,0,0
BRDA:543,87,1,0
BRDA:545,88,0,0
BRDA:561,89,0,0
BRDA:569,90,0,0
BRDA:576,91,0,0
BRDA:577,92,0,3
BRDA:577,93,0,6
BRDA:577,93,1,4
BRDA:577,93,2,2
BRDA:578,94,0,1
BRDA:578,95,0,3
BRDA:578,95,1,2
BRDA:578,95,2,0
BRDA:579,96,0,0
BRDA:580,97,0,0
BRDA:580,98,0,2
BRDA:580,98,1,2
BRDA:581,99,0,0
BRDA:582,100,0,0
BRDA:582,101,0,2
BRDA:582,101,1,2
BRDA:582,101,2,2
BRDA:583,102,0,0
BRDA:584,103,0,0
BRDA:584,104,0,2
BRDA:584,104,1,2
BRDA:584,104,2,2
BRDA:584,104,3,2
BRDA:585,105,0,0
BRDA:586,106,0,0
BRDA:586,107,0,2
BRDA:586,107,1,2
BRDA:586,107,2,2
BRDA:587,108,0,0
BRDA:587,109,0,2
BRDA:587,109,1,2
BRDA:587,109,2,2
BRDA:587,109,3,2
BRF:181
BRH:25
end_of_record
TN:
SF:src/controllers/routes.ts
FN:5,setupRouter
FNF:1
FNH:1
FNDA:1,setupRouter
DA:6,1
DA:8,1
LF:2
LH:2
BRF:0
BRH:0
end_of_record
TN:
SF:src/tools/read-slack-thread.ts
FN:10,parseSlackUrl
FN:41,resolveUserNames
FN:47,(anonymous_2)
FN:59,formatMessages
FN:64,(anonymous_4)
FN:74,createSlackTools
FN:89,(anonymous_6)
FN:142,(anonymous_7)
FN:143,(anonymous_8)
FNF:9
FNH:9
FNDA:6,parseSlackUrl
FNDA:3,resolveUserNames
FNDA:4,(anonymous_2)
FNDA:3,formatMessages
FNDA:6,(anonymous_4)
FNDA:8,createSlackTools
FNDA:7,(anonymous_6)
FNDA:6,(anonymous_7)
FNDA:6,(anonymous_8)
DA:5,2
DA:8,2
DA:13,6
DA:14,6
DA:15,3
DA:18,2
DA:45,3
DA:46,3
DA:48,4
DA:49,4
DA:50,4
DA:52,0
DA:56,3
DA:63,3
DA:65,6
DA:66,6
DA:69,6
DA:75,8
DA:93,7
DA:94,2
DA:95,2
DA:96,1
DA:106,1
DA:107,1
DA:108,5
DA:109,4
DA:110,4
DA:112,1
DA:123,5
DA:125,5
DA:126,5
DA:132,3
DA:135,3
DA:139,3
DA:142,6
DA:143,6
DA:146,3
DA:147,3
DA:150,3
DA:154,3
DA:159,2
DA:160,2
DA:169,2
DA:170,2
DA:178,8
LF:45
LH:44
BRDA:14,0,0,3
BRDA:50,1,0,4
BRDA:50,1,1,0
BRDA:50,1,2,0
BRDA:65,2,0,6
BRDA:65,2,1,0
BRDA:65,3,0,6
BRDA:65,3,1,0
BRDA:66,4,0,6
BRDA:66,4,1,0
BRDA:69,5,0,6
BRDA:69,5,1,0
BRDA:93,6,0,2
BRDA:93,6,1,5
BRDA:95,7,0,1
BRDA:108,8,0,4
BRDA:108,8,1,1
BRDA:108,9,0,5
BRDA:108,9,1,4
BRDA:123,10,0,5
BRDA:123,10,1,4
BRDA:132,11,0,3
BRDA:132,11,1,0
BRDA:135,12,0,1
BRDA:135,12,1,2
BRDA:150,13,0,1
BRDA:150,13,1,2
BRDA:159,14,0,2
BRDA:159,14,1,0
BRDA:159,14,2,0
BRDA:169,15,0,2
BRDA:169,15,1,0
BRF:32
BRH:22
end_of_record
